#
# A fatal error has been detected by the Java Runtime Environment:
#
#  EXCEPTION_ACCESS_VIOLATION (0xc0000005) at pc=0x00007ff8602ae9ec, pid=89084, tid=89364
#
# JRE version: Java(TM) SE Runtime Environment (11.0.6+8) (build 11.0.6+8-LTS)
# Java VM: Java HotSpot(TM) 64-Bit Server VM (11.0.6+8-LTS, mixed mode, tiered, compressed oops, g1 gc, windows-amd64)
# Problematic frame:
# V  [jvm.dll+0x3de9ec]
#
# No core dump will be written. Minidumps are not enabled by default on client versions of Windows
#
# If you would like to submit a bug report, please visit:
#   http://bugreport.java.com/bugreport/crash.jsp
#

---------------  S U M M A R Y ------------

Command Line: --add-modules=javafx.base,javafx.graphics --add-reads=javafx.base=ALL-UNNAMED --add-reads=javafx.graphics=ALL-UNNAMED -javaagent:A:\Programme\IntelliJ IDEA 2019.3.3\lib\idea_rt.jar=51359:A:\Programme\IntelliJ IDEA 2019.3.3\bin -Dfile.encoding=UTF-8 --module-path=C:\Users\Ali S\.m2\repository\org\openjfx\javafx-base\12\javafx-base-12-win.jar;C:\Users\Ali S\.m2\repository\org\openjfx\javafx-graphics\12\javafx-graphics-12-win.jar;A:\AIUS\Project_AIUS\target\classes;C:\Users\Ali S\.m2\repository\org\openjfx\javafx-web\12\javafx-web-12.jar;C:\Users\Ali S\.m2\repository\org\openjfx\javafx-web\12\javafx-web-12-win.jar;C:\Users\Ali S\.m2\repository\org\openjfx\javafx-media\12\javafx-media-12.jar;C:\Users\Ali S\.m2\repository\org\openjfx\javafx-media\12\javafx-media-12-win.jar;C:\Users\Ali S\.m2\repository\org\openjfx\javafx-graphics\12\javafx-graphics-12.jar;C:\Users\Ali S\.m2\repository\org\openjfx\javafx-base\12\javafx-base-12.jar;C:\Users\Ali S\.m2\repository\org\openjfx\javafx-controls\12\javafx-controls-12.jar;C:\Users\Ali S\.m2\repository\org\openjfx\javafx-controls\12\javafx-controls-12-win.jar;C:\Users\Ali S\.m2\repository\org\openjfx\javafx-fxml\12\javafx-fxml-12.jar;C:\Users\Ali S\.m2\repository\org\openjfx\javafx-fxml\12\javafx-fxml-12-win.jar;C:\Users\Ali S\.m2\repository\com\jfoenix\jfoenix\9.0.9\jfoenix-9.0.9.jar;C:\Users\Ali S\.m2\repository\org\kordamp\ikonli\ikonli-elusive-pack\11.0.2\ikonli-elusive-pack-11.0.2.jar;C:\Users\Ali S\.m2\repository\org\kordamp\ikonli\ikonli-core\11.0.2\ikonli-core-11.0.2.jar;C:\Users\Ali S\.m2\repository\org\kordamp\ikonli\ikonli-javafx\11.3.5\ikonli-javafx-11.3.5.jar;C:\Users\Ali S\.m2\repository\org\kordamp\ikonli\ikonli-entypo-pack\11.3.5\ikonli-entypo-pack-11.3.5.jar;C:\Users\Ali S\.m2\repository\eu\hansolo\medusa\11.2\Medusa-11.2.jar;C:\Users\Ali S\.m2\repository\eu\hansolo\tilesfx\11.31\tilesfx-11.31.jar;C:\Users\Ali S\.m2\repository\com\googlecode\json-simple\json-simple\1.1.1\json-simple-1.1.1.jar;C:\Users\Ali S\.m2\repository\junit\junit\4.10\junit-4.10.jar;C:\Users\Ali S\.m2\repository\com\github\oshi\oshi-core\4.4.2\oshi-core-4.4.2.jar;C:\Users\Ali S\.m2\repository\net\java\dev\jna\jna\5.5.0\jna-5.5.0.jar;C:\Users\Ali S\.m2\repository\net\java\dev\jna\jna-plat-Djdk.module.main=Project_AIUS Project_AIUS/Project_AIUS.application.APP

Host: Intel(R) Core(TM) i5-7300HQ CPU @ 2.50GHz, 4 cores, 7G,  Windows 10 , 64 bit Build 18362 (10.0.18362.329)
Time: Sun Mar  8 14:55:47 2020 Mitteleuropäische Zeit elapsed time: 15 seconds (0d 0h 0m 15s)

---------------  T H R E A D  ---------------

Current thread (0x0000019b4984c800):  JavaThread "JavaFX Application Thread" [_thread_in_vm, id=89364, stack(0x000000212d600000,0x000000212d700000)]

Stack: [0x000000212d600000,0x000000212d700000],  sp=0x000000212d6f8dc0,  free space=995k
Native frames: (J=compiled Java code, j=interpreted, Vv=VM code, C=native code)
V  [jvm.dll+0x3de9ec]
C  0x00007ff8520b3f4c

Java frames: (J=compiled Java code, j=interpreted, Vv=VM code)
J 6133  com.sun.webkit.Timer.twkFireTimerEvent()V javafx.web (0 bytes) @ 0x0000019b39caa3fe [0x0000019b39caa3c0+0x000000000000003e]
J 6132 c1 com.sun.webkit.Timer.fireTimerEvent(J)V javafx.web (65 bytes) @ 0x0000019b330ac41c [0x0000019b330abfe0+0x000000000000043c]
J 6131 c1 com.sun.webkit.Timer.notifyTick()V javafx.web (29 bytes) @ 0x0000019b330abacc [0x0000019b330ab860+0x000000000000026c]
J 6129 c1 javafx.scene.web.WebEngine$PulseTimer$$Lambda$643.run()V javafx.web (4 bytes) @ 0x0000019b330aaf34 [0x0000019b330aade0+0x0000000000000154]
J 4890 c1 com.sun.javafx.application.PlatformImpl$$Lambda$115.run()Ljava/lang/Object; javafx.graphics (8 bytes) @ 0x0000019b32a19514 [0x0000019b32a193e0+0x0000000000000134]
v  ~StubRoutines::call_stub
J 3052  java.security.AccessController.doPrivileged(Ljava/security/PrivilegedAction;Ljava/security/AccessControlContext;)Ljava/lang/Object; java.base@11.0.6 (0 bytes) @ 0x0000019b39b3d5a6 [0x0000019b39b3d540+0x0000000000000066]
J 4887 c1 com.sun.javafx.application.PlatformImpl.lambda$runLater$11(Ljava/lang/Runnable;Ljava/security/AccessControlContext;)V javafx.graphics (38 bytes) @ 0x0000019b32ade144 [0x0000019b32adddc0+0x0000000000000384]
J 4886 c1 com.sun.javafx.application.PlatformImpl$$Lambda$114.run()V javafx.graphics (12 bytes) @ 0x0000019b328865bc [0x0000019b32886540+0x000000000000007c]
J 4529 c1 com.sun.glass.ui.InvokeLaterDispatcher$Future.run()V javafx.graphics (91 bytes) @ 0x0000019b324f5204 [0x0000019b324f5100+0x0000000000000104]
v  ~StubRoutines::call_stub
j  com.sun.glass.ui.win.WinApplication._runLoop(Ljava/lang/Runnable;)V+0 javafx.graphics
j  com.sun.glass.ui.win.WinApplication.lambda$runLoop$3(ILjava/lang/Runnable;)V+8 javafx.graphics
j  com.sun.glass.ui.win.WinApplication$$Lambda$103.run()V+12 javafx.graphics
j  java.lang.Thread.run()V+11 java.base@11.0.6
v  ~StubRoutines::call_stub

siginfo: EXCEPTION_ACCESS_VIOLATION (0xc0000005), reading address 0x0000000000000000


Register to memory mapping:

RIP=0x00007ff8602ae9ec jvm.dll
RAX=0x0 is NULL
RBX=0x0000019b4984c800 is a thread
RCX=0x57b33a196dfc0000 is an unknown value
RDX=0x0000000000000006 is an unknown value
RSP=0x000000212d6f8dc0 is pointing into the stack for thread: 0x0000019b4984c800
RBP=0x0000019b4984cb40 points into unknown readable memory: 90 5d 8c 60 f8 7f 00 00
RSI=0x000000212d6f9100 is pointing into the stack for thread: 0x0000019b4984c800
RDI=0x0000019b4984c800 is a thread
R8 =0x0 is NULL
R9 =0x000000212d6f8ed8 is pointing into the stack for thread: 0x0000019b4984c800
R10=0x0000000000008000 is an unknown value
R11=0x000000212d6f8db8 is pointing into the stack for thread: 0x0000019b4984c800
R12=0x0000019ba0340218 is a global jni handle
R13=0x0000000000000007 is an unknown value
R14=0x0 is NULL
R15=0x000000212d6f8ed8 is pointing into the stack for thread: 0x0000019b4984c800


Registers:
RAX=0x0000000000000000, RBX=0x0000019b4984c800, RCX=0x57b33a196dfc0000, RDX=0x0000000000000006
RSP=0x000000212d6f8dc0, RBP=0x0000019b4984cb40, RSI=0x000000212d6f9100, RDI=0x0000019b4984c800
R8 =0x0000000000000000, R9 =0x000000212d6f8ed8, R10=0x0000000000008000, R11=0x000000212d6f8db8
R12=0x0000019ba0340218, R13=0x0000000000000007, R14=0x0000000000000000, R15=0x000000212d6f8ed8
RIP=0x00007ff8602ae9ec, EFLAGS=0x0000000000010202

Top of Stack: (sp=0x000000212d6f8dc0)
0x000000212d6f8dc0:   0000019b4984c800 000000212d6f9100
0x000000212d6f8dd0:   0000002100000535 0000019b282c0000
0x000000212d6f8de0:   000000212d6f8ea0 0000000000000000
0x000000212d6f8df0:   0000000000000000 00007ff852c41659
0x000000212d6f8e00:   000000212d6f8ee0 00007ff8a4eb14cb
0x000000212d6f8e10:   0000019b4984c800 0000019b494db750
0x000000212d6f8e20:   0000002100000535 00007ff860763af8
0x000000212d6f8e30:   0000000000000000 00007ff8520da6b0
0x000000212d6f8e40:   000000212d6f8ee0 0000000000000000
0x000000212d6f8e50:   0000000000000000 0000019b4984c800
0x000000212d6f8e60:   0000000000000000 0000000000000000
0x000000212d6f8e70:   000000212d6f9110 000000212d6f9ae8
0x000000212d6f8e80:   000000212d6f9ae8 00007ff8520b3f4c
0x000000212d6f8e90:   0000019b59528250 0000000000000000
0x000000212d6f8ea0:   000000212d6f9110 0000019b4984cb40
0x000000212d6f8eb0:   0000000000000000 00007ff8520d9ef2 

Instructions: (pc=0x00007ff8602ae9ec)
0x00007ff8602ae9cc:   ff 48 83 7f 08 00 48 89 7c 24 50 48 c7 44 24 58
0x00007ff8602ae9dc:   00 00 00 00 74 0a 48 8d 4c 24 50 e8 b4 b4 28 00
0x00007ff8602ae9ec:   49 8b 06 48 8d 4c 24 70 c7 44 24 40 07 00 00 00
0x00007ff8602ae9fc:   48 8b 50 08 0f b7 42 2c 48 8b 52 08 48 8b 54 c2 


Stack slot to memory mapping:
stack at sp + 0 slots: 0x0000019b4984c800 is a thread
stack at sp + 1 slots: 0x000000212d6f9100 is pointing into the stack for thread: 0x0000019b4984c800
stack at sp + 2 slots: 0x0000002100000535 is an unknown value
stack at sp + 3 slots: 0x0000019b282c0000 points into unknown readable memory: 00 00 00 00 00 00 00 00
stack at sp + 4 slots: 0x000000212d6f8ea0 is pointing into the stack for thread: 0x0000019b4984c800
stack at sp + 5 slots: 0x0 is NULL
stack at sp + 6 slots: 0x0 is NULL
stack at sp + 7 slots: 0x00007ff852c41659 points into unknown readable memory: 48 8b 74 24 48 49 89


---------------  P R O C E S S  ---------------

Threads class SMR info:
_java_thread_list=0x0000019ba9ada3e0, length=44, elements={
0x0000019b283ed800, 0x0000019b486c9800, 0x0000019b486cb000, 0x0000019b49082800,
0x0000019b486e3800, 0x0000019b486e4800, 0x0000019b486e8000, 0x0000019b486ec000,
0x0000019b491e9000, 0x0000019b495f7800, 0x0000019b495f8800, 0x0000019b49c37800,
0x0000019b4984b800, 0x0000019b4984c800, 0x0000019b4a33f800, 0x0000019b4a41f800,
0x0000019b4a5e1800, 0x0000019b49ef5000, 0x0000019b4ad1a000, 0x0000019b4a678800,
0x0000019b4a679800, 0x0000019b4a677800, 0x0000019b4a675800, 0x0000019b4a677000,
0x0000019b4a676000, 0x0000019b4a67a000, 0x0000019b4a674800, 0x0000019b4a67b000,
0x0000019b59f27000, 0x0000019b59f21000, 0x0000019b59f24800, 0x0000019b59f22000,
0x0000019b59f25800, 0x0000019b59f28800, 0x0000019b59f2a000, 0x0000019b59f2c000,
0x0000019b59f23000, 0x0000019b59f2b000, 0x0000019b59f2c800, 0x0000019b9ff28800,
0x0000019b9ff2b000, 0x0000019b9ff29800, 0x0000019b9ff2c000, 0x0000019b9ff26000
}

Java Threads: ( => current thread )
  0x0000019b283ed800 JavaThread "main" [_thread_blocked, id=89180, stack(0x000000212bf00000,0x000000212c000000)]
  0x0000019b486c9800 JavaThread "Reference Handler" daemon [_thread_blocked, id=89228, stack(0x000000212c600000,0x000000212c700000)]
  0x0000019b486cb000 JavaThread "Finalizer" daemon [_thread_blocked, id=89232, stack(0x000000212c700000,0x000000212c800000)]
  0x0000019b49082800 JavaThread "Signal Dispatcher" daemon [_thread_blocked, id=89192, stack(0x000000212c800000,0x000000212c900000)]
  0x0000019b486e3800 JavaThread "Attach Listener" daemon [_thread_blocked, id=89188, stack(0x000000212c900000,0x000000212ca00000)]
  0x0000019b486e4800 JavaThread "C2 CompilerThread0" daemon [_thread_blocked, id=89260, stack(0x000000212ca00000,0x000000212cb00000)]
  0x0000019b486e8000 JavaThread "C1 CompilerThread0" daemon [_thread_blocked, id=89256, stack(0x000000212cb00000,0x000000212cc00000)]
  0x0000019b486ec000 JavaThread "Sweeper thread" daemon [_thread_blocked, id=89252, stack(0x000000212cc00000,0x000000212cd00000)]
  0x0000019b491e9000 JavaThread "Common-Cleaner" daemon [_thread_blocked, id=89248, stack(0x000000212cd00000,0x000000212ce00000)]
  0x0000019b495f7800 JavaThread "Monitor Ctrl-Break" daemon [_thread_in_native, id=89276, stack(0x000000212cf00000,0x000000212d000000)]
  0x0000019b495f8800 JavaThread "Service Thread" daemon [_thread_blocked, id=89280, stack(0x000000212d000000,0x000000212d100000)]
  0x0000019b49c37800 JavaThread "QuantumRenderer-0" daemon [_thread_blocked, id=89312, stack(0x000000212d400000,0x000000212d500000)]
  0x0000019b4984b800 JavaThread "InvokeLaterDispatcher" daemon [_thread_blocked, id=89336, stack(0x000000212ce00000,0x000000212cf00000)]
=>0x0000019b4984c800 JavaThread "JavaFX Application Thread" [_thread_in_vm, id=89364, stack(0x000000212d600000,0x000000212d700000)]
  0x0000019b4a33f800 JavaThread "Thread-1" daemon [_thread_blocked, id=89408, stack(0x000000212db00000,0x000000212dc00000)]
  0x0000019b4a41f800 JavaThread "JavaFX-Launcher" [_thread_blocked, id=89404, stack(0x000000212dc00000,0x000000212dd00000)]
  0x0000019b4a5e1800 JavaThread "Prism Font Disposer" daemon [_thread_blocked, id=89436, stack(0x000000212dd00000,0x000000212de00000)]
  0x0000019b49ef5000 JavaThread "pool-2-thread-1" [_thread_blocked, id=89452, stack(0x000000212e000000,0x000000212e100000)]
  0x0000019b4ad1a000 JavaThread "ClockTick" daemon [_thread_blocked, id=89448, stack(0x000000212e100000,0x000000212e200000)]
  0x0000019b4a678800 JavaThread "Cleaner-0" daemon [_thread_blocked, id=89500, stack(0x000000212e900000,0x000000212ea00000)]
  0x0000019b4a679800 JavaThread "pool-3-thread-1" [_thread_blocked, id=89664, stack(0x000000212ea00000,0x000000212eb00000)]
  0x0000019b4a677800 JavaThread "Disposer" daemon [_thread_blocked, id=89660, stack(0x000000212eb00000,0x000000212ec00000)]
  0x0000019b4a675800 JavaThread "URL-Loader-1" daemon [_thread_blocked, id=89656, stack(0x000000212ec00000,0x000000212ed00000)]
  0x0000019b4a677000 JavaThread "URL-Loader-2" daemon [_thread_blocked, id=89708, stack(0x000000212f300000,0x000000212f400000)]
  0x0000019b4a676000 JavaThread "URL-Loader-3" daemon [_thread_blocked, id=89704, stack(0x000000212f400000,0x000000212f500000)]
  0x0000019b4a67a000 JavaThread "URL-Loader-4" daemon [_thread_blocked, id=89700, stack(0x000000212f500000,0x000000212f600000)]
  0x0000019b4a674800 JavaThread "URL-Loader-5" daemon [_thread_blocked, id=89712, stack(0x000000212f600000,0x000000212f700000)]
  0x0000019b4a67b000 JavaThread "URL-Loader-6" daemon [_thread_blocked, id=89724, stack(0x000000212f800000,0x000000212f900000)]
  0x0000019b59f27000 JavaThread "URL-Loader-7" daemon [_thread_blocked, id=89728, stack(0x000000212f900000,0x000000212fa00000)]
  0x0000019b59f21000 JavaThread "URL-Loader-8" daemon [_thread_blocked, id=89692, stack(0x000000212fa00000,0x000000212fb00000)]
  0x0000019b59f24800 JavaThread "Keep-Alive-Timer" daemon [_thread_blocked, id=89744, stack(0x000000212fb00000,0x000000212fc00000)]
  0x0000019b59f22000 JavaThread "URL-Loader-9" daemon [_thread_blocked, id=89760, stack(0x000000212fc00000,0x000000212fd00000)]
  0x0000019b59f25800 JavaThread "URL-Loader-10" daemon [_thread_blocked, id=89756, stack(0x000000212fd00000,0x000000212fe00000)]
  0x0000019b59f28800 JavaThread "URL-Loader-11" daemon [_thread_blocked, id=89736, stack(0x000000212fe00000,0x000000212ff00000)]
  0x0000019b59f2a000 JavaThread "URL-Loader-12" daemon [_thread_blocked, id=89784, stack(0x000000212ff00000,0x0000002130000000)]
  0x0000019b59f2c000 JavaThread "URL-Loader-13" daemon [_thread_blocked, id=89804, stack(0x0000002130000000,0x0000002130100000)]
  0x0000019b59f23000 JavaThread "URL-Loader-14" daemon [_thread_blocked, id=89812, stack(0x000000212e500000,0x000000212e600000)]
  0x0000019b59f2b000 JavaThread "URL-Loader-15" daemon [_thread_blocked, id=89816, stack(0x0000002130200000,0x0000002130300000)]
  0x0000019b59f2c800 JavaThread "Thread-6" daemon [_thread_in_native, id=89780, stack(0x0000002130300000,0x0000002130400000)]
  0x0000019b9ff28800 JavaThread "URL-Loader-16" daemon [_thread_blocked, id=89776, stack(0x0000002130400000,0x0000002130500000)]
  0x0000019b9ff2b000 JavaThread "URL-Loader-17" daemon [_thread_blocked, id=89844, stack(0x0000002130600000,0x0000002130700000)]
  0x0000019b9ff29800 JavaThread "URL-Loader-18" daemon [_thread_blocked, id=89840, stack(0x0000002130700000,0x0000002130800000)]
  0x0000019b9ff2c000 JavaThread "URL-Loader-19" daemon [_thread_blocked, id=89836, stack(0x0000002130800000,0x0000002130900000)]
  0x0000019b9ff26000 JavaThread "URL-Loader-20" daemon [_thread_in_native, id=89856, stack(0x0000002130900000,0x0000002130a00000)]

Other Threads:
  0x0000019b486c7000 VMThread "VM Thread" [stack: 0x000000212c500000,0x000000212c600000] [id=89212]
  0x0000019b4969a000 WatcherThread [stack: 0x000000212d100000,0x000000212d200000] [id=89244]
  0x0000019b28404800 GCTaskThread "GC Thread#0" [stack: 0x000000212c000000,0x000000212c100000] [id=89144]
  0x0000019b4985e800 GCTaskThread "GC Thread#1" [stack: 0x000000212d200000,0x000000212d300000] [id=89240]
  0x0000019b4985f000 GCTaskThread "GC Thread#2" [stack: 0x000000212d300000,0x000000212d400000] [id=89304]
  0x0000019b57f27800 GCTaskThread "GC Thread#3" [stack: 0x000000212df00000,0x000000212e000000] [id=89456]
  0x0000019b28433800 ConcurrentGCThread "G1 Main Marker" [stack: 0x000000212c100000,0x000000212c200000] [id=89208]
  0x0000019b28435000 ConcurrentGCThread "G1 Conc#0" [stack: 0x000000212c200000,0x000000212c300000] [id=89204]
  0x0000019b48510800 ConcurrentGCThread "G1 Refine#0" [stack: 0x000000212c300000,0x000000212c400000] [id=89196]
  0x0000019b5977b000 ConcurrentGCThread "G1 Refine#1" [stack: 0x0000002130100000,0x0000002130200000] [id=89792]
  0x0000019b48511000 ConcurrentGCThread "G1 Young RemSet Sampling" [stack: 0x000000212c400000,0x000000212c500000] [id=89216]

Threads with active compile tasks:
C2 CompilerThread06279       4       java.util.Collections$UnmodifiableCollection::iterator (9 bytes)
C1 CompilerThread06280       3       java.math.BigInteger::add (215 bytes)

VM state:synchronizing (normal execution)

VM Mutex/Monitor currently owned by a thread:  ([mutex/lock_event])
[0x0000019b283ebf90] Threads_lock - owner thread: 0x0000019b486c7000

Heap address: 0x0000000081c00000, size: 2020 MB, Compressed Oops mode: 32-bit
Narrow klass base: 0x0000000000000000, Narrow klass shift: 3
Compressed class space size: 1073741824 Address: 0x0000000100000000

Heap:
 garbage-first heap   total 131072K, used 75580K [0x0000000081c00000, 0x0000000100000000)
  region size 1024K, 8 young (8192K), 2 survivors (2048K)
 Metaspace       used 38722K, capacity 40341K, committed 40572K, reserved 1083392K
  class space    used 4947K, capacity 5637K, committed 5760K, reserved 1048576K
Heap Regions: E=young(eden), S=young(survivor), O=old, HS=humongous(starts), HC=humongous(continues), CS=collection set, F=free, A=archive, TAMS=top-at-mark-start (previous, next)
|   0|0x0000000081c00000, 0x0000000081d00000, 0x0000000081d00000|100%| O|  |TAMS 0x0000000081d00000, 0x0000000081c00000| Untracked 
|   1|0x0000000081d00000, 0x0000000081e00000, 0x0000000081e00000|100%|HS|  |TAMS 0x0000000081e00000, 0x0000000081d00000| Complete 
|   2|0x0000000081e00000, 0x0000000081f00000, 0x0000000081f00000|100%|HC|  |TAMS 0x0000000081f00000, 0x0000000081e00000| Complete 
|   3|0x0000000081f00000, 0x0000000082000000, 0x0000000082000000|100%| O|  |TAMS 0x0000000082000000, 0x0000000081f00000| Untracked 
|   4|0x0000000082000000, 0x0000000082100000, 0x0000000082100000|100%| O|  |TAMS 0x0000000082100000, 0x0000000082000000| Untracked 
|   5|0x0000000082100000, 0x0000000082200000, 0x0000000082200000|100%| O|  |TAMS 0x0000000082200000, 0x0000000082100000| Untracked 
|   6|0x0000000082200000, 0x0000000082300000, 0x0000000082300000|100%|HS|  |TAMS 0x0000000082200000, 0x0000000082200000| Complete 
|   7|0x0000000082300000, 0x0000000082400000, 0x0000000082400000|100%| O|  |TAMS 0x0000000082400000, 0x0000000082300000| Untracked 
|   8|0x0000000082400000, 0x0000000082500000, 0x0000000082500000|100%| O|  |TAMS 0x0000000082500000, 0x0000000082400000| Untracked 
|   9|0x0000000082500000, 0x0000000082600000, 0x0000000082600000|100%| O|  |TAMS 0x0000000082600000, 0x0000000082500000| Untracked 
|  10|0x0000000082600000, 0x0000000082700000, 0x0000000082700000|100%| O|  |TAMS 0x0000000082700000, 0x0000000082600000| Untracked 
|  11|0x0000000082700000, 0x0000000082800000, 0x0000000082800000|100%| O|  |TAMS 0x0000000082800000, 0x0000000082700000| Untracked 
|  12|0x0000000082800000, 0x0000000082900000, 0x0000000082900000|100%| O|  |TAMS 0x0000000082900000, 0x0000000082800000| Untracked 
|  13|0x0000000082900000, 0x0000000082a00000, 0x0000000082a00000|100%| O|  |TAMS 0x0000000082a00000, 0x0000000082900000| Untracked 
|  14|0x0000000082a00000, 0x0000000082b00000, 0x0000000082b00000|100%| O|  |TAMS 0x0000000082b00000, 0x0000000082a00000| Untracked 
|  15|0x0000000082b00000, 0x0000000082c00000, 0x0000000082c00000|100%| O|  |TAMS 0x0000000082c00000, 0x0000000082b00000| Untracked 
|  16|0x0000000082c00000, 0x0000000082d00000, 0x0000000082d00000|100%| O|  |TAMS 0x0000000082d00000, 0x0000000082c00000| Untracked 
|  17|0x0000000082d00000, 0x0000000082e00000, 0x0000000082e00000|100%|HS|  |TAMS 0x0000000082e00000, 0x0000000082d00000| Complete 
|  18|0x0000000082e00000, 0x0000000082f00000, 0x0000000082f00000|100%|HC|  |TAMS 0x0000000082f00000, 0x0000000082e00000| Complete 
|  19|0x0000000082f00000, 0x0000000083000000, 0x0000000083000000|100%|HS|  |TAMS 0x0000000082f00000, 0x0000000082f00000| Complete 
|  20|0x0000000083000000, 0x0000000083100000, 0x0000000083100000|100%|HS|  |TAMS 0x0000000083100000, 0x0000000083000000| Complete 
|  21|0x0000000083100000, 0x0000000083200000, 0x0000000083200000|100%|HS|  |TAMS 0x0000000083100000, 0x0000000083100000| Complete 
|  22|0x0000000083200000, 0x0000000083200000, 0x0000000083300000|  0%| F|  |TAMS 0x0000000083200000, 0x0000000083200000| Untracked 
|  23|0x0000000083300000, 0x0000000083400000, 0x0000000083400000|100%|HS|  |TAMS 0x0000000083400000, 0x0000000083300000| Complete 
|  24|0x0000000083400000, 0x0000000083500000, 0x0000000083500000|100%|HS|  |TAMS 0x0000000083500000, 0x0000000083400000| Complete 
|  25|0x0000000083500000, 0x0000000083600000, 0x0000000083600000|100%|HS|  |TAMS 0x0000000083600000, 0x0000000083500000| Complete 
|  26|0x0000000083600000, 0x0000000083700000, 0x0000000083700000|100%|HS|  |TAMS 0x0000000083700000, 0x0000000083600000| Complete 
|  27|0x0000000083700000, 0x0000000083800000, 0x0000000083800000|100%|HS|  |TAMS 0x0000000083800000, 0x0000000083700000| Complete 
|  28|0x0000000083800000, 0x0000000083900000, 0x0000000083900000|100%|HS|  |TAMS 0x0000000083900000, 0x0000000083800000| Complete 
|  29|0x0000000083900000, 0x0000000083a00000, 0x0000000083a00000|100%|HS|  |TAMS 0x0000000083a00000, 0x0000000083900000| Complete 
|  30|0x0000000083a00000, 0x0000000083b00000, 0x0000000083b00000|100%|HS|  |TAMS 0x0000000083b00000, 0x0000000083a00000| Complete 
|  31|0x0000000083b00000, 0x0000000083c00000, 0x0000000083c00000|100%|HS|  |TAMS 0x0000000083c00000, 0x0000000083b00000| Complete 
|  32|0x0000000083c00000, 0x0000000083d00000, 0x0000000083d00000|100%|HS|  |TAMS 0x0000000083d00000, 0x0000000083c00000| Complete 
|  33|0x0000000083d00000, 0x0000000083e00000, 0x0000000083e00000|100%|HS|  |TAMS 0x0000000083e00000, 0x0000000083d00000| Complete 
|  34|0x0000000083e00000, 0x0000000083f00000, 0x0000000083f00000|100%|HS|  |TAMS 0x0000000083f00000, 0x0000000083e00000| Complete 
|  35|0x0000000083f00000, 0x0000000084000000, 0x0000000084000000|100%|HS|  |TAMS 0x0000000084000000, 0x0000000083f00000| Complete 
|  36|0x0000000084000000, 0x0000000084100000, 0x0000000084100000|100%|HS|  |TAMS 0x0000000084100000, 0x0000000084000000| Complete 
|  37|0x0000000084100000, 0x0000000084200000, 0x0000000084200000|100%|HS|  |TAMS 0x0000000084200000, 0x0000000084100000| Complete 
|  38|0x0000000084200000, 0x0000000084300000, 0x0000000084300000|100%|HS|  |TAMS 0x0000000084300000, 0x0000000084200000| Complete 
|  39|0x0000000084300000, 0x0000000084400000, 0x0000000084400000|100%|HS|  |TAMS 0x0000000084400000, 0x0000000084300000| Complete 
|  40|0x0000000084400000, 0x0000000084500000, 0x0000000084500000|100%|HS|  |TAMS 0x0000000084500000, 0x0000000084400000| Complete 
|  41|0x0000000084500000, 0x0000000084600000, 0x0000000084600000|100%|HS|  |TAMS 0x0000000084600000, 0x0000000084500000| Complete 
|  42|0x0000000084600000, 0x0000000084700000, 0x0000000084700000|100%|HS|  |TAMS 0x0000000084700000, 0x0000000084600000| Complete 
|  43|0x0000000084700000, 0x0000000084800000, 0x0000000084800000|100%|HS|  |TAMS 0x0000000084800000, 0x0000000084700000| Complete 
|  44|0x0000000084800000, 0x0000000084900000, 0x0000000084900000|100%|HS|  |TAMS 0x0000000084900000, 0x0000000084800000| Complete 
|  45|0x0000000084900000, 0x0000000084a00000, 0x0000000084a00000|100%|HS|  |TAMS 0x0000000084a00000, 0x0000000084900000| Complete 
|  46|0x0000000084a00000, 0x0000000084b00000, 0x0000000084b00000|100%|HS|  |TAMS 0x0000000084b00000, 0x0000000084a00000| Complete 
|  47|0x0000000084b00000, 0x0000000084c00000, 0x0000000084c00000|100%|HS|  |TAMS 0x0000000084c00000, 0x0000000084b00000| Complete 
|  48|0x0000000084c00000, 0x0000000084d00000, 0x0000000084d00000|100%|HS|  |TAMS 0x0000000084d00000, 0x0000000084c00000| Complete 
|  49|0x0000000084d00000, 0x0000000084e00000, 0x0000000084e00000|100%|HS|  |TAMS 0x0000000084e00000, 0x0000000084d00000| Complete 
|  50|0x0000000084e00000, 0x0000000084f00000, 0x0000000084f00000|100%|HS|  |TAMS 0x0000000084f00000, 0x0000000084e00000| Complete 
|  51|0x0000000084f00000, 0x0000000085000000, 0x0000000085000000|100%|HS|  |TAMS 0x0000000085000000, 0x0000000084f00000| Complete 
|  52|0x0000000085000000, 0x0000000085100000, 0x0000000085100000|100%|HS|  |TAMS 0x0000000085100000, 0x0000000085000000| Complete 
|  53|0x0000000085100000, 0x0000000085200000, 0x0000000085200000|100%|HS|  |TAMS 0x0000000085200000, 0x0000000085100000| Complete 
|  54|0x0000000085200000, 0x0000000085300000, 0x0000000085300000|100%|HS|  |TAMS 0x0000000085300000, 0x0000000085200000| Complete 
|  55|0x0000000085300000, 0x0000000085400000, 0x0000000085400000|100%|HS|  |TAMS 0x0000000085400000, 0x0000000085300000| Complete 
|  56|0x0000000085400000, 0x0000000085500000, 0x0000000085500000|100%|HS|  |TAMS 0x0000000085500000, 0x0000000085400000| Complete 
|  57|0x0000000085500000, 0x0000000085600000, 0x0000000085600000|100%|HS|  |TAMS 0x0000000085600000, 0x0000000085500000| Complete 
|  58|0x0000000085600000, 0x0000000085700000, 0x0000000085700000|100%|HS|  |TAMS 0x0000000085700000, 0x0000000085600000| Complete 
|  59|0x0000000085700000, 0x0000000085800000, 0x0000000085800000|100%|HS|  |TAMS 0x0000000085800000, 0x0000000085700000| Complete 
|  60|0x0000000085800000, 0x0000000085900000, 0x0000000085900000|100%|HS|  |TAMS 0x0000000085900000, 0x0000000085800000| Complete 
|  61|0x0000000085900000, 0x0000000085a00000, 0x0000000085a00000|100%|HS|  |TAMS 0x0000000085a00000, 0x0000000085900000| Complete 
|  62|0x0000000085a00000, 0x0000000085b00000, 0x0000000085b00000|100%|HS|  |TAMS 0x0000000085b00000, 0x0000000085a00000| Complete 
|  63|0x0000000085b00000, 0x0000000085c00000, 0x0000000085c00000|100%|HS|  |TAMS 0x0000000085c00000, 0x0000000085b00000| Complete 
|  64|0x0000000085c00000, 0x0000000085d00000, 0x0000000085d00000|100%|HS|  |TAMS 0x0000000085d00000, 0x0000000085c00000| Complete 
|  65|0x0000000085d00000, 0x0000000085e00000, 0x0000000085e00000|100%|HS|  |TAMS 0x0000000085e00000, 0x0000000085d00000| Complete 
|  66|0x0000000085e00000, 0x0000000085f00000, 0x0000000085f00000|100%|HS|  |TAMS 0x0000000085f00000, 0x0000000085e00000| Complete 
|  67|0x0000000085f00000, 0x0000000086000000, 0x0000000086000000|100%|HS|  |TAMS 0x0000000086000000, 0x0000000085f00000| Complete 
|  68|0x0000000086000000, 0x0000000086100000, 0x0000000086100000|100%| O|  |TAMS 0x0000000086100000, 0x0000000086000000| Untracked 
|  69|0x0000000086100000, 0x000000008612ea00, 0x0000000086200000| 18%| O|  |TAMS 0x000000008612ea00, 0x0000000086100000| Untracked 
|  70|0x0000000086200000, 0x0000000086200000, 0x0000000086300000|  0%| F|  |TAMS 0x0000000086200000, 0x0000000086200000| Untracked 
|  71|0x0000000086300000, 0x0000000086300000, 0x0000000086400000|  0%| F|  |TAMS 0x0000000086300000, 0x0000000086300000| Untracked 
|  72|0x0000000086400000, 0x0000000086400000, 0x0000000086500000|  0%| F|  |TAMS 0x0000000086400000, 0x0000000086400000| Untracked 
|  73|0x0000000086500000, 0x0000000086500000, 0x0000000086600000|  0%| F|  |TAMS 0x0000000086500000, 0x0000000086500000| Untracked 
|  74|0x0000000086600000, 0x0000000086600000, 0x0000000086700000|  0%| F|  |TAMS 0x0000000086600000, 0x0000000086600000| Untracked 
|  75|0x0000000086700000, 0x0000000086700000, 0x0000000086800000|  0%| F|  |TAMS 0x0000000086700000, 0x0000000086700000| Untracked 
|  76|0x0000000086800000, 0x0000000086800000, 0x0000000086900000|  0%| F|  |TAMS 0x0000000086800000, 0x0000000086800000| Untracked 
|  77|0x0000000086900000, 0x0000000086900000, 0x0000000086a00000|  0%| F|  |TAMS 0x0000000086900000, 0x0000000086900000| Untracked 
|  78|0x0000000086a00000, 0x0000000086a00000, 0x0000000086b00000|  0%| F|  |TAMS 0x0000000086a00000, 0x0000000086a00000| Untracked 
|  79|0x0000000086b00000, 0x0000000086b00000, 0x0000000086c00000|  0%| F|  |TAMS 0x0000000086b00000, 0x0000000086b00000| Untracked 
|  80|0x0000000086c00000, 0x0000000086c00000, 0x0000000086d00000|  0%| F|  |TAMS 0x0000000086c00000, 0x0000000086c00000| Untracked 
|  81|0x0000000086d00000, 0x0000000086d00000, 0x0000000086e00000|  0%| F|  |TAMS 0x0000000086d00000, 0x0000000086d00000| Untracked 
|  82|0x0000000086e00000, 0x0000000086e00000, 0x0000000086f00000|  0%| F|  |TAMS 0x0000000086e00000, 0x0000000086e00000| Untracked 
|  83|0x0000000086f00000, 0x0000000086f00000, 0x0000000087000000|  0%| F|  |TAMS 0x0000000086f00000, 0x0000000086f00000| Untracked 
|  84|0x0000000087000000, 0x0000000087000000, 0x0000000087100000|  0%| F|  |TAMS 0x0000000087000000, 0x0000000087000000| Untracked 
|  85|0x0000000087100000, 0x0000000087100000, 0x0000000087200000|  0%| F|  |TAMS 0x0000000087100000, 0x0000000087100000| Untracked 
|  86|0x0000000087200000, 0x0000000087200000, 0x0000000087300000|  0%| F|  |TAMS 0x0000000087200000, 0x0000000087200000| Untracked 
|  87|0x0000000087300000, 0x0000000087300000, 0x0000000087400000|  0%| F|  |TAMS 0x0000000087300000, 0x0000000087300000| Untracked 
|  88|0x0000000087400000, 0x0000000087400000, 0x0000000087500000|  0%| F|  |TAMS 0x0000000087400000, 0x0000000087400000| Untracked 
|  89|0x0000000087500000, 0x0000000087500000, 0x0000000087600000|  0%| F|  |TAMS 0x0000000087500000, 0x0000000087500000| Untracked 
|  90|0x0000000087600000, 0x0000000087600000, 0x0000000087700000|  0%| F|  |TAMS 0x0000000087600000, 0x0000000087600000| Untracked 
|  91|0x0000000087700000, 0x0000000087700000, 0x0000000087800000|  0%| F|  |TAMS 0x0000000087700000, 0x0000000087700000| Untracked 
|  92|0x0000000087800000, 0x0000000087800000, 0x0000000087900000|  0%| F|  |TAMS 0x0000000087800000, 0x0000000087800000| Untracked 
|  93|0x0000000087900000, 0x0000000087900000, 0x0000000087a00000|  0%| F|  |TAMS 0x0000000087900000, 0x0000000087900000| Untracked 
|  94|0x0000000087a00000, 0x0000000087a00000, 0x0000000087b00000|  0%| F|  |TAMS 0x0000000087a00000, 0x0000000087a00000| Untracked 
|  95|0x0000000087b00000, 0x0000000087b00000, 0x0000000087c00000|  0%| F|  |TAMS 0x0000000087b00000, 0x0000000087b00000| Untracked 
|  96|0x0000000087c00000, 0x0000000087c00000, 0x0000000087d00000|  0%| F|  |TAMS 0x0000000087c00000, 0x0000000087c00000| Untracked 
|  97|0x0000000087d00000, 0x0000000087d00000, 0x0000000087e00000|  0%| F|  |TAMS 0x0000000087d00000, 0x0000000087d00000| Untracked 
|  98|0x0000000087e00000, 0x0000000087e00000, 0x0000000087f00000|  0%| F|  |TAMS 0x0000000087e00000, 0x0000000087e00000| Untracked 
|  99|0x0000000087f00000, 0x0000000087f00000, 0x0000000088000000|  0%| F|  |TAMS 0x0000000087f00000, 0x0000000087f00000| Untracked 
| 100|0x0000000088000000, 0x0000000088000000, 0x0000000088100000|  0%| F|  |TAMS 0x0000000088000000, 0x0000000088000000| Untracked 
| 101|0x0000000088100000, 0x0000000088100000, 0x0000000088200000|  0%| F|  |TAMS 0x0000000088100000, 0x0000000088100000| Untracked 
| 102|0x0000000088200000, 0x0000000088200000, 0x0000000088300000|  0%| F|  |TAMS 0x0000000088200000, 0x0000000088200000| Untracked 
| 103|0x0000000088300000, 0x0000000088300000, 0x0000000088400000|  0%| F|  |TAMS 0x0000000088300000, 0x0000000088300000| Untracked 
| 104|0x0000000088400000, 0x0000000088400000, 0x0000000088500000|  0%| F|  |TAMS 0x0000000088400000, 0x0000000088400000| Untracked 
| 105|0x0000000088500000, 0x0000000088500000, 0x0000000088600000|  0%| F|  |TAMS 0x0000000088500000, 0x0000000088500000| Untracked 
| 106|0x0000000088600000, 0x0000000088600000, 0x0000000088700000|  0%| F|  |TAMS 0x0000000088600000, 0x0000000088600000| Untracked 
| 107|0x0000000088700000, 0x0000000088700000, 0x0000000088800000|  0%| F|  |TAMS 0x0000000088700000, 0x0000000088700000| Untracked 
| 108|0x0000000088800000, 0x0000000088800000, 0x0000000088900000|  0%| F|  |TAMS 0x0000000088800000, 0x0000000088800000| Untracked 
| 109|0x0000000088900000, 0x0000000088900000, 0x0000000088a00000|  0%| F|  |TAMS 0x0000000088900000, 0x0000000088900000| Untracked 
| 110|0x0000000088a00000, 0x0000000088a00000, 0x0000000088b00000|  0%| F|  |TAMS 0x0000000088a00000, 0x0000000088a00000| Untracked 
| 111|0x0000000088b00000, 0x0000000088b00000, 0x0000000088c00000|  0%| F|  |TAMS 0x0000000088b00000, 0x0000000088b00000| Untracked 
| 112|0x0000000088c00000, 0x0000000088c00000, 0x0000000088d00000|  0%| F|  |TAMS 0x0000000088c00000, 0x0000000088c00000| Untracked 
| 113|0x0000000088d00000, 0x0000000088d00000, 0x0000000088e00000|  0%| F|  |TAMS 0x0000000088d00000, 0x0000000088d00000| Untracked 
| 114|0x0000000088e00000, 0x0000000088e00000, 0x0000000088f00000|  0%| F|  |TAMS 0x0000000088e00000, 0x0000000088e00000| Untracked 
| 115|0x0000000088f00000, 0x0000000088f00000, 0x0000000089000000|  0%| F|  |TAMS 0x0000000088f00000, 0x0000000088f00000| Untracked 
| 116|0x0000000089000000, 0x0000000089000000, 0x0000000089100000|  0%| F|  |TAMS 0x0000000089000000, 0x0000000089000000| Untracked 
| 117|0x0000000089100000, 0x0000000089100000, 0x0000000089200000|  0%| F|  |TAMS 0x0000000089100000, 0x0000000089100000| Untracked 
| 118|0x0000000089200000, 0x0000000089200000, 0x0000000089300000|  0%| F|  |TAMS 0x0000000089200000, 0x0000000089200000| Untracked 
| 119|0x0000000089300000, 0x0000000089300000, 0x0000000089400000|  0%| F|  |TAMS 0x0000000089300000, 0x0000000089300000| Untracked 
| 120|0x0000000089400000, 0x000000008948ff78, 0x0000000089500000| 56%| E|  |TAMS 0x0000000089400000, 0x0000000089400000| Complete 
| 121|0x0000000089500000, 0x0000000089600000, 0x0000000089600000|100%| E|CS|TAMS 0x0000000089500000, 0x0000000089500000| Complete 
| 122|0x0000000089600000, 0x0000000089700000, 0x0000000089700000|100%| E|  |TAMS 0x0000000089600000, 0x0000000089600000| Complete 
| 123|0x0000000089700000, 0x0000000089800000, 0x0000000089800000|100%| E|CS|TAMS 0x0000000089700000, 0x0000000089700000| Complete 
| 124|0x0000000089800000, 0x00000000898a06b8, 0x0000000089900000| 62%| S|CS|TAMS 0x0000000089800000, 0x0000000089800000| Complete 
| 125|0x0000000089900000, 0x0000000089a00000, 0x0000000089a00000|100%| S|CS|TAMS 0x0000000089900000, 0x0000000089900000| Complete 
| 126|0x0000000089a00000, 0x0000000089b00000, 0x0000000089b00000|100%| E|CS|TAMS 0x0000000089a00000, 0x0000000089a00000| Complete 
| 127|0x0000000089b00000, 0x0000000089c00000, 0x0000000089c00000|100%| E|CS|TAMS 0x0000000089b00000, 0x0000000089b00000| Complete 

Card table byte_map: [0x0000019b41950000,0x0000019b41d50000] _byte_map_base: 0x0000019b41542000

Marking Bits (Prev, Next): (CMBitMap*) 0x0000019b2842ae58, (CMBitMap*) 0x0000019b2842ae90
 Prev Bits: [0x0000019b42150000, 0x0000019b440e0000)
 Next Bits: [0x0000019b440e0000, 0x0000019b46070000)

Polling page: 0x0000019b282a0000

Metaspace:

Usage:
  Non-class:     33.89 MB capacity,    32.98 MB ( 97%) used,   739.27 KB (  2%) free+waste,   189.94 KB ( <1%) overhead. 
      Class:      5.50 MB capacity,     4.83 MB ( 88%) used,   594.18 KB ( 11%) free+waste,    95.00 KB (  2%) overhead. 
       Both:     39.40 MB capacity,    37.82 MB ( 96%) used,     1.30 MB (  3%) free+waste,   284.94 KB ( <1%) overhead. 

Virtual space:
  Non-class space:       34.00 MB reserved,      34.00 MB (>99%) committed 
      Class space:        1.00 GB reserved,       5.63 MB ( <1%) committed 
             Both:        1.03 GB reserved,      39.62 MB (  4%) committed 

Chunk freelists:
   Non-Class:  5.50 KB
       Class:  0 bytes
        Both:  5.50 KB

CodeHeap 'non-profiled nmethods': size=120064Kb used=2933Kb max_used=2933Kb free=117130Kb
 bounds [0x0000019b399e0000, 0x0000019b39cc0000, 0x0000019b40f20000]
CodeHeap 'profiled nmethods': size=120000Kb used=12537Kb max_used=12537Kb free=107462Kb
 bounds [0x0000019b324b0000, 0x0000019b33100000, 0x0000019b399e0000]
CodeHeap 'non-nmethods': size=5696Kb used=1506Kb max_used=1531Kb free=4189Kb
 bounds [0x0000019b31f20000, 0x0000019b32190000, 0x0000019b324b0000]
 total_blobs=8729 nmethods=5680 adapters=921
 compilation: enabled
              stopped_count=0, restarted_count=0
 full_count=0

Compilation events (10 events):
Event: 15.334 Thread 0x0000019b486e8000 nmethod 6275 0x0000019b330f4b10 code [0x0000019b330f4ce0, 0x0000019b330f50b8]
Event: 15.334 Thread 0x0000019b486e8000 6276       3       java.util.concurrent.ConcurrentHashMap$ValuesView::iterator (34 bytes)
Event: 15.335 Thread 0x0000019b486e8000 nmethod 6276 0x0000019b330f5210 code [0x0000019b330f5400, 0x0000019b330f5800]
Event: 15.335 Thread 0x0000019b486e8000 6277       3       com.sun.javafx.font.PrismMetrics::getXHeight (11 bytes)
Event: 15.336 Thread 0x0000019b486e8000 nmethod 6277 0x0000019b330f5990 code [0x0000019b330f5b60, 0x0000019b330f5eb0]
Event: 15.336 Thread 0x0000019b486e4800 nmethod 6249 0x0000019b39cbb890 code [0x0000019b39cbba40, 0x0000019b39cbc388]
Event: 15.336 Thread 0x0000019b486e4800 6269       4       com.sun.javafx.font.CMap$CMapFormat4::getGlyph (168 bytes)
Event: 15.340 Thread 0x0000019b486e4800 nmethod 6269 0x0000019b39cbc610 code [0x0000019b39cbc7c0, 0x0000019b39cbcb58]
Event: 15.340 Thread 0x0000019b486e4800 6267       4       java.lang.Character::isHighSurrogate (18 bytes)
Event: 15.340 Thread 0x0000019b486e4800 nmethod 6267 0x0000019b39cbcf10 code [0x0000019b39cbd0a0, 0x0000019b39cbd0f8]

GC Heap History (10 events):
Event: 14.279 GC heap before
{Heap before GC invocations=12 (full 0):
 garbage-first heap   total 131072K, used 72182K [0x0000000081c00000, 0x0000000100000000)
  region size 1024K, 5 young (5120K), 3 survivors (3072K)
 Metaspace       used 38599K, capacity 40131K, committed 40188K, reserved 1083392K
  class space    used 4929K, capacity 5610K, committed 5632K, reserved 1048576K
}
Event: 14.281 GC heap after
{Heap after GC invocations=13 (full 0):
 garbage-first heap   total 131072K, used 68916K [0x0000000081c00000, 0x0000000100000000)
  region size 1024K, 3 young (3072K), 3 survivors (3072K)
 Metaspace       used 38599K, capacity 40131K, committed 40188K, reserved 1083392K
  class space    used 4929K, capacity 5610K, committed 5632K, reserved 1048576K
}
Event: 14.327 GC heap before
{Heap before GC invocations=14 (full 0):
 garbage-first heap   total 131072K, used 70964K [0x0000000081c00000, 0x0000000100000000)
  region size 1024K, 4 young (4096K), 3 survivors (3072K)
 Metaspace       used 38601K, capacity 40131K, committed 40188K, reserved 1083392K
  class space    used 4929K, capacity 5610K, committed 5632K, reserved 1048576K
}
Event: 14.329 GC heap after
{Heap after GC invocations=15 (full 0):
 garbage-first heap   total 131072K, used 68569K [0x0000000081c00000, 0x0000000100000000)
  region size 1024K, 2 young (2048K), 2 survivors (2048K)
 Metaspace       used 38601K, capacity 40131K, committed 40188K, reserved 1083392K
  class space    used 4929K, capacity 5610K, committed 5632K, reserved 1048576K
}
Event: 14.393 GC heap before
{Heap before GC invocations=16 (full 0):
 garbage-first heap   total 131072K, used 70617K [0x0000000081c00000, 0x0000000100000000)
  region size 1024K, 3 young (3072K), 2 survivors (2048K)
 Metaspace       used 38602K, capacity 40131K, committed 40188K, reserved 1083392K
  class space    used 4929K, capacity 5610K, committed 5632K, reserved 1048576K
}
Event: 14.395 GC heap after
{Heap after GC invocations=17 (full 0):
 garbage-first heap   total 131072K, used 68470K [0x0000000081c00000, 0x0000000100000000)
  region size 1024K, 2 young (2048K), 2 survivors (2048K)
 Metaspace       used 38602K, capacity 40131K, committed 40188K, reserved 1083392K
  class space    used 4929K, capacity 5610K, committed 5632K, reserved 1048576K
}
Event: 14.455 GC heap before
{Heap before GC invocations=18 (full 0):
 garbage-first heap   total 131072K, used 70518K [0x0000000081c00000, 0x0000000100000000)
  region size 1024K, 3 young (3072K), 2 survivors (2048K)
 Metaspace       used 38602K, capacity 40131K, committed 40188K, reserved 1083392K
  class space    used 4929K, capacity 5610K, committed 5632K, reserved 1048576K
}
Event: 14.457 GC heap after
{Heap after GC invocations=19 (full 0):
 garbage-first heap   total 131072K, used 68399K [0x0000000081c00000, 0x0000000100000000)
  region size 1024K, 2 young (2048K), 2 survivors (2048K)
 Metaspace       used 38602K, capacity 40131K, committed 40188K, reserved 1083392K
  class space    used 4929K, capacity 5610K, committed 5632K, reserved 1048576K
}
Event: 14.519 GC heap before
{Heap before GC invocations=20 (full 0):
 garbage-first heap   total 131072K, used 70447K [0x0000000081c00000, 0x0000000100000000)
  region size 1024K, 3 young (3072K), 2 survivors (2048K)
 Metaspace       used 38606K, capacity 40131K, committed 40188K, reserved 1083392K
  class space    used 4929K, capacity 5610K, committed 5632K, reserved 1048576K
}
Event: 14.521 GC heap after
{Heap after GC invocations=21 (full 0):
 garbage-first heap   total 131072K, used 68412K [0x0000000081c00000, 0x0000000100000000)
  region size 1024K, 2 young (2048K), 2 survivors (2048K)
 Metaspace       used 38606K, capacity 40131K, committed 40188K, reserved 1083392K
  class space    used 4929K, capacity 5610K, committed 5632K, reserved 1048576K
}

Deoptimization events (10 events):
Event: 11.664 Thread 0x0000019b49c37800 Uncommon trap: reason=unstable_if action=reinterpret pc=0x0000019b39c30614 method=com.sun.javafx.geom.transform.AffineBase.calculateType()I @ 25 c2
Event: 11.664 Thread 0x0000019b49c37800 Uncommon trap: reason=unstable_if action=reinterpret pc=0x0000019b39c3b798 method=com.sun.javafx.geom.transform.AffineBase.translate(DD)V @ 4 c2
Event: 11.664 Thread 0x0000019b49c37800 Uncommon trap: reason=unstable_if action=reinterpret pc=0x0000019b39c27be0 method=com.sun.javafx.geom.transform.AffineBase.updateState2D()V @ 6 c2
Event: 11.768 Thread 0x0000019b49c37800 Uncommon trap: reason=unstable_if action=reinterpret pc=0x0000019b39bcdd0c method=com.sun.javafx.geom.transform.AffineBase.updateState2D()V @ 6 c2
Event: 11.768 Thread 0x0000019b49c37800 Uncommon trap: reason=unstable_if action=reinterpret pc=0x0000019b39c0bc48 method=com.sun.javafx.geom.transform.AffineBase.updateState2D()V @ 6 c2
Event: 11.815 Thread 0x0000019b49c37800 Uncommon trap: reason=null_check action=make_not_entrant pc=0x0000019b39b1af14 method=com.sun.prism.impl.BaseResourcePool$WeakLinkedList.getResource()Lcom/sun/prism/impl/ManagedResource; @ 7 c2
Event: 11.815 Thread 0x0000019b49c37800 Uncommon trap: reason=unstable_if action=reinterpret pc=0x0000019b39b72cb8 method=com.sun.prism.impl.ManagedResource._isgone(Lcom/sun/prism/impl/ManagedResource;)Z @ 1 c2
Event: 11.867 Thread 0x0000019b49c37800 Uncommon trap: reason=unstable_if action=reinterpret pc=0x0000019b39a07bdc method=com.sun.javafx.geom.transform.AffineBase.updateState2D()V @ 6 c2
Event: 12.797 Thread 0x0000019b49c37800 Uncommon trap: reason=unstable_if action=reinterpret pc=0x0000019b39b48358 method=jdk.internal.misc.Unsafe.convEndian(ZI)I @ 4 c2
Event: 15.335 Thread 0x0000019b4984c800 Uncommon trap: reason=unstable_if action=reinterpret pc=0x0000019b39c3805c method=com.sun.javafx.text.TextRun.getGlyphCode(I)I @ 21 c2

Classes redefined (0 events):
No events

Internal exceptions (10 events):
Event: 15.326 Thread 0x0000019b4984c800 Exception <a 'java/io/FileNotFoundException'{0x00000000895a3770}> (0x00000000895a3770) thrown at [t:/workspace/open/src/hotspot/share/prims/jni.cpp, line 615]
Event: 15.326 Thread 0x0000019b4984c800 Exception <a 'java/io/FileNotFoundException'{0x00000000895a4670}> (0x00000000895a4670) thrown at [t:/workspace/open/src/hotspot/share/prims/jni.cpp, line 615]
Event: 15.327 Thread 0x0000019b4984c800 Exception <a 'java/io/FileNotFoundException'{0x00000000895af448}> (0x00000000895af448) thrown at [t:/workspace/open/src/hotspot/share/prims/jni.cpp, line 615]
Event: 15.327 Thread 0x0000019b4984c800 Exception <a 'java/io/FileNotFoundException'{0x00000000895b0288}> (0x00000000895b0288) thrown at [t:/workspace/open/src/hotspot/share/prims/jni.cpp, line 615]
Event: 15.327 Thread 0x0000019b4984c800 Exception <a 'java/io/FileNotFoundException'{0x00000000895b10e0}> (0x00000000895b10e0) thrown at [t:/workspace/open/src/hotspot/share/prims/jni.cpp, line 615]
Event: 15.327 Thread 0x0000019b4984c800 Exception <a 'java/io/FileNotFoundException'{0x00000000895b1f20}> (0x00000000895b1f20) thrown at [t:/workspace/open/src/hotspot/share/prims/jni.cpp, line 615]
Event: 15.328 Thread 0x0000019b4984c800 Exception <a 'java/io/FileNotFoundException'{0x00000000895b3250}> (0x00000000895b3250) thrown at [t:/workspace/open/src/hotspot/share/prims/jni.cpp, line 615]
Event: 15.328 Thread 0x0000019b4984c800 Exception <a 'java/io/FileNotFoundException'{0x00000000895b4190}> (0x00000000895b4190) thrown at [t:/workspace/open/src/hotspot/share/prims/jni.cpp, line 615]
Event: 15.328 Thread 0x0000019b4984c800 Exception <a 'java/io/FileNotFoundException'{0x00000000895b5090}> (0x00000000895b5090) thrown at [t:/workspace/open/src/hotspot/share/prims/jni.cpp, line 615]
Event: 15.336 Thread 0x0000019b4984c800 Exception <a 'java/lang/NoSuchMethodError'{0x00000000895ded68}: getStringWidth> (0x00000000895ded68) thrown at [t:/workspace/open/src/hotspot/share/prims/jni.cpp, line 1333]

Events (10 events):
Event: 15.296 Executing VM operation: RevokeBias done
Event: 15.296 Executing VM operation: RevokeBias
Event: 15.296 Executing VM operation: RevokeBias done
Event: 15.296 Executing VM operation: RevokeBias
Event: 15.296 Executing VM operation: RevokeBias done
Event: 15.296 Executing VM operation: RevokeBias
Event: 15.296 Executing VM operation: RevokeBias done
Event: 15.335 Thread 0x0000019b4984c800 Uncommon trap: trap_request=0xffffff4d fr.pc=0x0000019b39c3805c relative=0x00000000000000bc
Event: 15.335 Thread 0x0000019b4984c800 DEOPT PACKING pc=0x0000019b39c3805c sp=0x000000212d6ed900
Event: 15.335 Thread 0x0000019b4984c800 DEOPT UNPACKING pc=0x0000019b31f48f2f sp=0x000000212d6ed8a0 mode 2


Dynamic libraries:
0x00007ff61a7e0000 - 0x00007ff61a827000 	C:\Program Files\Java\jdk-11.0.6\bin\java.exe
0x00007ff8a6f40000 - 0x00007ff8a7130000 	C:\WINDOWS\SYSTEM32\ntdll.dll
0x00007ff8a6350000 - 0x00007ff8a6402000 	C:\WINDOWS\System32\KERNEL32.DLL
0x00007ff8a3ed0000 - 0x00007ff8a4173000 	C:\WINDOWS\System32\KERNELBASE.dll
0x00007ff8a5fc0000 - 0x00007ff8a6063000 	C:\WINDOWS\System32\ADVAPI32.dll
0x00007ff8a60d0000 - 0x00007ff8a616e000 	C:\WINDOWS\System32\msvcrt.dll
0x00007ff8a5cf0000 - 0x00007ff8a5d87000 	C:\WINDOWS\System32\sechost.dll
0x00007ff8a6aa0000 - 0x00007ff8a6bc0000 	C:\WINDOWS\System32\RPCRT4.dll
0x00007ff8a5e20000 - 0x00007ff8a5fb4000 	C:\WINDOWS\System32\USER32.dll
0x00007ff8a46f0000 - 0x00007ff8a4711000 	C:\WINDOWS\System32\win32u.dll
0x00007ff8a5ca0000 - 0x00007ff8a5cc6000 	C:\WINDOWS\System32\GDI32.dll
0x00007ff8a4250000 - 0x00007ff8a43e4000 	C:\WINDOWS\System32\gdi32full.dll
0x00007ff8a43f0000 - 0x00007ff8a448e000 	C:\WINDOWS\System32\msvcp_win.dll
0x00007ff8a4ea0000 - 0x00007ff8a4f9a000 	C:\WINDOWS\System32\ucrtbase.dll
0x00007ff896b70000 - 0x00007ff896df5000 	C:\WINDOWS\WinSxS\amd64_microsoft.windows.common-controls_6595b64144ccf1df_6.0.18362.657_none_e6c5b579130e3898\COMCTL32.dll
0x00007ff8a6bc0000 - 0x00007ff8a6ef6000 	C:\WINDOWS\System32\combase.dll
0x00007ff89ccf0000 - 0x00007ff89ccfa000 	C:\WINDOWS\SYSTEM32\VERSION.dll
0x00007ff8a4180000 - 0x00007ff8a4200000 	C:\WINDOWS\System32\bcryptPrimitives.dll
0x00007ff8a54d0000 - 0x00007ff8a54fe000 	C:\WINDOWS\System32\IMM32.DLL
0x00007ff89f800000 - 0x00007ff89f816000 	C:\Program Files\Java\jdk-11.0.6\bin\vcruntime140.dll
0x00007ff8843f0000 - 0x00007ff88449a000 	C:\Program Files\Java\jdk-11.0.6\bin\msvcp140.dll
0x00007ff85fed0000 - 0x00007ff8609f9000 	C:\Program Files\Java\jdk-11.0.6\bin\server\jvm.dll
0x00007ff8a62d0000 - 0x00007ff8a62d8000 	C:\WINDOWS\System32\PSAPI.DLL
0x00007ff889e50000 - 0x00007ff889e59000 	C:\WINDOWS\SYSTEM32\WSOCK32.dll
0x00007ff8a6410000 - 0x00007ff8a647f000 	C:\WINDOWS\System32\WS2_32.dll
0x00007ff89fe40000 - 0x00007ff89fe64000 	C:\WINDOWS\SYSTEM32\WINMM.dll
0x00007ff89fe10000 - 0x00007ff89fe3d000 	C:\WINDOWS\SYSTEM32\WINMMBASE.dll
0x00007ff8a4200000 - 0x00007ff8a424a000 	C:\WINDOWS\System32\cfgmgr32.dll
0x00007ff8a3e90000 - 0x00007ff8a3ea1000 	C:\WINDOWS\System32\kernel.appcore.dll
0x00007ff89ee20000 - 0x00007ff89ee31000 	C:\Program Files\Java\jdk-11.0.6\bin\verify.dll
0x00007ff8a2730000 - 0x00007ff8a2924000 	C:\WINDOWS\SYSTEM32\DBGHELP.DLL
0x00007ff885280000 - 0x00007ff8852aa000 	C:\WINDOWS\SYSTEM32\dbgcore.DLL
0x00007ff88d070000 - 0x00007ff88d099000 	C:\Program Files\Java\jdk-11.0.6\bin\java.dll
0x00007ff88cf90000 - 0x00007ff88cfbf000 	C:\Program Files\Java\jdk-11.0.6\bin\instrument.dll
0x00007ff893090000 - 0x00007ff8930a6000 	C:\Program Files\Java\jdk-11.0.6\bin\zip.dll
0x00007ff89f6a0000 - 0x00007ff89f6aa000 	C:\Program Files\Java\jdk-11.0.6\bin\jimage.dll
0x00007ff8a55b0000 - 0x00007ff8a5c95000 	C:\WINDOWS\System32\SHELL32.dll
0x00007ff8a5500000 - 0x00007ff8a55a9000 	C:\WINDOWS\System32\shcore.dll
0x00007ff8a4720000 - 0x00007ff8a4e9f000 	C:\WINDOWS\System32\windows.storage.dll
0x00007ff8a3e70000 - 0x00007ff8a3e8f000 	C:\WINDOWS\System32\profapi.dll
0x00007ff8a3e20000 - 0x00007ff8a3e6a000 	C:\WINDOWS\System32\powrprof.dll
0x00007ff8a3e10000 - 0x00007ff8a3e20000 	C:\WINDOWS\System32\UMPDC.dll
0x00007ff8a4ff0000 - 0x00007ff8a5042000 	C:\WINDOWS\System32\shlwapi.dll
0x00007ff8a4fa0000 - 0x00007ff8a4fb7000 	C:\WINDOWS\System32\cryptsp.dll
0x00007ff88f470000 - 0x00007ff88f489000 	C:\Program Files\Java\jdk-11.0.6\bin\net.dll
0x00007ff89bf80000 - 0x00007ff89c070000 	C:\WINDOWS\SYSTEM32\WINHTTP.dll
0x00007ff8a3680000 - 0x00007ff8a36e7000 	C:\WINDOWS\system32\mswsock.dll
0x00007ff88cfe0000 - 0x00007ff88cff3000 	C:\Program Files\Java\jdk-11.0.6\bin\nio.dll
0x00007ff88cf70000 - 0x00007ff88cf8a000 	A:\Programme\IntelliJ IDEA 2019.3.3\bin\breakgen64.dll
0x0000019b49c50000 - 0x0000019b49c53000 	C:\Program Files\Java\jdk-11.0.6\bin\api-ms-win-core-console-l1-1-0.dll
0x0000019b49c60000 - 0x0000019b49c63000 	C:\Program Files\Java\jdk-11.0.6\bin\api-ms-win-core-datetime-l1-1-0.dll
0x0000019b49c70000 - 0x0000019b49c73000 	C:\Program Files\Java\jdk-11.0.6\bin\api-ms-win-core-debug-l1-1-0.dll
0x0000019b49c80000 - 0x0000019b49c83000 	C:\Program Files\Java\jdk-11.0.6\bin\api-ms-win-core-errorhandling-l1-1-0.dll
0x0000019b49c90000 - 0x0000019b49c94000 	C:\Program Files\Java\jdk-11.0.6\bin\api-ms-win-core-file-l1-1-0.dll
0x0000019b49ca0000 - 0x0000019b49ca3000 	C:\Program Files\Java\jdk-11.0.6\bin\api-ms-win-core-file-l1-2-0.dll
0x0000019b49cb0000 - 0x0000019b49cb3000 	C:\Program Files\Java\jdk-11.0.6\bin\api-ms-win-core-file-l2-1-0.dll
0x0000019b49cc0000 - 0x0000019b49cc3000 	C:\Program Files\Java\jdk-11.0.6\bin\api-ms-win-core-handle-l1-1-0.dll
0x0000019b49cd0000 - 0x0000019b49cd3000 	C:\Program Files\Java\jdk-11.0.6\bin\api-ms-win-core-heap-l1-1-0.dll
0x0000019b49ce0000 - 0x0000019b49ce3000 	C:\Program Files\Java\jdk-11.0.6\bin\api-ms-win-core-interlocked-l1-1-0.dll
0x0000019b49cf0000 - 0x0000019b49cf3000 	C:\Program Files\Java\jdk-11.0.6\bin\api-ms-win-core-libraryloader-l1-1-0.dll
0x0000019b49d00000 - 0x0000019b49d03000 	C:\Program Files\Java\jdk-11.0.6\bin\api-ms-win-core-localization-l1-2-0.dll
0x0000019b49d10000 - 0x0000019b49d13000 	C:\Program Files\Java\jdk-11.0.6\bin\api-ms-win-core-memory-l1-1-0.dll
0x0000019b49d20000 - 0x0000019b49d23000 	C:\Program Files\Java\jdk-11.0.6\bin\api-ms-win-core-namedpipe-l1-1-0.dll
0x0000019b49d30000 - 0x0000019b49d33000 	C:\Program Files\Java\jdk-11.0.6\bin\api-ms-win-core-processenvironment-l1-1-0.dll
0x0000019b49d40000 - 0x0000019b49d43000 	C:\Program Files\Java\jdk-11.0.6\bin\api-ms-win-core-processthreads-l1-1-0.dll
0x0000019b49d50000 - 0x0000019b49d53000 	C:\Program Files\Java\jdk-11.0.6\bin\api-ms-win-core-processthreads-l1-1-1.dll
0x0000019b49d60000 - 0x0000019b49d63000 	C:\Program Files\Java\jdk-11.0.6\bin\api-ms-win-core-profile-l1-1-0.dll
0x0000019b49d70000 - 0x0000019b49d73000 	C:\Program Files\Java\jdk-11.0.6\bin\api-ms-win-core-rtlsupport-l1-1-0.dll
0x0000019b49d80000 - 0x0000019b49d83000 	C:\Program Files\Java\jdk-11.0.6\bin\api-ms-win-core-string-l1-1-0.dll
0x0000019b49d90000 - 0x0000019b49d93000 	C:\Program Files\Java\jdk-11.0.6\bin\api-ms-win-core-synch-l1-1-0.dll
0x0000019b49da0000 - 0x0000019b49da3000 	C:\Program Files\Java\jdk-11.0.6\bin\api-ms-win-core-synch-l1-2-0.dll
0x0000019b49db0000 - 0x0000019b49db3000 	C:\Program Files\Java\jdk-11.0.6\bin\api-ms-win-core-sysinfo-l1-1-0.dll
0x0000019b49dc0000 - 0x0000019b49dc3000 	C:\Program Files\Java\jdk-11.0.6\bin\api-ms-win-core-timezone-l1-1-0.dll
0x0000019b49dd0000 - 0x0000019b49dd3000 	C:\Program Files\Java\jdk-11.0.6\bin\api-ms-win-core-util-l1-1-0.dll
0x0000019b49de0000 - 0x0000019b49de3000 	C:\Program Files\Java\jdk-11.0.6\bin\api-ms-win-crt-conio-l1-1-0.dll
0x0000019b49df0000 - 0x0000019b49df4000 	C:\Program Files\Java\jdk-11.0.6\bin\api-ms-win-crt-convert-l1-1-0.dll
0x0000019b49e00000 - 0x0000019b49e03000 	C:\Program Files\Java\jdk-11.0.6\bin\api-ms-win-crt-environment-l1-1-0.dll
0x0000019b49e10000 - 0x0000019b49e13000 	C:\Program Files\Java\jdk-11.0.6\bin\api-ms-win-crt-filesystem-l1-1-0.dll
0x0000019b49e20000 - 0x0000019b49e23000 	C:\Program Files\Java\jdk-11.0.6\bin\api-ms-win-crt-heap-l1-1-0.dll
0x0000019b49e30000 - 0x0000019b49e33000 	C:\Program Files\Java\jdk-11.0.6\bin\api-ms-win-crt-locale-l1-1-0.dll
0x0000019b49e40000 - 0x0000019b49e45000 	C:\Program Files\Java\jdk-11.0.6\bin\api-ms-win-crt-math-l1-1-0.dll
0x0000019b49e50000 - 0x0000019b49e55000 	C:\Program Files\Java\jdk-11.0.6\bin\api-ms-win-crt-multibyte-l1-1-0.dll
0x0000019b49e60000 - 0x0000019b49e70000 	C:\Program Files\Java\jdk-11.0.6\bin\api-ms-win-crt-private-l1-1-0.dll
0x0000019b49e70000 - 0x0000019b49e73000 	C:\Program Files\Java\jdk-11.0.6\bin\api-ms-win-crt-process-l1-1-0.dll
0x0000019b4ae50000 - 0x0000019b4ae54000 	C:\Program Files\Java\jdk-11.0.6\bin\api-ms-win-crt-runtime-l1-1-0.dll
0x0000019b4ae60000 - 0x0000019b4ae64000 	C:\Program Files\Java\jdk-11.0.6\bin\api-ms-win-crt-stdio-l1-1-0.dll
0x0000019b4ae70000 - 0x0000019b4ae74000 	C:\Program Files\Java\jdk-11.0.6\bin\api-ms-win-crt-string-l1-1-0.dll
0x0000019b4ae80000 - 0x0000019b4ae83000 	C:\Program Files\Java\jdk-11.0.6\bin\api-ms-win-crt-time-l1-1-0.dll
0x0000019b4ae90000 - 0x0000019b4ae93000 	C:\Program Files\Java\jdk-11.0.6\bin\api-ms-win-crt-utility-l1-1-0.dll
0x00007ff8795b0000 - 0x00007ff8796a6000 	C:\Program Files\Java\jdk-11.0.6\bin\ucrtbase.dll
0x00007ff889a30000 - 0x00007ff889a81000 	C:\Windows\System32\concrt140.dll
0x00007ff88b880000 - 0x00007ff88b8a3000 	C:\Program Files\Java\jdk-10.0.2\bin\prism_d3d.dll
0x00007ff897df0000 - 0x00007ff897fb7000 	C:\WINDOWS\system32\d3d9.dll
0x00007ff8a2200000 - 0x00007ff8a222d000 	C:\WINDOWS\SYSTEM32\dwmapi.dll
0x00007ff8a2a80000 - 0x00007ff8a2aa0000 	C:\WINDOWS\SYSTEM32\dxcore.dll
0x00007ff8a16d0000 - 0x00007ff8a1769000 	C:\WINDOWS\system32\uxtheme.dll
0x00007ff85ced0000 - 0x00007ff85fecd000 	C:\WINDOWS\System32\DriverStore\FileRepository\ki126950.inf_amd64_fa7f56314967630d\igd9dxva64.dll
0x00007ff8a6170000 - 0x00007ff8a62c6000 	C:\WINDOWS\System32\ole32.dll
0x00007ff8a6560000 - 0x00007ff8a6624000 	C:\WINDOWS\System32\OLEAUT32.dll
0x00007ff8a4490000 - 0x00007ff8a45d9000 	C:\WINDOWS\System32\crypt32.dll
0x00007ff8a3eb0000 - 0x00007ff8a3ec2000 	C:\WINDOWS\System32\MSASN1.dll
0x00007ff8a4690000 - 0x00007ff8a46ec000 	C:\WINDOWS\System32\WINTRUST.DLL
0x00007ff8a5cd0000 - 0x00007ff8a5ced000 	C:\WINDOWS\System32\imagehlp.dll
0x00007ff8a31f0000 - 0x00007ff8a3223000 	C:\WINDOWS\system32\rsaenh.dll
0x00007ff8a4fc0000 - 0x00007ff8a4fe6000 	C:\WINDOWS\System32\bcrypt.dll
0x00007ff8a3850000 - 0x00007ff8a385c000 	C:\WINDOWS\SYSTEM32\CRYPTBASE.dll
0x00007ff88b6a0000 - 0x00007ff88b6ea000 	C:\Program Files\Java\jdk-10.0.2\bin\glass.dll
0x00007ff8a53f0000 - 0x00007ff8a54c0000 	C:\WINDOWS\System32\COMDLG32.dll
0x00007ff8a5100000 - 0x00007ff8a5235000 	C:\WINDOWS\System32\MSCTF.dll
0x00007ff854940000 - 0x00007ff855ddb000 	C:\WINDOWS\System32\DriverStore\FileRepository\nvhmi.inf_amd64_9e24ff9df684f93e\nvd3dumx.dll
0x00007ff87d200000 - 0x00007ff87d2ee000 	C:\WINDOWS\System32\DriverStore\FileRepository\nvhmi.inf_amd64_9e24ff9df684f93e\nvldumdx.dll
0x00007ff86ff80000 - 0x00007ff870244000 	C:\WINDOWS\system32\nvspcap64.dll
0x00007ff8a2e70000 - 0x00007ff8a2ea1000 	C:\WINDOWS\SYSTEM32\ntmarta.dll
0x00007ff8a2a30000 - 0x00007ff8a2a52000 	C:\WINDOWS\SYSTEM32\gpapi.dll
0x00007ff895ea0000 - 0x00007ff895ecf000 	C:\WINDOWS\SYSTEM32\cryptnet.dll
0x00007ff870df0000 - 0x00007ff870fc7000 	C:\WINDOWS\System32\DriverStore\FileRepository\ki126950.inf_amd64_fa7f56314967630d\igdumdim64.dll
0x00007ff898830000 - 0x00007ff89a5c5000 	C:\WINDOWS\System32\DriverStore\FileRepository\ki126950.inf_amd64_fa7f56314967630d\igc64.dll
0x00007ff88cca0000 - 0x00007ff88ccb4000 	C:\Program Files\Java\jdk-10.0.2\bin\javafx_font.dll
0x00007ff8888e0000 - 0x00007ff888bde000 	C:\WINDOWS\SYSTEM32\dwrite.dll
0x00007ff8a3d00000 - 0x00007ff8a3d25000 	C:\WINDOWS\SYSTEM32\USERENV.dll
0x00007ff8a3390000 - 0x00007ff8a33ca000 	C:\WINDOWS\SYSTEM32\IPHLPAPI.DLL
0x00007ff8a5e10000 - 0x00007ff8a5e18000 	C:\WINDOWS\System32\NSI.dll
0x00007ff8985e0000 - 0x00007ff8985f6000 	C:\WINDOWS\SYSTEM32\dhcpcsvc6.DLL
0x00007ff8985c0000 - 0x00007ff8985dc000 	C:\WINDOWS\SYSTEM32\dhcpcsvc.DLL
0x00007ff8a33d0000 - 0x00007ff8a349a000 	C:\WINDOWS\SYSTEM32\DNSAPI.dll
0x00007ff889360000 - 0x00007ff889383000 	C:\Program Files\Java\jdk-10.0.2\bin\javafx_iio.dll
0x00007ff8a5050000 - 0x00007ff8a50f2000 	C:\WINDOWS\System32\clbcatq.dll
0x00007ff89e170000 - 0x00007ff89e31f000 	C:\WINDOWS\SYSTEM32\WindowsCodecs.dll

dbghelp: loaded successfully - version: 4.0.5 - missing functions: none
symbol engine: initialized successfully - sym options: 0x614 - pdb path: .;C:\Program Files\Java\jdk-11.0.6\bin;C:\WINDOWS\SYSTEM32;C:\WINDOWS\WinSxS\amd64_microsoft.windows.common-controls_6595b64144ccf1df_6.0.18362.657_none_e6c5b579130e3898;C:\Program Files\Java\jdk-11.0.6\bin\server;A:\Programme\IntelliJ IDEA 2019.3.3\bin;C:\Program Files\Java\jdk-10.0.2\bin;C:\WINDOWS\System32\DriverStore\FileRepository\ki126950.inf_amd64_fa7f56314967630d;C:\WINDOWS\System32\DriverStore\FileRepository\nvhmi.inf_amd64_9e24ff9df684f93e;C:\Program Files\Common Files\Microsoft Shared\Ink

VM Arguments:
jvm_args: --add-modules=javafx.base,javafx.graphics --add-reads=javafx.base=ALL-UNNAMED --add-reads=javafx.graphics=ALL-UNNAMED -javaagent:A:\Programme\IntelliJ IDEA 2019.3.3\lib\idea_rt.jar=51359:A:\Programme\IntelliJ IDEA 2019.3.3\bin -Dfile.encoding=UTF-8 --module-path=C:\Users\Ali S\.m2\repository\org\openjfx\javafx-base\12\javafx-base-12-win.jar;C:\Users\Ali S\.m2\repository\org\openjfx\javafx-graphics\12\javafx-graphics-12-win.jar;A:\AIUS\Project_AIUS\target\classes;C:\Users\Ali S\.m2\repository\org\openjfx\javafx-web\12\javafx-web-12.jar;C:\Users\Ali S\.m2\repository\org\openjfx\javafx-web\12\javafx-web-12-win.jar;C:\Users\Ali S\.m2\repository\org\openjfx\javafx-media\12\javafx-media-12.jar;C:\Users\Ali S\.m2\repository\org\openjfx\javafx-media\12\javafx-media-12-win.jar;C:\Users\Ali S\.m2\repository\org\openjfx\javafx-graphics\12\javafx-graphics-12.jar;C:\Users\Ali S\.m2\repository\org\openjfx\javafx-base\12\javafx-base-12.jar;C:\Users\Ali S\.m2\repository\org\openjfx\javafx-controls\12\javafx-controls-12.jar;C:\Users\Ali S\.m2\repository\org\openjfx\javafx-controls\12\javafx-controls-12-win.jar;C:\Users\Ali S\.m2\repository\org\openjfx\javafx-fxml\12\javafx-fxml-12.jar;C:\Users\Ali S\.m2\repository\org\openjfx\javafx-fxml\12\javafx-fxml-12-win.jar;C:\Users\Ali S\.m2\repository\com\jfoenix\jfoenix\9.0.9\jfoenix-9.0.9.jar;C:\Users\Ali S\.m2\repository\org\kordamp\ikonli\ikonli-elusive-pack\11.0.2\ikonli-elusive-pack-11.0.2.jar;C:\Users\Ali S\.m2\repository\org\kordamp\ikonli\ikonli-core\11.0.2\ikonli-core-11.0.2.jar;C:\Users\Ali S\.m2\repository\org\kordamp\ikonli\ikonli-javafx\11.3.5\ikonli-javafx-11.3.5.jar;C:\Users\Ali S\.m2\repository\org\kordamp\ikonli\ikonli-entypo-pack\11.3.5\ikonli-entypo-pack-11.3.5.jar;C:\Users\Ali S\.m2\repository\eu\hansolo\medusa\11.2\Medusa-11.2.jar;C:\Users\Ali S\.m2\repository\eu\hansolo\tilesfx\11.31\tilesfx-11.31.jar;C:\Users\Ali S\.m2\repository\com\googlecode\json-simple\json-simple\1.1.1\json-simple-1.1.1.jar;C:\Users\Ali S\.m2\repository\junit\junit\4.10\junit-4.10.jar;C:\Users\Ali S\.m2\repository\com\github\oshi\oshi-core\4.4.2\oshi-core-4.4.2.jar;C:\Users\Ali S\.m2\repository\net\java\dev\jna\jna\5.5.0\jna-5.5.0.jar;C:\Users\Ali S\.m2\repository\net\java\dev\jna\jna-plat-Djdk.module.main=Project_AIUS 
java_command: Project_AIUS/Project_AIUS.application.APP
java_class_path (initial): <not set>
Launcher Type: SUN_STANDARD

[Global flags]
     intx CICompilerCount                          = 3                                         {product} {ergonomic}
     uint ConcGCThreads                            = 1                                         {product} {ergonomic}
     uint G1ConcRefinementThreads                  = 4                                         {product} {ergonomic}
   size_t G1HeapRegionSize                         = 1048576                                   {product} {ergonomic}
    uintx GCDrainStackTargetSize                   = 64                                        {product} {ergonomic}
   size_t InitialHeapSize                          = 134217728                                 {product} {ergonomic}
   size_t MarkStackSize                            = 4194304                                   {product} {ergonomic}
   size_t MaxHeapSize                              = 2118123520                                {product} {ergonomic}
   size_t MaxNewSize                               = 1270874112                                {product} {ergonomic}
   size_t MinHeapDeltaBytes                        = 1048576                                   {product} {ergonomic}
    uintx NonNMethodCodeHeapSize                   = 5830732                                {pd product} {ergonomic}
    uintx NonProfiledCodeHeapSize                  = 122913754                              {pd product} {ergonomic}
    uintx ProfiledCodeHeapSize                     = 122913754                              {pd product} {ergonomic}
    uintx ReservedCodeCacheSize                    = 251658240                              {pd product} {ergonomic}
     bool SegmentedCodeCache                       = true                                      {product} {ergonomic}
     bool UseCompressedClassPointers               = true                                 {lp64_product} {ergonomic}
     bool UseCompressedOops                        = true                                 {lp64_product} {ergonomic}
     bool UseG1GC                                  = true                                      {product} {ergonomic}
     bool UseLargePagesIndividualAllocation        = false                                  {pd product} {ergonomic}

Logging:
Log output configuration:
 #0: stdout all=warning uptime,level,tags
 #1: stderr all=off uptime,level,tags

Environment Variables:
JAVA_HOME=C:\Program Files\Java\jdk-11.0.6\bin
PATH=C:\Program Files\Java\jdk-11.0.6\bin;C:\Program Files (x86)\Intel\Intel(R) Management Engine Components\iCLS\;C:\Program Files\Intel\Intel(R) Management Engine Components\iCLS\;C:\Windows\system32;C:\Windows;C:\Windows\System32\Wbem;C:\Windows\System32\WindowsPowerShell\v1.0\;C:\Windows\System32\OpenSSH\;C:\Program Files (x86)\Intel\Intel(R) Management Engine Components\DAL;C:\Program Files\Intel\Intel(R) Management Engine Components\DAL;C:\Program Files (x86)\Intel\Intel(R) Management Engine Components\IPT;C:\Program Files\Intel\Intel(R) Management Engine Components\IPT;C:\Program Files (x86)\NVIDIA Corporation\PhysX\Common;C:\Program Files\Git\cmd;C:\Program Files\Java\jdk-10.0.2\bin;A:\Programme\PuTTY\;C:\WINDOWS\system32;C:\WINDOWS;C:\WINDOWS\System32\Wbem;C:\WINDOWS\System32\WindowsPowerShell\v1.0\;C:\WINDOWS\System32\OpenSSH\;A:\Programme\AOMEI Backupper;C:\Program Files\Microsoft SQL Server\130\Tools\Binn\;C:\Program Files\Java\maven\apache-maven-3.6.2\bin;A:\Programme\MikTex\miktex\bin\x64\;A:\Programme\Angular\;C:\Program Files\NVIDIA Corporation\NVIDIA NvDLISR;C:\Users\Ali S\AppData\Local\Programs\Python\Launcher\;C:\Users\Ali S\AppData\Local\Microsoft\WindowsApps;A:\Programme\Docker Toolbox\Docker Toolbox;C:\Users\Ali S\AppData\Local\atom\bin;C:\Users\Ali S\AppData\Local\GitHubDesktop\bin;A:\Programme\snap\snap\bin;C:\Users\Ali S\AppData\Local\Microsoft\WindowsApps;C:\Users\Ali S\AppData\Roaming\npm;A:\Programme\Microsoft VS Code\bin
USERNAME=Ali S
OS=Windows_NT
PROCESSOR_IDENTIFIER=Intel64 Family 6 Model 158 Stepping 9, GenuineIntel



---------------  S Y S T E M  ---------------

OS: Windows 10 , 64 bit Build 18362 (10.0.18362.329)

CPU:total 4 (initial active 4) (4 cores per cpu, 1 threads per core) family 6 model 158 stepping 9, cmov, cx8, fxsr, mmx, sse, sse2, sse3, ssse3, sse4.1, sse4.2, popcnt, avx, avx2, aes, clmul, erms, 3dnowpref, lzcnt, tsc, tscinvbit, bmi1, bmi2, adx, fma

Memory: 4k page, system-wide physical 8077M (2925M free)
TotalPageFile size 12173M (AvailPageFile size 3244M)
current process WorkingSet (physical memory assigned to process): 376M, peak: 380M
current process commit charge ("private bytes"): 547M, peak: 549M

vm_info: Java HotSpot(TM) 64-Bit Server VM (11.0.6+8-LTS) for windows-amd64 JRE (11.0.6+8-LTS), built on Dec 11 2019 09:17:57 by "mach5one" with MS VC++ 15.5 (VS2017)

END.
