#
# A fatal error has been detected by the Java Runtime Environment:
#
#  EXCEPTION_ACCESS_VIOLATION (0xc0000005) at pc=0x00007ff85f727453, pid=93864, tid=94076
#
# JRE version: Java(TM) SE Runtime Environment (13.0.2+8) (build 13.0.2+8)
# Java VM: Java HotSpot(TM) 64-Bit Server VM (13.0.2+8, mixed mode, sharing, tiered, compressed oops, g1 gc, windows-amd64)
# Problematic frame:
# V  [jvm.dll+0x3b7453]
#
# No core dump will be written. Minidumps are not enabled by default on client versions of Windows
#
# If you would like to submit a bug report, please visit:
#   http://bugreport.java.com/bugreport/crash.jsp
#

---------------  S U M M A R Y ------------

Command Line: -agentlib:jdwp=transport=dt_socket,address=127.0.0.1:51396,suspend=y,server=n --add-modules=javafx.base,javafx.graphics --add-reads=javafx.base=ALL-UNNAMED --add-reads=javafx.graphics=ALL-UNNAMED -javaagent:C:\Users\ALIS~1\AppData\Local\Temp\captureAgentjars\debugger-agent.jar -Dfile.encoding=UTF-8 --module-path=C:\Users\Ali S\.m2\repository\org\openjfx\javafx-base\12\javafx-base-12-win.jar;C:\Users\Ali S\.m2\repository\org\openjfx\javafx-graphics\12\javafx-graphics-12-win.jar;A:\AIUS\Project_AIUS\target\classes;C:\Users\Ali S\.m2\repository\org\openjfx\javafx-web\12\javafx-web-12.jar;C:\Users\Ali S\.m2\repository\org\openjfx\javafx-web\12\javafx-web-12-win.jar;C:\Users\Ali S\.m2\repository\org\openjfx\javafx-media\12\javafx-media-12.jar;C:\Users\Ali S\.m2\repository\org\openjfx\javafx-media\12\javafx-media-12-win.jar;C:\Users\Ali S\.m2\repository\org\openjfx\javafx-graphics\12\javafx-graphics-12.jar;C:\Users\Ali S\.m2\repository\org\openjfx\javafx-base\12\javafx-base-12.jar;C:\Users\Ali S\.m2\repository\org\openjfx\javafx-controls\12\javafx-controls-12.jar;C:\Users\Ali S\.m2\repository\org\openjfx\javafx-controls\12\javafx-controls-12-win.jar;C:\Users\Ali S\.m2\repository\org\openjfx\javafx-fxml\12\javafx-fxml-12.jar;C:\Users\Ali S\.m2\repository\org\openjfx\javafx-fxml\12\javafx-fxml-12-win.jar;C:\Users\Ali S\.m2\repository\com\jfoenix\jfoenix\9.0.9\jfoenix-9.0.9.jar;C:\Users\Ali S\.m2\repository\org\kordamp\ikonli\ikonli-elusive-pack\11.0.2\ikonli-elusive-pack-11.0.2.jar;C:\Users\Ali S\.m2\repository\org\kordamp\ikonli\ikonli-core\11.0.2\ikonli-core-11.0.2.jar;C:\Users\Ali S\.m2\repository\org\kordamp\ikonli\ikonli-javafx\11.3.5\ikonli-javafx-11.3.5.jar;C:\Users\Ali S\.m2\repository\org\kordamp\ikonli\ikonli-entypo-pack\11.3.5\ikonli-entypo-pack-11.3.5.jar;C:\Users\Ali S\.m2\repository\eu\hansolo\medusa\11.2\Medusa-11.2.jar;C:\Users\Ali S\.m2\repository\eu\hansolo\tilesfx\11.31\tilesfx-11.31.jar;C:\Users\Ali S\.m2\repository\com\googlecode\json-simple\json-simple\1.1.1\json-simple-1.1.1.jar;C:\Users\Ali S\.m2\repository\junit\junit\4.10\junit-4.10.jar;C:\Users\Ali S\.m2\repository\com\github\oshi\oshi-core\4.4.2\oshi-core-4.4.2.jar;C:\Users\Ali S\.m2\repository\net\java\dev\jna\jna\5.5.0\jna-5.5.0.jar;C:\Users\Ali S\.m2\repository\net\java\dev\jna\jna-plat-Djdk.module.main=Project_AIUS Project_AIUS/Project_AIUS.application.APP

Host: Intel(R) Core(TM) i5-7300HQ CPU @ 2.50GHz, 4 cores, 7G,  Windows 10 , 64 bit Build 18362 (10.0.18362.329)
Time: Sun Mar  8 14:56:48 2020 Mitteleuropäische Zeit elapsed time: 11 seconds (0d 0h 0m 11s)

---------------  T H R E A D  ---------------

Current thread (0x0000023aebfe1800):  JavaThread "JavaFX Application Thread" [_thread_in_vm, id=94076, stack(0x000000de91d00000,0x000000de91e00000)]

Stack: [0x000000de91d00000,0x000000de91e00000],  sp=0x000000de91dfa320,  free space=1000k
Native frames: (J=compiled Java code, j=interpreted, Vv=VM code, C=native code)
V  [jvm.dll+0x3b7453]
C  0x00007ff850553f4c

Java frames: (J=compiled Java code, j=interpreted, Vv=VM code)
j  com.sun.webkit.Timer.twkFireTimerEvent()V+0 javafx.web
j  com.sun.webkit.Timer.fireTimerEvent(J)V+45 javafx.web
j  com.sun.webkit.Timer.notifyTick()V+25 javafx.web
j  javafx.scene.web.WebEngine$PulseTimer.lambda$static$0()V+3 javafx.web
j  javafx.scene.web.WebEngine$PulseTimer$$Lambda$649.run()V+0 javafx.web
J 4942 c1 com.sun.javafx.application.PlatformImpl.lambda$runLater$11(Ljava/lang/Runnable;Ljava/security/AccessControlContext;)V javafx.graphics (38 bytes) @ 0x0000023ad5eb0fb4 [0x0000023ad5eb09a0+0x0000000000000614]
J 4941 c1 com.sun.javafx.application.PlatformImpl$$Lambda$108.run()V javafx.graphics (12 bytes) @ 0x0000023ad5e10064 [0x0000023ad5e0ffc0+0x00000000000000a4]
J 4743 c1 com.sun.glass.ui.InvokeLaterDispatcher$Future.run$$$capture()V javafx.graphics (91 bytes) @ 0x0000023ad5603fd4 [0x0000023ad5603ea0+0x0000000000000134]
J 4742 c1 com.sun.glass.ui.InvokeLaterDispatcher$Future.run()V javafx.graphics (27 bytes) @ 0x0000023ad57dc124 [0x0000023ad57dc060+0x00000000000000c4]
v  ~StubRoutines::call_stub
j  com.sun.glass.ui.win.WinApplication._runLoop(Ljava/lang/Runnable;)V+0 javafx.graphics
j  com.sun.glass.ui.win.WinApplication.lambda$runLoop$3(ILjava/lang/Runnable;)V+8 javafx.graphics
j  com.sun.glass.ui.win.WinApplication$$Lambda$97.run()V+12 javafx.graphics
j  java.lang.Thread.run()V+11 java.base@13.0.2
v  ~StubRoutines::call_stub

siginfo: EXCEPTION_ACCESS_VIOLATION (0xc0000005), reading address 0x0000000000000000


Register to memory mapping:

RIP=0x00007ff85f727453 jvm.dll
RAX=0x0 is NULL
RBX=0x0000023aebfe1800 is a thread
RCX=0x71f9bdbaadb30000 is an unknown value
RDX=0x0000000000000006 is an unknown value
RSP=0x000000de91dfa320 is pointing into the stack for thread: 0x0000023aebfe1800
RBP=0x0000023aebfe1b10 points into unknown readable memory: 50 73 d6 5f f8 7f 00 00
RSI=0x000000de91dfa670 is pointing into the stack for thread: 0x0000023aebfe1800
RDI=0x0000023aebfe1800 is a thread
R8 =0x0 is NULL
R9 =0x000000de91dfa438 is pointing into the stack for thread: 0x0000023aebfe1800
R10=0x0000000000008000 is an unknown value
R11=0x000000de91dfa318 is pointing into the stack for thread: 0x0000023aebfe1800
R12=0x0000023afbfacd90 is a global jni handle
R13=0x0000000000000007 is an unknown value
R14=0x0 is NULL
R15=0x000000de91dfa438 is pointing into the stack for thread: 0x0000023aebfe1800


Registers:
RAX=0x0000000000000000, RBX=0x0000023aebfe1800, RCX=0x71f9bdbaadb30000, RDX=0x0000000000000006
RSP=0x000000de91dfa320, RBP=0x0000023aebfe1b10, RSI=0x000000de91dfa670, RDI=0x0000023aebfe1800
R8 =0x0000000000000000, R9 =0x000000de91dfa438, R10=0x0000000000008000, R11=0x000000de91dfa318
R12=0x0000023afbfacd90, R13=0x0000000000000007, R14=0x0000000000000000, R15=0x000000de91dfa438
RIP=0x00007ff85f727453, EFLAGS=0x0000000000010202

Top of Stack: (sp=0x000000de91dfa320)
0x000000de91dfa320:   0000023aebfe1800 000000de91dfa670
0x000000de91dfa330:   000000de00000522 0000023aca990000
0x000000de91dfa340:   000000de91dfa400 0000000000000000
0x000000de91dfa350:   0000000000000000 00007ff8510e1659
0x000000de91dfa360:   000000de91dfa440 00007ff8a4eb14cb
0x000000de91dfa370:   0000023aebfe1800 0000023aec0cc5b0
0x000000de91dfa380:   000000de00000522 00007ff85fbfcff8
0x000000de91dfa390:   0000000000000000 00007ff85057a6b0
0x000000de91dfa3a0:   000000de91dfa440 0000000000000000
0x000000de91dfa3b0:   0000000000000000 0000000000000000
0x000000de91dfa3c0:   0000023a00000000 000000000000202b
0x000000de91dfa3d0:   000000de91dfa670 000000de91dfb048
0x000000de91dfa3e0:   0000023ac9170f80 00007ff850553f4c
0x000000de91dfa3f0:   0000000000000000 000000de91dfa670
0x000000de91dfa400:   0000023aebfe1b10 000000de91dfb048
0x000000de91dfa410:   0000000000000000 00007ff850579ef2 

Instructions: (pc=0x00007ff85f727453)
0x00007ff85f727353:   48 8b 47 18 48 89 41 18 48 8b 4f 08 48 8b 47 20
0x00007ff85f727363:   48 89 41 20 c7 83 88 03 00 00 07 00 00 00 e8 da
0x00007ff85f727373:   f7 25 00 83 3d 83 d7 6d 00 01 48 8b bc 24 e0 00
0x00007ff85f727383:   00 00 75 0e 48 8b 83 08 01 00 00 c0 e8 03 a8 01
0x00007ff85f727393:   74 08 48 8b cb e8 43 58 2d 00 0f 28 c6 c7 83 88
0x00007ff85f7273a3:   03 00 00 04 00 00 00 0f 28 b4 24 a0 00 00 00 48
0x00007ff85f7273b3:   81 c4 c0 00 00 00 5b c3 cc cc cc cc cc 48 8b c4
0x00007ff85f7273c3:   53 48 81 ec c0 00 00 00 48 89 68 08 48 8b e9 48
0x00007ff85f7273d3:   89 70 10 48 89 78 18 48 8d b9 f0 fc ff ff 4c 89
0x00007ff85f7273e3:   60 20 4c 8b e2 4c 89 70 f0 4d 8b f0 4c 89 78 e8
0x00007ff85f7273f3:   4d 8b f9 8b 87 a0 03 00 00 05 55 21 ff ff 83 f8
0x00007ff85f727403:   01 76 0d 48 8b cf 40 b6 01 e8 cf 87 37 00 eb 03
0x00007ff85f727413:   40 32 f6 33 db ba 06 00 00 00 40 84 f6 48 0f 44
0x00007ff85f727423:   df 48 8b cb e8 74 52 d8 ff 48 83 7b 08 00 48 8b
0x00007ff85f727433:   b4 24 d8 00 00 00 48 89 5c 24 50 48 c7 44 24 58
0x00007ff85f727443:   00 00 00 00 74 0a 48 8d 4c 24 50 e8 4d 0c 2a 00
0x00007ff85f727453:   49 8b 06 48 8d 4c 24 70 c7 44 24 40 07 00 00 00
0x00007ff85f727463:   0f 29 b4 24 a0 00 00 00 48 8b 50 08 0f b7 42 2c
0x00007ff85f727473:   48 8b 52 08 48 8b 54 c2 40 e8 3f fe 2e 00 48 8d
0x00007ff85f727483:   05 f0 5c 4d 00 48 89 5c 24 30 48 89 44 24 70 48
0x00007ff85f727493:   8d 54 24 40 48 8d 44 24 70 c7 84 24 88 00 00 00
0x00007ff85f7274a3:   63 00 00 00 48 89 44 24 28 41 b9 01 00 00 00 4d
0x00007ff85f7274b3:   8b c4 4c 89 74 24 20 48 8b cd 48 c7 84 24 90 00
0x00007ff85f7274c3:   00 00 00 00 00 00 4c 89 bc 24 98 00 00 00 e8 aa
0x00007ff85f7274d3:   64 01 00 48 83 7b 08 00 4c 8b bc 24 b0 00 00 00
0x00007ff85f7274e3:   4c 8b b4 24 b8 00 00 00 4c 8b a4 24 e8 00 00 00
0x00007ff85f7274f3:   48 8b ac 24 d0 00 00 00 74 05 0f 57 f6 eb 06 f2
0x00007ff85f727503:   0f 10 74 24 48 48 83 7c 24 58 00 74 0a 48 8d 4c
0x00007ff85f727513:   24 50 e8 26 0c 2a 00 48 8b bb f0 00 00 00 48 8b
0x00007ff85f727523:   4f 10 48 83 39 00 74 0c 48 8b cf e8 1d cc f8 ff
0x00007ff85f727533:   48 8b 4f 10 48 8b 47 08 48 89 48 10 48 8b 4f 08
0x00007ff85f727543:   48 8b 47 18 48 89 41 18 48 8b 4f 08 48 8b 47 20 


Stack slot to memory mapping:
stack at sp + 0 slots: 0x0000023aebfe1800 is a thread
stack at sp + 1 slots: 0x000000de91dfa670 is pointing into the stack for thread: 0x0000023aebfe1800
stack at sp + 2 slots: 0x000000de00000522 is an unknown value
stack at sp + 3 slots: 0x0000023aca990000 points into unknown readable memory: 00 00 00 00 00 00 00 00
stack at sp + 4 slots: 0x000000de91dfa400 is pointing into the stack for thread: 0x0000023aebfe1800
stack at sp + 5 slots: 0x0 is NULL
stack at sp + 6 slots: 0x0 is NULL
stack at sp + 7 slots: 0x00007ff8510e1659 points into unknown readable memory: 48 8b 74 24 48 49 89


---------------  P R O C E S S  ---------------

Threads class SMR info:
_java_thread_list=0x0000023b00817840, length=42, elements={
0x0000023accaf6800, 0x0000023aeaff6800, 0x0000023aeaffb800, 0x0000023aeb010000,
0x0000023aeb014000, 0x0000023aeb015000, 0x0000023aeb9b3800, 0x0000023aeb9ba800,
0x0000023aeafd7000, 0x0000023aec45b000, 0x0000023aebf5c800, 0x0000023aec4dc800,
0x0000023aebb1c800, 0x0000023aebe4a800, 0x0000023aca999000, 0x0000023aebfe1800,
0x0000023aecd79800, 0x0000023aecd85800, 0x0000023afacbf800, 0x0000023aecff6000,
0x0000023afa150800, 0x0000023afba20000, 0x0000023aed1d2800, 0x0000023afbb51800,
0x0000023afbb51000, 0x0000023afbb50000, 0x0000023afbb52800, 0x0000023afbb4d000,
0x0000023afaf79000, 0x0000023afaf75800, 0x0000023afaf76800, 0x0000023afaf77000,
0x0000023afaf74000, 0x0000023afaf79800, 0x0000023afaf74800, 0x0000023afaf78000,
0x0000023afaf7e800, 0x0000023afaf7a800, 0x0000023afaf7b800, 0x0000023afaf82800,
0x0000023afaf82000, 0x0000023ac8391800
}

Java Threads: ( => current thread )
  0x0000023accaf6800 JavaThread "main" [_thread_blocked, id=93924, stack(0x000000de90400000,0x000000de90500000)]
  0x0000023aeaff6800 JavaThread "Reference Handler" daemon [_thread_blocked, id=93960, stack(0x000000de90b00000,0x000000de90c00000)]
  0x0000023aeaffb800 JavaThread "Finalizer" daemon [_thread_blocked, id=93956, stack(0x000000de90c00000,0x000000de90d00000)]
  0x0000023aeb010000 JavaThread "Signal Dispatcher" daemon [_thread_blocked, id=93952, stack(0x000000de90d00000,0x000000de90e00000)]
  0x0000023aeb014000 JavaThread "Attach Listener" daemon [_thread_blocked, id=93972, stack(0x000000de90e00000,0x000000de90f00000)]
  0x0000023aeb015000 JavaThread "C2 CompilerThread0" daemon [_thread_in_native, id=93968, stack(0x000000de90f00000,0x000000de91000000)]
  0x0000023aeb9b3800 JavaThread "C1 CompilerThread0" daemon [_thread_blocked, id=93976, stack(0x000000de91000000,0x000000de91100000)]
  0x0000023aeb9ba800 JavaThread "Sweeper thread" daemon [_thread_blocked, id=93980, stack(0x000000de91100000,0x000000de91200000)]
  0x0000023aeafd7000 JavaThread "Common-Cleaner" daemon [_thread_blocked, id=93948, stack(0x000000de91200000,0x000000de91300000)]
  0x0000023aec45b000 JavaThread "JDWP Transport Listener: dt_socket" daemon [_thread_blocked, id=94008, stack(0x000000de91400000,0x000000de91500000)]
  0x0000023aebf5c800 JavaThread "JDWP Event Helper Thread" daemon [_thread_blocked, id=94004, stack(0x000000de91500000,0x000000de91600000)]
  0x0000023aec4dc800 JavaThread "JDWP Command Reader" daemon [_thread_in_native, id=94000, stack(0x000000de91600000,0x000000de91700000)]
  0x0000023aebb1c800 JavaThread "Service Thread" daemon [_thread_blocked, id=94020, stack(0x000000de91300000,0x000000de91400000)]
  0x0000023aebe4a800 JavaThread "QuantumRenderer-0" daemon [_thread_blocked, id=93988, stack(0x000000de91a00000,0x000000de91b00000)]
  0x0000023aca999000 JavaThread "InvokeLaterDispatcher" daemon [_thread_blocked, id=94068, stack(0x000000de91c00000,0x000000de91d00000)]
=>0x0000023aebfe1800 JavaThread "JavaFX Application Thread" [_thread_in_vm, id=94076, stack(0x000000de91d00000,0x000000de91e00000)]
  0x0000023aecd79800 JavaThread "Thread-1" daemon [_thread_in_native, id=94124, stack(0x000000de92200000,0x000000de92300000)]
  0x0000023aecd85800 JavaThread "JavaFX-Launcher" [_thread_blocked, id=94128, stack(0x000000de92300000,0x000000de92400000)]
  0x0000023afacbf800 JavaThread "Prism Font Disposer" daemon [_thread_blocked, id=94136, stack(0x000000de92500000,0x000000de92600000)]
  0x0000023aecff6000 JavaThread "pool-2-thread-1" [_thread_blocked, id=92948, stack(0x000000de92700000,0x000000de92800000)]
  0x0000023afa150800 JavaThread "ClockTick" daemon [_thread_blocked, id=94252, stack(0x000000de92800000,0x000000de92900000)]
  0x0000023afba20000 JavaThread "Cleaner-0" daemon [_thread_blocked, id=94300, stack(0x000000de92e00000,0x000000de92f00000)]
  0x0000023aed1d2800 JavaThread "pool-3-thread-1" [_thread_blocked, id=94436, stack(0x000000de92400000,0x000000de92500000)]
  0x0000023afbb51800 JavaThread "Disposer" daemon [_thread_blocked, id=94440, stack(0x000000de92f00000,0x000000de93000000)]
  0x0000023afbb51000 JavaThread "URL-Loader-1" daemon [_thread_blocked, id=94404, stack(0x000000de93000000,0x000000de93100000)]
  0x0000023afbb50000 JavaThread "URL-Loader-2" daemon [_thread_blocked, id=94528, stack(0x000000de93800000,0x000000de93900000)]
  0x0000023afbb52800 JavaThread "URL-Loader-3" daemon [_thread_blocked, id=94492, stack(0x000000de93900000,0x000000de93a00000)]
  0x0000023afbb4d000 JavaThread "URL-Loader-4" daemon [_thread_blocked, id=94488, stack(0x000000de93a00000,0x000000de93b00000)]
  0x0000023afaf79000 JavaThread "URL-Loader-5" daemon [_thread_blocked, id=94560, stack(0x000000de93c00000,0x000000de93d00000)]
  0x0000023afaf75800 JavaThread "URL-Loader-6" daemon [_thread_blocked, id=94556, stack(0x000000de93d00000,0x000000de93e00000)]
  0x0000023afaf76800 JavaThread "URL-Loader-7" daemon [_thread_blocked, id=94564, stack(0x000000de93e00000,0x000000de93f00000)]
  0x0000023afaf77000 JavaThread "URL-Loader-8" daemon [_thread_blocked, id=94572, stack(0x000000de93b00000,0x000000de93c00000)]
  0x0000023afaf74000 JavaThread "Keep-Alive-Timer" daemon [_thread_blocked, id=94536, stack(0x000000de94000000,0x000000de94100000)]
  0x0000023afaf79800 JavaThread "URL-Loader-9" daemon [_thread_blocked, id=94600, stack(0x000000de94200000,0x000000de94300000)]
  0x0000023afaf74800 JavaThread "URL-Loader-10" daemon [_thread_blocked, id=94604, stack(0x000000de94300000,0x000000de94400000)]
  0x0000023afaf78000 JavaThread "URL-Loader-11" daemon [_thread_blocked, id=94612, stack(0x000000de94400000,0x000000de94500000)]
  0x0000023afaf7e800 JavaThread "URL-Loader-12" daemon [_thread_blocked, id=94648, stack(0x000000de94700000,0x000000de94800000)]
  0x0000023afaf7a800 JavaThread "URL-Loader-13" daemon [_thread_blocked, id=94644, stack(0x000000de94800000,0x000000de94900000)]
  0x0000023afaf7b800 JavaThread "URL-Loader-14" daemon [_thread_blocked, id=94764, stack(0x000000de93100000,0x000000de93200000)]
  0x0000023afaf82800 JavaThread "URL-Loader-15" daemon [_thread_blocked, id=94760, stack(0x000000de94600000,0x000000de94700000)]
  0x0000023afaf82000 JavaThread "URL-Loader-16" daemon [_thread_blocked, id=94816, stack(0x000000de94900000,0x000000de94a00000)]
  0x0000023ac8391800 JavaThread "URL-Loader-17" daemon [_thread_in_native, id=94824, stack(0x000000de94a00000,0x000000de94b00000)]

Other Threads:
  0x0000023aeafed000 VMThread "VM Thread" [stack: 0x000000de90a00000,0x000000de90b00000] [id=93964]
  0x0000023aec119800 WatcherThread [stack: 0x000000de91700000,0x000000de91800000] [id=94024]
  0x0000023accb39800 GCTaskThread "GC Thread#0" [stack: 0x000000de90500000,0x000000de90600000] [id=93932]
  0x0000023aec0cb000 GCTaskThread "GC Thread#1" [stack: 0x000000de91800000,0x000000de91900000] [id=94028]
  0x0000023aec0cb800 GCTaskThread "GC Thread#2" [stack: 0x000000de91900000,0x000000de91a00000] [id=93992]
  0x0000023afbd23800 GCTaskThread "GC Thread#3" [stack: 0x000000de93200000,0x000000de93300000] [id=94464]
  0x0000023accb4a800 ConcurrentGCThread "G1 Main Marker" [stack: 0x000000de90600000,0x000000de90700000] [id=93936]
  0x0000023accb4c000 ConcurrentGCThread "G1 Conc#0" [stack: 0x000000de90700000,0x000000de90800000] [id=93940]
  0x0000023aeae71800 ConcurrentGCThread "G1 Refine#0" [stack: 0x000000de90800000,0x000000de90900000] [id=93900]
  0x0000023afa788800 ConcurrentGCThread "G1 Refine#1" [stack: 0x000000de94500000,0x000000de94600000] [id=94580]
  0x0000023accbb7800 ConcurrentGCThread "G1 Young RemSet Sampling" [stack: 0x000000de90900000,0x000000de90a00000] [id=93896]

Threads with active compile tasks:
C2 CompilerThread0    11176 5481       4       java.net.URI$Parser::scan (76 bytes)

VM state:not at safepoint (normal execution)

VM Mutex/Monitor currently owned by a thread: None

Heap address: 0x0000000081c00000, size: 2020 MB, Compressed Oops mode: 32-bit
Narrow klass base: 0x0000000800000000, Narrow klass shift: 3
Compressed class space size: 1073741824 Address: 0x0000000800b40000

Heap:
 garbage-first heap   total 126976K, used 80704K [0x0000000081c00000, 0x0000000100000000)
  region size 1024K, 16 young (16384K), 1 survivors (1024K)
 Metaspace       used 28879K, capacity 30036K, committed 30204K, reserved 1075200K
  class space    used 3846K, capacity 4320K, committed 4352K, reserved 1048576K
Heap Regions: E=young(eden), S=young(survivor), O=old, HS=humongous(starts), HC=humongous(continues), CS=collection set, F=free, A=archive, TAMS=top-at-mark-start (previous, next)
|   0|0x0000000081c00000, 0x0000000081d00000, 0x0000000081d00000|100%|HS|  |TAMS 0x0000000081d00000, 0x0000000081c00000| Complete 
|   1|0x0000000081d00000, 0x0000000081e00000, 0x0000000081e00000|100%|HC|  |TAMS 0x0000000081e00000, 0x0000000081d00000| Complete 
|   2|0x0000000081e00000, 0x0000000081e00000, 0x0000000081f00000|  0%| F|  |TAMS 0x0000000081e00000, 0x0000000081e00000| Untracked 
|   3|0x0000000081f00000, 0x0000000081f00000, 0x0000000082000000|  0%| F|  |TAMS 0x0000000081f00000, 0x0000000081f00000| Untracked 
|   4|0x0000000082000000, 0x0000000082000000, 0x0000000082100000|  0%| F|  |TAMS 0x0000000082000000, 0x0000000082000000| Untracked 
|   5|0x0000000082100000, 0x0000000082100000, 0x0000000082200000|  0%| F|  |TAMS 0x0000000082100000, 0x0000000082100000| Untracked 
|   6|0x0000000082200000, 0x0000000082300000, 0x0000000082300000|100%| O|  |TAMS 0x0000000082300000, 0x0000000082200000| Untracked 
|   7|0x0000000082300000, 0x0000000082400000, 0x0000000082400000|100%| O|  |TAMS 0x0000000082400000, 0x0000000082300000| Untracked 
|   8|0x0000000082400000, 0x0000000082500000, 0x0000000082500000|100%| O|  |TAMS 0x0000000082500000, 0x0000000082400000| Untracked 
|   9|0x0000000082500000, 0x0000000082600000, 0x0000000082600000|100%| O|  |TAMS 0x0000000082600000, 0x0000000082500000| Untracked 
|  10|0x0000000082600000, 0x0000000082700000, 0x0000000082700000|100%| O|  |TAMS 0x0000000082700000, 0x0000000082600000| Untracked 
|  11|0x0000000082700000, 0x0000000082800000, 0x0000000082800000|100%| O|  |TAMS 0x0000000082800000, 0x0000000082700000| Untracked 
|  12|0x0000000082800000, 0x0000000082900000, 0x0000000082900000|100%| O|  |TAMS 0x0000000082900000, 0x0000000082800000| Untracked 
|  13|0x0000000082900000, 0x0000000082a00000, 0x0000000082a00000|100%| O|  |TAMS 0x0000000082a00000, 0x0000000082900000| Untracked 
|  14|0x0000000082a00000, 0x0000000082b00000, 0x0000000082b00000|100%| O|  |TAMS 0x0000000082b00000, 0x0000000082a00000| Untracked 
|  15|0x0000000082b00000, 0x0000000082bb4200, 0x0000000082c00000| 70%| O|  |TAMS 0x0000000082bb4200, 0x0000000082b00000| Untracked 
|  16|0x0000000082c00000, 0x0000000082d00000, 0x0000000082d00000|100%|HS|  |TAMS 0x0000000082d00000, 0x0000000082c00000| Complete 
|  17|0x0000000082d00000, 0x0000000082e00000, 0x0000000082e00000|100%|HC|  |TAMS 0x0000000082e00000, 0x0000000082d00000| Complete 
|  18|0x0000000082e00000, 0x0000000082e00000, 0x0000000082f00000|  0%| F|  |TAMS 0x0000000082e00000, 0x0000000082e00000| Untracked 
|  19|0x0000000082f00000, 0x0000000083000000, 0x0000000083000000|100%|HS|  |TAMS 0x0000000083000000, 0x0000000082f00000| Complete 
|  20|0x0000000083000000, 0x0000000083100000, 0x0000000083100000|100%| O|  |TAMS 0x0000000083100000, 0x0000000083000000| Untracked 
|  21|0x0000000083100000, 0x0000000083100000, 0x0000000083200000|  0%| F|  |TAMS 0x0000000083100000, 0x0000000083100000| Untracked 
|  22|0x0000000083200000, 0x0000000083200000, 0x0000000083300000|  0%| F|  |TAMS 0x0000000083200000, 0x0000000083200000| Untracked 
|  23|0x0000000083300000, 0x0000000083400000, 0x0000000083400000|100%|HS|  |TAMS 0x0000000083300000, 0x0000000083300000| Complete 
|  24|0x0000000083400000, 0x0000000083500000, 0x0000000083500000|100%| O|  |TAMS 0x0000000083500000, 0x0000000083400000| Untracked 
|  25|0x0000000083500000, 0x00000000835d3600, 0x0000000083600000| 82%| O|  |TAMS 0x00000000835d3600, 0x0000000083500000| Untracked 
|  26|0x0000000083600000, 0x0000000083700000, 0x0000000083700000|100%| O|  |TAMS 0x0000000083700000, 0x0000000083600000| Untracked 
|  27|0x0000000083700000, 0x0000000083800000, 0x0000000083800000|100%| O|  |TAMS 0x0000000083800000, 0x0000000083700000| Untracked 
|  28|0x0000000083800000, 0x0000000083900000, 0x0000000083900000|100%| O|  |TAMS 0x0000000083900000, 0x0000000083800000| Untracked 
|  29|0x0000000083900000, 0x0000000083900000, 0x0000000083a00000|  0%| F|  |TAMS 0x0000000083900000, 0x0000000083900000| Untracked 
|  30|0x0000000083a00000, 0x0000000083a00000, 0x0000000083b00000|  0%| F|  |TAMS 0x0000000083a00000, 0x0000000083a00000| Untracked 
|  31|0x0000000083b00000, 0x0000000083b00000, 0x0000000083c00000|  0%| F|  |TAMS 0x0000000083b00000, 0x0000000083b00000| Untracked 
|  32|0x0000000083c00000, 0x0000000083c00000, 0x0000000083d00000|  0%| F|  |TAMS 0x0000000083c00000, 0x0000000083c00000| Untracked 
|  33|0x0000000083d00000, 0x0000000083d00000, 0x0000000083e00000|  0%| F|  |TAMS 0x0000000083d00000, 0x0000000083d00000| Untracked 
|  34|0x0000000083e00000, 0x0000000083e00000, 0x0000000083f00000|  0%| F|  |TAMS 0x0000000083e00000, 0x0000000083e00000| Untracked 
|  35|0x0000000083f00000, 0x0000000083f00000, 0x0000000084000000|  0%| F|  |TAMS 0x0000000083f00000, 0x0000000083f00000| Untracked 
|  36|0x0000000084000000, 0x0000000084000000, 0x0000000084100000|  0%| F|  |TAMS 0x0000000084000000, 0x0000000084000000| Untracked 
|  37|0x0000000084100000, 0x0000000084100000, 0x0000000084200000|  0%| F|  |TAMS 0x0000000084100000, 0x0000000084100000| Untracked 
|  38|0x0000000084200000, 0x0000000084200000, 0x0000000084300000|  0%| F|  |TAMS 0x0000000084200000, 0x0000000084200000| Untracked 
|  39|0x0000000084300000, 0x0000000084300000, 0x0000000084400000|  0%| F|  |TAMS 0x0000000084300000, 0x0000000084300000| Untracked 
|  40|0x0000000084400000, 0x0000000084400000, 0x0000000084500000|  0%| F|  |TAMS 0x0000000084400000, 0x0000000084400000| Untracked 
|  41|0x0000000084500000, 0x0000000084500000, 0x0000000084600000|  0%| F|  |TAMS 0x0000000084500000, 0x0000000084500000| Untracked 
|  42|0x0000000084600000, 0x0000000084600000, 0x0000000084700000|  0%| F|  |TAMS 0x0000000084600000, 0x0000000084600000| Untracked 
|  43|0x0000000084700000, 0x0000000084700000, 0x0000000084800000|  0%| F|  |TAMS 0x0000000084700000, 0x0000000084700000| Untracked 
|  44|0x0000000084800000, 0x0000000084800000, 0x0000000084900000|  0%| F|  |TAMS 0x0000000084800000, 0x0000000084800000| Untracked 
|  45|0x0000000084900000, 0x0000000084900000, 0x0000000084a00000|  0%| F|  |TAMS 0x0000000084900000, 0x0000000084900000| Untracked 
|  46|0x0000000084a00000, 0x0000000084b00000, 0x0000000084b00000|100%|HS|  |TAMS 0x0000000084a00000, 0x0000000084a00000| Complete 
|  47|0x0000000084b00000, 0x0000000084c00000, 0x0000000084c00000|100%|HS|  |TAMS 0x0000000084b00000, 0x0000000084b00000| Complete 
|  48|0x0000000084c00000, 0x0000000084d00000, 0x0000000084d00000|100%|HS|  |TAMS 0x0000000084c00000, 0x0000000084c00000| Complete 
|  49|0x0000000084d00000, 0x0000000084e00000, 0x0000000084e00000|100%|HS|  |TAMS 0x0000000084d00000, 0x0000000084d00000| Complete 
|  50|0x0000000084e00000, 0x0000000084f00000, 0x0000000084f00000|100%|HS|  |TAMS 0x0000000084e00000, 0x0000000084e00000| Complete 
|  51|0x0000000084f00000, 0x0000000085000000, 0x0000000085000000|100%|HS|  |TAMS 0x0000000084f00000, 0x0000000084f00000| Complete 
|  52|0x0000000085000000, 0x0000000085100000, 0x0000000085100000|100%|HS|  |TAMS 0x0000000085000000, 0x0000000085000000| Complete 
|  53|0x0000000085100000, 0x0000000085200000, 0x0000000085200000|100%|HS|  |TAMS 0x0000000085100000, 0x0000000085100000| Complete 
|  54|0x0000000085200000, 0x0000000085300000, 0x0000000085300000|100%|HS|  |TAMS 0x0000000085200000, 0x0000000085200000| Complete 
|  55|0x0000000085300000, 0x0000000085400000, 0x0000000085400000|100%|HS|  |TAMS 0x0000000085300000, 0x0000000085300000| Complete 
|  56|0x0000000085400000, 0x0000000085500000, 0x0000000085500000|100%|HS|  |TAMS 0x0000000085400000, 0x0000000085400000| Complete 
|  57|0x0000000085500000, 0x0000000085600000, 0x0000000085600000|100%|HS|  |TAMS 0x0000000085500000, 0x0000000085500000| Complete 
|  58|0x0000000085600000, 0x0000000085700000, 0x0000000085700000|100%|HS|  |TAMS 0x0000000085600000, 0x0000000085600000| Complete 
|  59|0x0000000085700000, 0x0000000085800000, 0x0000000085800000|100%|HS|  |TAMS 0x0000000085700000, 0x0000000085700000| Complete 
|  60|0x0000000085800000, 0x0000000085900000, 0x0000000085900000|100%|HS|  |TAMS 0x0000000085800000, 0x0000000085800000| Complete 
|  61|0x0000000085900000, 0x0000000085a00000, 0x0000000085a00000|100%|HS|  |TAMS 0x0000000085900000, 0x0000000085900000| Complete 
|  62|0x0000000085a00000, 0x0000000085b00000, 0x0000000085b00000|100%|HS|  |TAMS 0x0000000085a00000, 0x0000000085a00000| Complete 
|  63|0x0000000085b00000, 0x0000000085c00000, 0x0000000085c00000|100%|HS|  |TAMS 0x0000000085b00000, 0x0000000085b00000| Complete 
|  64|0x0000000085c00000, 0x0000000085d00000, 0x0000000085d00000|100%|HS|  |TAMS 0x0000000085c00000, 0x0000000085c00000| Complete 
|  65|0x0000000085d00000, 0x0000000085e00000, 0x0000000085e00000|100%|HS|  |TAMS 0x0000000085d00000, 0x0000000085d00000| Complete 
|  66|0x0000000085e00000, 0x0000000085f00000, 0x0000000085f00000|100%|HS|  |TAMS 0x0000000085e00000, 0x0000000085e00000| Complete 
|  67|0x0000000085f00000, 0x0000000086000000, 0x0000000086000000|100%|HS|  |TAMS 0x0000000085f00000, 0x0000000085f00000| Complete 
|  68|0x0000000086000000, 0x0000000086100000, 0x0000000086100000|100%|HS|  |TAMS 0x0000000086000000, 0x0000000086000000| Complete 
|  69|0x0000000086100000, 0x0000000086200000, 0x0000000086200000|100%|HS|  |TAMS 0x0000000086100000, 0x0000000086100000| Complete 
|  70|0x0000000086200000, 0x0000000086300000, 0x0000000086300000|100%|HS|  |TAMS 0x0000000086200000, 0x0000000086200000| Complete 
|  71|0x0000000086300000, 0x0000000086400000, 0x0000000086400000|100%|HS|  |TAMS 0x0000000086300000, 0x0000000086300000| Complete 
|  72|0x0000000086400000, 0x0000000086400000, 0x0000000086500000|  0%| F|  |TAMS 0x0000000086400000, 0x0000000086400000| Untracked 
|  73|0x0000000086500000, 0x0000000086600000, 0x0000000086600000|100%|HS|  |TAMS 0x0000000086500000, 0x0000000086500000| Complete 
|  74|0x0000000086600000, 0x0000000086700000, 0x0000000086700000|100%|HS|  |TAMS 0x0000000086600000, 0x0000000086600000| Complete 
|  75|0x0000000086700000, 0x0000000086800000, 0x0000000086800000|100%|HS|  |TAMS 0x0000000086700000, 0x0000000086700000| Complete 
|  76|0x0000000086800000, 0x0000000086900000, 0x0000000086900000|100%|HS|  |TAMS 0x0000000086800000, 0x0000000086800000| Complete 
|  77|0x0000000086900000, 0x0000000086a00000, 0x0000000086a00000|100%|HS|  |TAMS 0x0000000086900000, 0x0000000086900000| Complete 
|  78|0x0000000086a00000, 0x0000000086b00000, 0x0000000086b00000|100%|HS|  |TAMS 0x0000000086a00000, 0x0000000086a00000| Complete 
|  79|0x0000000086b00000, 0x0000000086c00000, 0x0000000086c00000|100%|HS|  |TAMS 0x0000000086b00000, 0x0000000086b00000| Complete 
|  80|0x0000000086c00000, 0x0000000086d00000, 0x0000000086d00000|100%|HS|  |TAMS 0x0000000086c00000, 0x0000000086c00000| Complete 
|  81|0x0000000086d00000, 0x0000000086e00000, 0x0000000086e00000|100%|HS|  |TAMS 0x0000000086d00000, 0x0000000086d00000| Complete 
|  82|0x0000000086e00000, 0x0000000086f00000, 0x0000000086f00000|100%|HS|  |TAMS 0x0000000086e00000, 0x0000000086e00000| Complete 
|  83|0x0000000086f00000, 0x0000000087000000, 0x0000000087000000|100%|HS|  |TAMS 0x0000000086f00000, 0x0000000086f00000| Complete 
|  84|0x0000000087000000, 0x0000000087100000, 0x0000000087100000|100%|HS|  |TAMS 0x0000000087000000, 0x0000000087000000| Complete 
|  85|0x0000000087100000, 0x0000000087200000, 0x0000000087200000|100%|HS|  |TAMS 0x0000000087100000, 0x0000000087100000| Complete 
|  86|0x0000000087200000, 0x0000000087300000, 0x0000000087300000|100%|HS|  |TAMS 0x0000000087200000, 0x0000000087200000| Complete 
|  87|0x0000000087300000, 0x0000000087400000, 0x0000000087400000|100%|HS|  |TAMS 0x0000000087300000, 0x0000000087300000| Complete 
|  88|0x0000000087400000, 0x0000000087500000, 0x0000000087500000|100%|HS|  |TAMS 0x0000000087400000, 0x0000000087400000| Complete 
|  89|0x0000000087500000, 0x0000000087600000, 0x0000000087600000|100%|HS|  |TAMS 0x0000000087500000, 0x0000000087500000| Complete 
|  90|0x0000000087600000, 0x0000000087700000, 0x0000000087700000|100%|HS|  |TAMS 0x0000000087600000, 0x0000000087600000| Complete 
|  91|0x0000000087700000, 0x0000000087700000, 0x0000000087800000|  0%| F|  |TAMS 0x0000000087700000, 0x0000000087700000| Untracked 
|  92|0x0000000087800000, 0x0000000087800000, 0x0000000087900000|  0%| F|  |TAMS 0x0000000087800000, 0x0000000087800000| Untracked 
|  93|0x0000000087900000, 0x0000000087900000, 0x0000000087a00000|  0%| F|  |TAMS 0x0000000087900000, 0x0000000087900000| Untracked 
|  94|0x0000000087a00000, 0x0000000087a00000, 0x0000000087b00000|  0%| F|  |TAMS 0x0000000087a00000, 0x0000000087a00000| Untracked 
|  95|0x0000000087b00000, 0x0000000087b00000, 0x0000000087c00000|  0%| F|  |TAMS 0x0000000087b00000, 0x0000000087b00000| Untracked 
|  96|0x0000000087c00000, 0x0000000087c00000, 0x0000000087d00000|  0%| F|  |TAMS 0x0000000087c00000, 0x0000000087c00000| Untracked 
|  97|0x0000000087d00000, 0x0000000087d00000, 0x0000000087e00000|  0%| F|  |TAMS 0x0000000087d00000, 0x0000000087d00000| Untracked 
|  98|0x0000000087e00000, 0x0000000087e00000, 0x0000000087f00000|  0%| F|  |TAMS 0x0000000087e00000, 0x0000000087e00000| Untracked 
|  99|0x0000000087f00000, 0x0000000087f00000, 0x0000000088000000|  0%| F|  |TAMS 0x0000000087f00000, 0x0000000087f00000| Untracked 
| 100|0x0000000088000000, 0x0000000088000000, 0x0000000088100000|  0%| F|  |TAMS 0x0000000088000000, 0x0000000088000000| Untracked 
| 101|0x0000000088100000, 0x0000000088100000, 0x0000000088200000|  0%| F|  |TAMS 0x0000000088100000, 0x0000000088100000| Untracked 
| 102|0x0000000088200000, 0x0000000088200000, 0x0000000088300000|  0%| F|  |TAMS 0x0000000088200000, 0x0000000088200000| Untracked 
| 103|0x0000000088300000, 0x0000000088300000, 0x0000000088400000|  0%| F|  |TAMS 0x0000000088300000, 0x0000000088300000| Untracked 
| 104|0x0000000088400000, 0x0000000088400000, 0x0000000088500000|  0%| F|  |TAMS 0x0000000088400000, 0x0000000088400000| Untracked 
| 105|0x0000000088500000, 0x0000000088500000, 0x0000000088600000|  0%| F|  |TAMS 0x0000000088500000, 0x0000000088500000| Untracked 
| 106|0x0000000088600000, 0x0000000088600000, 0x0000000088700000|  0%| F|  |TAMS 0x0000000088600000, 0x0000000088600000| Untracked 
| 107|0x0000000088700000, 0x0000000088700000, 0x0000000088800000|  0%| F|  |TAMS 0x0000000088700000, 0x0000000088700000| Untracked 
| 108|0x0000000088800000, 0x0000000088887a78, 0x0000000088900000| 52%| E|  |TAMS 0x0000000088800000, 0x0000000088800000| Complete 
| 109|0x0000000088900000, 0x0000000088a00000, 0x0000000088a00000|100%| E|CS|TAMS 0x0000000088900000, 0x0000000088900000| Complete 
| 110|0x0000000088a00000, 0x0000000088b00000, 0x0000000088b00000|100%| E|  |TAMS 0x0000000088a00000, 0x0000000088a00000| Complete 
| 111|0x0000000088b00000, 0x0000000088c00000, 0x0000000088c00000|100%| E|CS|TAMS 0x0000000088b00000, 0x0000000088b00000| Complete 
| 112|0x0000000088c00000, 0x0000000088d00000, 0x0000000088d00000|100%| E|CS|TAMS 0x0000000088c00000, 0x0000000088c00000| Complete 
| 113|0x0000000088d00000, 0x0000000088e00000, 0x0000000088e00000|100%| E|CS|TAMS 0x0000000088d00000, 0x0000000088d00000| Complete 
| 114|0x0000000088e00000, 0x0000000088f00000, 0x0000000088f00000|100%| E|CS|TAMS 0x0000000088e00000, 0x0000000088e00000| Complete 
| 115|0x0000000088f00000, 0x0000000089000000, 0x0000000089000000|100%| E|CS|TAMS 0x0000000088f00000, 0x0000000088f00000| Complete 
| 116|0x0000000089000000, 0x0000000089100000, 0x0000000089100000|100%| E|CS|TAMS 0x0000000089000000, 0x0000000089000000| Complete 
| 117|0x0000000089100000, 0x0000000089200000, 0x0000000089200000|100%| E|CS|TAMS 0x0000000089100000, 0x0000000089100000| Complete 
| 118|0x0000000089200000, 0x0000000089300000, 0x0000000089300000|100%| E|CS|TAMS 0x0000000089200000, 0x0000000089200000| Complete 
| 119|0x0000000089300000, 0x0000000089400000, 0x0000000089400000|100%| E|CS|TAMS 0x0000000089300000, 0x0000000089300000| Complete 
| 120|0x0000000089400000, 0x0000000089500000, 0x0000000089500000|100%| E|CS|TAMS 0x0000000089400000, 0x0000000089400000| Complete 
| 121|0x0000000089500000, 0x0000000089548b20, 0x0000000089600000| 28%| S|CS|TAMS 0x0000000089500000, 0x0000000089500000| Complete 
| 123|0x0000000089700000, 0x0000000089800000, 0x0000000089800000|100%| E|CS|TAMS 0x0000000089700000, 0x0000000089700000| Complete 
| 127|0x0000000089b00000, 0x0000000089c00000, 0x0000000089c00000|100%| E|CS|TAMS 0x0000000089b00000, 0x0000000089b00000| Complete 

Card table byte_map: [0x0000023ae43f0000,0x0000023ae47f0000] _byte_map_base: 0x0000023ae3fe2000

Marking Bits (Prev, Next): (CMBitMap*) 0x0000023accb3a118, (CMBitMap*) 0x0000023accb3a158
 Prev Bits: [0x0000023ae4bf0000, 0x0000023ae6b80000)
 Next Bits: [0x0000023ae6b80000, 0x0000023ae8b10000)

Polling page: 0x0000023acaad0000

Metaspace:

Usage:
  Non-class:     25.11 MB capacity,    24.45 MB ( 97%) used,   553.69 KB (  2%) free+waste,   129.38 KB ( <1%) overhead. 
      Class:      4.22 MB capacity,     3.76 MB ( 89%) used,   408.14 KB (  9%) free+waste,    65.06 KB (  2%) overhead. 
       Both:     29.33 MB capacity,    28.20 MB ( 96%) used,   961.83 KB (  3%) free+waste,   194.44 KB ( <1%) overhead. 

Virtual space:
  Non-class space:       26.00 MB reserved,      25.25 MB ( 97%) committed 
      Class space:        1.00 GB reserved,       4.25 MB ( <1%) committed 
             Both:        1.03 GB reserved,      29.50 MB (  3%) committed 

Chunk freelists:
   Non-Class:  8.00 KB
       Class:  0 bytes
        Both:  8.00 KB

MaxMetaspaceSize: 17179869184.00 GB
CompressedClassSpaceSize: 1.00 GB

CodeHeap 'non-profiled nmethods': size=120000Kb used=2568Kb max_used=2568Kb free=117431Kb
 bounds [0x0000023adcac0000, 0x0000023adcd50000, 0x0000023ae3ff0000]
CodeHeap 'profiled nmethods': size=120000Kb used=11504Kb max_used=11504Kb free=108495Kb
 bounds [0x0000023ad5590000, 0x0000023ad60e0000, 0x0000023adcac0000]
CodeHeap 'non-nmethods': size=5760Kb used=1676Kb max_used=1717Kb free=4083Kb
 bounds [0x0000023ad4ff0000, 0x0000023ad5260000, 0x0000023ad5590000]
 total_blobs=7990 nmethods=4937 adapters=860
 compilation: enabled
              stopped_count=0, restarted_count=0
 full_count=0

Compilation events (20 events):
Event: 11.129 Thread 0x0000023aeb9b3800 5463       3       com.sun.javafx.font.LogicalFont::getLinkedFonts (86 bytes)
Event: 11.129 Thread 0x0000023aeb9b3800 nmethod 5463 0x0000023ad60c8e10 code [0x0000023ad60c8fe0, 0x0000023ad60c9430]
Event: 11.129 Thread 0x0000023aeb9b3800 5464       3       com.sun.javafx.font.LogicalFont::getNumSlots (31 bytes)
Event: 11.130 Thread 0x0000023aeb9b3800 nmethod 5464 0x0000023ad60c9590 code [0x0000023ad60c9740, 0x0000023ad60c9970]
Event: 11.130 Thread 0x0000023aeb9b3800 5466       3       com.sun.javafx.text.TextRun::<init> (97 bytes)
Event: 11.130 Thread 0x0000023aeb9b3800 nmethod 5466 0x0000023ad60c9a90 code [0x0000023ad60c9c40, 0x0000023ad60c9f58]
Event: 11.130 Thread 0x0000023aeb9b3800 5468       3       com.sun.javafx.text.PrismTextLayout::setContent (85 bytes)
Event: 11.131 Thread 0x0000023aeb9b3800 nmethod 5468 0x0000023ad60ca090 code [0x0000023ad60ca360, 0x0000023ad60cb540]
Event: 11.131 Thread 0x0000023aeb9b3800 5467       3       com.sun.javafx.text.TextRun::shape (33 bytes)
Event: 11.131 Thread 0x0000023aeb9b3800 nmethod 5467 0x0000023ad60cbb10 code [0x0000023ad60cbcc0, 0x0000023ad60cbf38]
Event: 11.131 Thread 0x0000023aeb9b3800 5470       3       java.util.concurrent.ConcurrentHashMap$BaseIterator::<init> (21 bytes)
Event: 11.131 Thread 0x0000023aeb9b3800 nmethod 5470 0x0000023ad60cc010 code [0x0000023ad60cc1c0, 0x0000023ad60cc440]
Event: 11.131 Thread 0x0000023aeb9b3800 5471       3       java.util.concurrent.ConcurrentHashMap$Traverser::<init> (36 bytes)
Event: 11.131 Thread 0x0000023aeb9b3800 nmethod 5471 0x0000023ad60cc510 code [0x0000023ad60cc6c0, 0x0000023ad60cc938]
Event: 11.132 Thread 0x0000023aeb9b3800 5472       3       java.util.concurrent.ConcurrentHashMap::values (25 bytes)
Event: 11.132 Thread 0x0000023aeb9b3800 nmethod 5472 0x0000023ad60cca10 code [0x0000023ad60ccbe0, 0x0000023ad60ccff8]
Event: 11.132 Thread 0x0000023aeb9b3800 5473       3       java.util.concurrent.ConcurrentHashMap$ValuesView::iterator (34 bytes)
Event: 11.132 Thread 0x0000023aeb9b3800 nmethod 5473 0x0000023ad60cd110 code [0x0000023ad60cd2e0, 0x0000023ad60cd720]
Event: 11.136 Thread 0x0000023aeb015000 nmethod 5441 0x0000023adcd3c790 code [0x0000023adcd3c980, 0x0000023adcd3da58]
Event: 11.136 Thread 0x0000023aeb015000 5465       4       com.sun.javafx.font.CMap$CMapFormat4::getGlyph (168 bytes)

GC Heap History (20 events):
Event: 1.898 GC heap before
{Heap before GC invocations=0 (full 0):
 garbage-first heap   total 131072K, used 13312K [0x0000000081c00000, 0x0000000100000000)
  region size 1024K, 14 young (14336K), 0 survivors (0K)
 Metaspace       used 2119K, capacity 5301K, committed 5504K, reserved 1056768K
  class space    used 244K, capacity 559K, committed 640K, reserved 1048576K
}
Event: 1.900 GC heap after
{Heap after GC invocations=1 (full 0):
 garbage-first heap   total 131072K, used 1723K [0x0000000081c00000, 0x0000000100000000)
  region size 1024K, 2 young (2048K), 2 survivors (2048K)
 Metaspace       used 2119K, capacity 5301K, committed 5504K, reserved 1056768K
  class space    used 244K, capacity 559K, committed 640K, reserved 1048576K
}
Event: 6.107 GC heap before
{Heap before GC invocations=1 (full 0):
 garbage-first heap   total 131072K, used 83643K [0x0000000081c00000, 0x0000000100000000)
  region size 1024K, 76 young (77824K), 2 survivors (2048K)
 Metaspace       used 19547K, capacity 20377K, committed 20736K, reserved 1067008K
  class space    used 2867K, capacity 3204K, committed 3328K, reserved 1048576K
}
Event: 6.134 GC heap after
{Heap after GC invocations=2 (full 0):
 garbage-first heap   total 131072K, used 16809K [0x0000000081c00000, 0x0000000100000000)
  region size 1024K, 10 young (10240K), 10 survivors (10240K)
 Metaspace       used 19547K, capacity 20377K, committed 20736K, reserved 1067008K
  class space    used 2867K, capacity 3204K, committed 3328K, reserved 1048576K
}
Event: 6.201 GC heap before
{Heap before GC invocations=2 (full 0):
 garbage-first heap   total 131072K, used 19881K [0x0000000081c00000, 0x0000000100000000)
  region size 1024K, 14 young (14336K), 10 survivors (10240K)
 Metaspace       used 20377K, capacity 21202K, committed 21248K, reserved 1067008K
  class space    used 2969K, capacity 3308K, committed 3328K, reserved 1048576K
}
Event: 6.212 GC heap after
{Heap after GC invocations=3 (full 0):
 garbage-first heap   total 131072K, used 17104K [0x0000000081c00000, 0x0000000100000000)
  region size 1024K, 1 young (1024K), 1 survivors (1024K)
 Metaspace       used 20377K, capacity 21202K, committed 21248K, reserved 1067008K
  class space    used 2969K, capacity 3308K, committed 3328K, reserved 1048576K
}
Event: 7.167 GC heap before
{Heap before GC invocations=4 (full 0):
 garbage-first heap   total 61440K, used 49872K [0x0000000081c00000, 0x0000000100000000)
  region size 1024K, 34 young (34816K), 1 survivors (1024K)
 Metaspace       used 26974K, capacity 28059K, committed 28284K, reserved 1073152K
  class space    used 3749K, capacity 4177K, committed 4224K, reserved 1048576K
}
Event: 7.172 GC heap after
{Heap after GC invocations=5 (full 0):
 garbage-first heap   total 61440K, used 20258K [0x0000000081c00000, 0x0000000100000000)
  region size 1024K, 5 young (5120K), 5 survivors (5120K)
 Metaspace       used 26974K, capacity 28059K, committed 28284K, reserved 1073152K
  class space    used 3749K, capacity 4177K, committed 4224K, reserved 1048576K
}
Event: 7.789 GC heap before
{Heap before GC invocations=5 (full 0):
 garbage-first heap   total 61440K, used 40738K [0x0000000081c00000, 0x0000000100000000)
  region size 1024K, 22 young (22528K), 5 survivors (5120K)
 Metaspace       used 27751K, capacity 28886K, committed 29180K, reserved 1075200K
  class space    used 3801K, capacity 4259K, committed 4352K, reserved 1048576K
}
Event: 7.795 GC heap after
{Heap after GC invocations=6 (full 0):
 garbage-first heap   total 61440K, used 25468K [0x0000000081c00000, 0x0000000100000000)
  region size 1024K, 3 young (3072K), 3 survivors (3072K)
 Metaspace       used 27751K, capacity 28886K, committed 29180K, reserved 1075200K
  class space    used 3801K, capacity 4259K, committed 4352K, reserved 1048576K
}
Event: 7.887 GC heap before
{Heap before GC invocations=6 (full 0):
 garbage-first heap   total 61440K, used 30588K [0x0000000081c00000, 0x0000000100000000)
  region size 1024K, 5 young (5120K), 3 survivors (3072K)
 Metaspace       used 27887K, capacity 29042K, committed 29180K, reserved 1075200K
  class space    used 3820K, capacity 4269K, committed 4352K, reserved 1048576K
}
Event: 7.889 GC heap after
{Heap after GC invocations=7 (full 0):
 garbage-first heap   total 61440K, used 26767K [0x0000000081c00000, 0x0000000100000000)
  region size 1024K, 1 young (1024K), 1 survivors (1024K)
 Metaspace       used 27887K, capacity 29042K, committed 29180K, reserved 1075200K
  class space    used 3820K, capacity 4269K, committed 4352K, reserved 1048576K
}
Event: 7.934 GC heap before
{Heap before GC invocations=8 (full 0):
 garbage-first heap   total 61440K, used 27791K [0x0000000081c00000, 0x0000000100000000)
  region size 1024K, 2 young (2048K), 1 survivors (1024K)
 Metaspace       used 27917K, capacity 29042K, committed 29180K, reserved 1075200K
  class space    used 3820K, capacity 4269K, committed 4352K, reserved 1048576K
}
Event: 7.935 GC heap after
{Heap after GC invocations=9 (full 0):
 garbage-first heap   total 61440K, used 27367K [0x0000000081c00000, 0x0000000100000000)
  region size 1024K, 1 young (1024K), 1 survivors (1024K)
 Metaspace       used 27917K, capacity 29042K, committed 29180K, reserved 1075200K
  class space    used 3820K, capacity 4269K, committed 4352K, reserved 1048576K
}
Event: 7.975 GC heap before
{Heap before GC invocations=10 (full 0):
 garbage-first heap   total 61440K, used 42727K [0x0000000081c00000, 0x0000000100000000)
  region size 1024K, 2 young (2048K), 1 survivors (1024K)
 Metaspace       used 27917K, capacity 29042K, committed 29180K, reserved 1075200K
  class space    used 3820K, capacity 4269K, committed 4352K, reserved 1048576K
}
Event: 7.977 GC heap after
{Heap after GC invocations=11 (full 0):
 garbage-first heap   total 61440K, used 42688K [0x0000000081c00000, 0x0000000100000000)
  region size 1024K, 1 young (1024K), 1 survivors (1024K)
 Metaspace       used 27917K, capacity 29042K, committed 29180K, reserved 1075200K
  class space    used 3820K, capacity 4269K, committed 4352K, reserved 1048576K
}
Event: 8.000 GC heap before
{Heap before GC invocations=11 (full 0):
 garbage-first heap   total 75776K, used 73408K [0x0000000081c00000, 0x0000000100000000)
  region size 1024K, 3 young (3072K), 1 survivors (1024K)
 Metaspace       used 27922K, capacity 29048K, committed 29180K, reserved 1075200K
  class space    used 3821K, capacity 4271K, committed 4352K, reserved 1048576K
}
Event: 8.001 GC heap after
{Heap after GC invocations=12 (full 0):
 garbage-first heap   total 76800K, used 71421K [0x0000000081c00000, 0x0000000100000000)
  region size 1024K, 1 young (1024K), 1 survivors (1024K)
 Metaspace       used 27922K, capacity 29048K, committed 29180K, reserved 1075200K
  class space    used 3821K, capacity 4271K, committed 4352K, reserved 1048576K
}
Event: 8.110 GC heap before
{Heap before GC invocations=13 (full 0):
 garbage-first heap   total 126976K, used 93949K [0x0000000081c00000, 0x0000000100000000)
  region size 1024K, 3 young (3072K), 1 survivors (1024K)
 Metaspace       used 27956K, capacity 29115K, committed 29436K, reserved 1075200K
  class space    used 3822K, capacity 4272K, committed 4352K, reserved 1048576K
}
Event: 8.111 GC heap after
{Heap after GC invocations=14 (full 0):
 garbage-first heap   total 126976K, used 67392K [0x0000000081c00000, 0x0000000100000000)
  region size 1024K, 1 young (1024K), 1 survivors (1024K)
 Metaspace       used 27956K, capacity 29115K, committed 29436K, reserved 1075200K
  class space    used 3822K, capacity 4272K, committed 4352K, reserved 1048576K
}

Deoptimization events (20 events):
Event: 11.126 Thread 0x0000023aebfe1800 DEOPT PACKING pc=0x0000023ad60c4a94 sp=0x000000de91dee880
Event: 11.126 Thread 0x0000023aebfe1800 DEOPT UNPACKING pc=0x0000023ad503964e sp=0x000000de91dedc00 mode 1
Event: 11.128 Thread 0x0000023aebfe1800 DEOPT PACKING pc=0x0000023ad60c4a94 sp=0x000000de91dee7a0
Event: 11.128 Thread 0x0000023aebfe1800 DEOPT UNPACKING pc=0x0000023ad503964e sp=0x000000de91dedb20 mode 1
Event: 11.128 Thread 0x0000023aebfe1800 DEOPT PACKING pc=0x0000023ad60c4a94 sp=0x000000de91dee860
Event: 11.128 Thread 0x0000023aebfe1800 DEOPT UNPACKING pc=0x0000023ad503964e sp=0x000000de91dedbe0 mode 1
Event: 11.128 Thread 0x0000023aebfe1800 DEOPT PACKING pc=0x0000023ad60c4a94 sp=0x000000de91dee7a0
Event: 11.128 Thread 0x0000023aebfe1800 DEOPT UNPACKING pc=0x0000023ad503964e sp=0x000000de91dedb20 mode 1
Event: 11.128 Thread 0x0000023aebfe1800 DEOPT PACKING pc=0x0000023ad60c4a94 sp=0x000000de91dee860
Event: 11.128 Thread 0x0000023aebfe1800 DEOPT UNPACKING pc=0x0000023ad503964e sp=0x000000de91dedbe0 mode 1
Event: 11.129 Thread 0x0000023aebfe1800 DEOPT PACKING pc=0x0000023ad60c4a94 sp=0x000000de91dee7a0
Event: 11.129 Thread 0x0000023aebfe1800 DEOPT UNPACKING pc=0x0000023ad503964e sp=0x000000de91dedb20 mode 1
Event: 11.129 Thread 0x0000023aebfe1800 DEOPT PACKING pc=0x0000023ad60c4a94 sp=0x000000de91dee710
Event: 11.129 Thread 0x0000023aebfe1800 DEOPT UNPACKING pc=0x0000023ad503964e sp=0x000000de91deda90 mode 1
Event: 11.129 Thread 0x0000023aebfe1800 DEOPT PACKING pc=0x0000023ad60c4a94 sp=0x000000de91dee860
Event: 11.129 Thread 0x0000023aebfe1800 DEOPT UNPACKING pc=0x0000023ad503964e sp=0x000000de91dedbe0 mode 1
Event: 11.134 Thread 0x0000023aebfe1800 Uncommon trap: trap_request=0xffffff45 fr.pc=0x0000023adcd073ac relative=0x000000000000010c
Event: 11.134 Thread 0x0000023aebfe1800 Uncommon trap: reason=unstable_if action=reinterpret pc=0x0000023adcd073ac method=com.sun.javafx.text.TextRun.getGlyphCode(I)I @ 21 c2
Event: 11.134 Thread 0x0000023aebfe1800 DEOPT PACKING pc=0x0000023adcd073ac sp=0x000000de91deee70
Event: 11.134 Thread 0x0000023aebfe1800 DEOPT UNPACKING pc=0x0000023ad503912f sp=0x000000de91deee10 mode 2

Classes unloaded (0 events):
No events

Classes redefined (0 events):
No events

Internal exceptions (20 events):
Event: 11.118 Thread 0x0000023aebfe1800 Exception <a 'java/io/FileNotFoundException'{0x0000000088a792e8}> (0x0000000088a792e8) 
thrown [t:/workspace/open/src/hotspot/share/prims/jni.cpp, line 598]
Event: 11.118 Thread 0x0000023aebfe1800 Exception <a 'java/io/FileNotFoundException'{0x0000000088a7a128}> (0x0000000088a7a128) 
thrown [t:/workspace/open/src/hotspot/share/prims/jni.cpp, line 598]
Event: 11.124 Thread 0x0000023aebfe1800 Exception <a 'java/io/FileNotFoundException'{0x000000008896ca70}> (0x000000008896ca70) 
thrown [t:/workspace/open/src/hotspot/share/prims/jni.cpp, line 598]
Event: 11.124 Thread 0x0000023aebfe1800 Exception <a 'java/io/FileNotFoundException'{0x000000008896dd00}> (0x000000008896dd00) 
thrown [t:/workspace/open/src/hotspot/share/prims/jni.cpp, line 598]
Event: 11.124 Thread 0x0000023aebfe1800 Exception <a 'java/io/FileNotFoundException'{0x000000008896ec00}> (0x000000008896ec00) 
thrown [t:/workspace/open/src/hotspot/share/prims/jni.cpp, line 598]
Event: 11.125 Thread 0x0000023aebfe1800 Exception <a 'java/io/FileNotFoundException'{0x0000000088972de8}> (0x0000000088972de8) 
thrown [t:/workspace/open/src/hotspot/share/prims/jni.cpp, line 598]
Event: 11.125 Thread 0x0000023aebfe1800 Exception <a 'java/io/FileNotFoundException'{0x0000000088973c28}> (0x0000000088973c28) 
thrown [t:/workspace/open/src/hotspot/share/prims/jni.cpp, line 598]
Event: 11.125 Thread 0x0000023aebfe1800 Exception <a 'java/io/FileNotFoundException'{0x0000000088974a50}> (0x0000000088974a50) 
thrown [t:/workspace/open/src/hotspot/share/prims/jni.cpp, line 598]
Event: 11.125 Thread 0x0000023aebfe1800 Exception <a 'java/io/FileNotFoundException'{0x0000000088975890}> (0x0000000088975890) 
thrown [t:/workspace/open/src/hotspot/share/prims/jni.cpp, line 598]
Event: 11.125 Thread 0x0000023aebfe1800 Exception <a 'java/io/FileNotFoundException'{0x0000000088976748}> (0x0000000088976748) 
thrown [t:/workspace/open/src/hotspot/share/prims/jni.cpp, line 598]
Event: 11.126 Thread 0x0000023aebfe1800 Exception <a 'java/io/FileNotFoundException'{0x0000000088977688}> (0x0000000088977688) 
thrown [t:/workspace/open/src/hotspot/share/prims/jni.cpp, line 598]
Event: 11.126 Thread 0x0000023aebfe1800 Exception <a 'java/io/FileNotFoundException'{0x0000000088978588}> (0x0000000088978588) 
thrown [t:/workspace/open/src/hotspot/share/prims/jni.cpp, line 598]
Event: 11.128 Thread 0x0000023aebfe1800 Exception <a 'java/io/FileNotFoundException'{0x0000000088984e18}> (0x0000000088984e18) 
thrown [t:/workspace/open/src/hotspot/share/prims/jni.cpp, line 598]
Event: 11.128 Thread 0x0000023aebfe1800 Exception <a 'java/io/FileNotFoundException'{0x0000000088985c58}> (0x0000000088985c58) 
thrown [t:/workspace/open/src/hotspot/share/prims/jni.cpp, line 598]
Event: 11.128 Thread 0x0000023aebfe1800 Exception <a 'java/io/FileNotFoundException'{0x0000000088986ab0}> (0x0000000088986ab0) 
thrown [t:/workspace/open/src/hotspot/share/prims/jni.cpp, line 598]
Event: 11.128 Thread 0x0000023aebfe1800 Exception <a 'java/io/FileNotFoundException'{0x00000000889878f0}> (0x00000000889878f0) 
thrown [t:/workspace/open/src/hotspot/share/prims/jni.cpp, line 598]
Event: 11.128 Thread 0x0000023aebfe1800 Exception <a 'java/io/FileNotFoundException'{0x0000000088988e70}> (0x0000000088988e70) 
thrown [t:/workspace/open/src/hotspot/share/prims/jni.cpp, line 598]
Event: 11.129 Thread 0x0000023aebfe1800 Exception <a 'java/io/FileNotFoundException'{0x0000000088989db0}> (0x0000000088989db0) 
thrown [t:/workspace/open/src/hotspot/share/prims/jni.cpp, line 598]
Event: 11.129 Thread 0x0000023aebfe1800 Exception <a 'java/io/FileNotFoundException'{0x000000008898acb0}> (0x000000008898acb0) 
thrown [t:/workspace/open/src/hotspot/share/prims/jni.cpp, line 598]
Event: 11.134 Thread 0x0000023aebfe1800 Exception <a 'java/lang/NoSuchMethodError'{0x00000000889b0080}: getStringWidth> (0x00000000889b0080) 
thrown [t:/workspace/open/src/hotspot/share/prims/jni.cpp, line 1314]

Events (20 events):
Event: 11.125 Executing VM operation: RevokeBias
Event: 11.126 Executing VM operation: RevokeBias done
Event: 11.126 Executing VM operation: RevokeBias
Event: 11.126 Executing VM operation: RevokeBias done
Event: 11.126 Executing VM operation: RevokeBias
Event: 11.126 Executing VM operation: RevokeBias done
Event: 11.128 Executing VM operation: RevokeBias
Event: 11.128 Executing VM operation: RevokeBias done
Event: 11.128 Executing VM operation: RevokeBias
Event: 11.128 Executing VM operation: RevokeBias done
Event: 11.128 Executing VM operation: RevokeBias
Event: 11.128 Executing VM operation: RevokeBias done
Event: 11.128 Executing VM operation: RevokeBias
Event: 11.128 Executing VM operation: RevokeBias done
Event: 11.128 Executing VM operation: RevokeBias
Event: 11.129 Executing VM operation: RevokeBias done
Event: 11.129 Executing VM operation: RevokeBias
Event: 11.129 Executing VM operation: RevokeBias done
Event: 11.129 Executing VM operation: RevokeBias
Event: 11.129 Executing VM operation: RevokeBias done


Dynamic libraries:
0x00007ff68d160000 - 0x00007ff68d16f000 	C:\Program Files\Java\jdk-13.0.2\bin\java.exe
0x00007ff8a6f40000 - 0x00007ff8a7130000 	C:\WINDOWS\SYSTEM32\ntdll.dll
0x00007ff8a6350000 - 0x00007ff8a6402000 	C:\WINDOWS\System32\KERNEL32.DLL
0x00007ff8a3ed0000 - 0x00007ff8a4173000 	C:\WINDOWS\System32\KERNELBASE.dll
0x00007ff8a4ea0000 - 0x00007ff8a4f9a000 	C:\WINDOWS\System32\ucrtbase.dll
0x00007ff88cf80000 - 0x00007ff88cf95000 	C:\Program Files\Java\jdk-13.0.2\bin\VCRUNTIME140.dll
0x00007ff88cfa0000 - 0x00007ff88cfb8000 	C:\Program Files\Java\jdk-13.0.2\bin\jli.dll
0x00007ff8a5fc0000 - 0x00007ff8a6063000 	C:\WINDOWS\System32\ADVAPI32.dll
0x00007ff8a60d0000 - 0x00007ff8a616e000 	C:\WINDOWS\System32\msvcrt.dll
0x00007ff8a5cf0000 - 0x00007ff8a5d87000 	C:\WINDOWS\System32\sechost.dll
0x00007ff8a6aa0000 - 0x00007ff8a6bc0000 	C:\WINDOWS\System32\RPCRT4.dll
0x00007ff8a5e20000 - 0x00007ff8a5fb4000 	C:\WINDOWS\System32\USER32.dll
0x00007ff896b70000 - 0x00007ff896df5000 	C:\WINDOWS\WinSxS\amd64_microsoft.windows.common-controls_6595b64144ccf1df_6.0.18362.657_none_e6c5b579130e3898\COMCTL32.dll
0x00007ff8a46f0000 - 0x00007ff8a4711000 	C:\WINDOWS\System32\win32u.dll
0x00007ff8a6bc0000 - 0x00007ff8a6ef6000 	C:\WINDOWS\System32\combase.dll
0x00007ff8a4180000 - 0x00007ff8a4200000 	C:\WINDOWS\System32\bcryptPrimitives.dll
0x00007ff8a5ca0000 - 0x00007ff8a5cc6000 	C:\WINDOWS\System32\GDI32.dll
0x00007ff8a4250000 - 0x00007ff8a43e4000 	C:\WINDOWS\System32\gdi32full.dll
0x00007ff8a43f0000 - 0x00007ff8a448e000 	C:\WINDOWS\System32\msvcp_win.dll
0x00007ff89ccf0000 - 0x00007ff89ccfa000 	C:\WINDOWS\SYSTEM32\VERSION.dll
0x00007ff8a54d0000 - 0x00007ff8a54fe000 	C:\WINDOWS\System32\IMM32.DLL
0x00007ff87c060000 - 0x00007ff87c0fb000 	C:\Program Files\Java\jdk-13.0.2\bin\msvcp140.dll
0x00007ff85f370000 - 0x00007ff85fecd000 	C:\Program Files\Java\jdk-13.0.2\bin\server\jvm.dll
0x00007ff8a62d0000 - 0x00007ff8a62d8000 	C:\WINDOWS\System32\PSAPI.DLL
0x00007ff889e50000 - 0x00007ff889e59000 	C:\WINDOWS\SYSTEM32\WSOCK32.dll
0x00007ff8a6410000 - 0x00007ff8a647f000 	C:\WINDOWS\System32\WS2_32.dll
0x00007ff89fe40000 - 0x00007ff89fe64000 	C:\WINDOWS\SYSTEM32\WINMM.dll
0x00007ff89fe10000 - 0x00007ff89fe3d000 	C:\WINDOWS\SYSTEM32\WINMMBASE.dll
0x00007ff8a4200000 - 0x00007ff8a424a000 	C:\WINDOWS\System32\cfgmgr32.dll
0x00007ff8a3e90000 - 0x00007ff8a3ea1000 	C:\WINDOWS\System32\kernel.appcore.dll
0x00007ff88cfd0000 - 0x00007ff88cfe0000 	C:\Program Files\Java\jdk-13.0.2\bin\verify.dll
0x00007ff8a2730000 - 0x00007ff8a2924000 	C:\WINDOWS\SYSTEM32\DBGHELP.DLL
0x00007ff885280000 - 0x00007ff8852aa000 	C:\WINDOWS\SYSTEM32\dbgcore.DLL
0x00007ff88b880000 - 0x00007ff88b8a6000 	C:\Program Files\Java\jdk-13.0.2\bin\java.dll
0x00007ff889a50000 - 0x00007ff889a88000 	C:\Program Files\Java\jdk-13.0.2\bin\jdwp.dll
0x00007ff88b6b0000 - 0x00007ff88b6be000 	C:\Program Files\Java\jdk-13.0.2\bin\instrument.dll
0x00007ff88cf60000 - 0x00007ff88cf77000 	C:\Program Files\Java\jdk-13.0.2\bin\zip.dll
0x00007ff88cd70000 - 0x00007ff88cd7a000 	C:\Program Files\Java\jdk-13.0.2\bin\jimage.dll
0x00007ff8a55b0000 - 0x00007ff8a5c95000 	C:\WINDOWS\System32\SHELL32.dll
0x00007ff8a5500000 - 0x00007ff8a55a9000 	C:\WINDOWS\System32\shcore.dll
0x00007ff8a4720000 - 0x00007ff8a4e9f000 	C:\WINDOWS\System32\windows.storage.dll
0x00007ff8a3e70000 - 0x00007ff8a3e8f000 	C:\WINDOWS\System32\profapi.dll
0x00007ff8a3e20000 - 0x00007ff8a3e6a000 	C:\WINDOWS\System32\powrprof.dll
0x00007ff8a3e10000 - 0x00007ff8a3e20000 	C:\WINDOWS\System32\UMPDC.dll
0x00007ff8a4ff0000 - 0x00007ff8a5042000 	C:\WINDOWS\System32\shlwapi.dll
0x00007ff8a4fa0000 - 0x00007ff8a4fb7000 	C:\WINDOWS\System32\cryptsp.dll
0x00007ff88cca0000 - 0x00007ff88ccb9000 	C:\Program Files\Java\jdk-13.0.2\bin\net.dll
0x00007ff89bf80000 - 0x00007ff89c070000 	C:\WINDOWS\SYSTEM32\WINHTTP.dll
0x00007ff8a3680000 - 0x00007ff8a36e7000 	C:\WINDOWS\system32\mswsock.dll
0x00007ff88b6d0000 - 0x00007ff88b6e3000 	C:\Program Files\Java\jdk-13.0.2\bin\nio.dll
0x00007ff88b6a0000 - 0x00007ff88b6ab000 	C:\Program Files\Java\jdk-13.0.2\bin\dt_socket.dll
0x0000023acca40000 - 0x0000023acca43000 	C:\Program Files\Java\jdk-13.0.2\bin\api-ms-win-core-console-l1-1-0.dll
0x0000023acca50000 - 0x0000023acca53000 	C:\Program Files\Java\jdk-13.0.2\bin\api-ms-win-core-datetime-l1-1-0.dll
0x0000023acca60000 - 0x0000023acca63000 	C:\Program Files\Java\jdk-13.0.2\bin\api-ms-win-core-debug-l1-1-0.dll
0x0000023acca70000 - 0x0000023acca73000 	C:\Program Files\Java\jdk-13.0.2\bin\api-ms-win-core-errorhandling-l1-1-0.dll
0x0000023acca80000 - 0x0000023acca84000 	C:\Program Files\Java\jdk-13.0.2\bin\api-ms-win-core-file-l1-1-0.dll
0x0000023acca90000 - 0x0000023acca93000 	C:\Program Files\Java\jdk-13.0.2\bin\api-ms-win-core-file-l1-2-0.dll
0x0000023accaa0000 - 0x0000023accaa3000 	C:\Program Files\Java\jdk-13.0.2\bin\api-ms-win-core-file-l2-1-0.dll
0x0000023accab0000 - 0x0000023accab3000 	C:\Program Files\Java\jdk-13.0.2\bin\api-ms-win-core-handle-l1-1-0.dll
0x0000023aed550000 - 0x0000023aed553000 	C:\Program Files\Java\jdk-13.0.2\bin\api-ms-win-core-heap-l1-1-0.dll
0x0000023aed560000 - 0x0000023aed563000 	C:\Program Files\Java\jdk-13.0.2\bin\api-ms-win-core-interlocked-l1-1-0.dll
0x0000023aed570000 - 0x0000023aed573000 	C:\Program Files\Java\jdk-13.0.2\bin\api-ms-win-core-libraryloader-l1-1-0.dll
0x0000023aed580000 - 0x0000023aed583000 	C:\Program Files\Java\jdk-13.0.2\bin\api-ms-win-core-localization-l1-2-0.dll
0x0000023aed590000 - 0x0000023aed593000 	C:\Program Files\Java\jdk-13.0.2\bin\api-ms-win-core-memory-l1-1-0.dll
0x0000023aed5a0000 - 0x0000023aed5a3000 	C:\Program Files\Java\jdk-13.0.2\bin\api-ms-win-core-namedpipe-l1-1-0.dll
0x0000023aed5b0000 - 0x0000023aed5b3000 	C:\Program Files\Java\jdk-13.0.2\bin\api-ms-win-core-processenvironment-l1-1-0.dll
0x0000023aed5c0000 - 0x0000023aed5c3000 	C:\Program Files\Java\jdk-13.0.2\bin\api-ms-win-core-processthreads-l1-1-0.dll
0x0000023aed5d0000 - 0x0000023aed5d3000 	C:\Program Files\Java\jdk-13.0.2\bin\api-ms-win-core-processthreads-l1-1-1.dll
0x0000023aed5e0000 - 0x0000023aed5e3000 	C:\Program Files\Java\jdk-13.0.2\bin\api-ms-win-core-profile-l1-1-0.dll
0x0000023aed5f0000 - 0x0000023aed5f3000 	C:\Program Files\Java\jdk-13.0.2\bin\api-ms-win-core-rtlsupport-l1-1-0.dll
0x0000023aed600000 - 0x0000023aed603000 	C:\Program Files\Java\jdk-13.0.2\bin\api-ms-win-core-string-l1-1-0.dll
0x0000023aed610000 - 0x0000023aed613000 	C:\Program Files\Java\jdk-13.0.2\bin\api-ms-win-core-synch-l1-1-0.dll
0x0000023aed620000 - 0x0000023aed623000 	C:\Program Files\Java\jdk-13.0.2\bin\api-ms-win-core-synch-l1-2-0.dll
0x0000023aed630000 - 0x0000023aed633000 	C:\Program Files\Java\jdk-13.0.2\bin\api-ms-win-core-sysinfo-l1-1-0.dll
0x0000023aed640000 - 0x0000023aed643000 	C:\Program Files\Java\jdk-13.0.2\bin\api-ms-win-core-timezone-l1-1-0.dll
0x0000023aed650000 - 0x0000023aed653000 	C:\Program Files\Java\jdk-13.0.2\bin\api-ms-win-core-util-l1-1-0.dll
0x0000023aed660000 - 0x0000023aed663000 	C:\Program Files\Java\jdk-13.0.2\bin\api-ms-win-crt-conio-l1-1-0.dll
0x0000023aed670000 - 0x0000023aed674000 	C:\Program Files\Java\jdk-13.0.2\bin\api-ms-win-crt-convert-l1-1-0.dll
0x0000023aed680000 - 0x0000023aed683000 	C:\Program Files\Java\jdk-13.0.2\bin\api-ms-win-crt-environment-l1-1-0.dll
0x0000023aed690000 - 0x0000023aed693000 	C:\Program Files\Java\jdk-13.0.2\bin\api-ms-win-crt-filesystem-l1-1-0.dll
0x0000023aed6a0000 - 0x0000023aed6a3000 	C:\Program Files\Java\jdk-13.0.2\bin\api-ms-win-crt-heap-l1-1-0.dll
0x0000023aed6b0000 - 0x0000023aed6b3000 	C:\Program Files\Java\jdk-13.0.2\bin\api-ms-win-crt-locale-l1-1-0.dll
0x0000023aed6c0000 - 0x0000023aed6c5000 	C:\Program Files\Java\jdk-13.0.2\bin\api-ms-win-crt-math-l1-1-0.dll
0x0000023aed6d0000 - 0x0000023aed6d5000 	C:\Program Files\Java\jdk-13.0.2\bin\api-ms-win-crt-multibyte-l1-1-0.dll
0x0000023aed6e0000 - 0x0000023aed6f0000 	C:\Program Files\Java\jdk-13.0.2\bin\api-ms-win-crt-private-l1-1-0.dll
0x0000023aed6f0000 - 0x0000023aed6f3000 	C:\Program Files\Java\jdk-13.0.2\bin\api-ms-win-crt-process-l1-1-0.dll
0x0000023aed700000 - 0x0000023aed704000 	C:\Program Files\Java\jdk-13.0.2\bin\api-ms-win-crt-runtime-l1-1-0.dll
0x0000023aed710000 - 0x0000023aed714000 	C:\Program Files\Java\jdk-13.0.2\bin\api-ms-win-crt-stdio-l1-1-0.dll
0x0000023aed720000 - 0x0000023aed724000 	C:\Program Files\Java\jdk-13.0.2\bin\api-ms-win-crt-string-l1-1-0.dll
0x0000023aed730000 - 0x0000023aed733000 	C:\Program Files\Java\jdk-13.0.2\bin\api-ms-win-crt-time-l1-1-0.dll
0x0000023aed740000 - 0x0000023aed743000 	C:\Program Files\Java\jdk-13.0.2\bin\api-ms-win-crt-utility-l1-1-0.dll
0x00007ff8795b0000 - 0x00007ff8796ac000 	C:\Program Files\Java\jdk-13.0.2\bin\ucrtbase.dll
0x00007ff889330000 - 0x00007ff889381000 	C:\Windows\System32\concrt140.dll
0x00007ff881a40000 - 0x00007ff881a63000 	C:\Program Files\Java\jdk-10.0.2\bin\prism_d3d.dll
0x00007ff897df0000 - 0x00007ff897fb7000 	C:\WINDOWS\system32\d3d9.dll
0x00007ff8a2200000 - 0x00007ff8a222d000 	C:\WINDOWS\SYSTEM32\dwmapi.dll
0x00007ff8a2a80000 - 0x00007ff8a2aa0000 	C:\WINDOWS\SYSTEM32\dxcore.dll
0x00007ff8a16d0000 - 0x00007ff8a1769000 	C:\WINDOWS\system32\uxtheme.dll
0x00007ff852de0000 - 0x00007ff855ddd000 	C:\WINDOWS\System32\DriverStore\FileRepository\ki126950.inf_amd64_fa7f56314967630d\igd9dxva64.dll
0x00007ff8a6170000 - 0x00007ff8a62c6000 	C:\WINDOWS\System32\ole32.dll
0x00007ff8a6560000 - 0x00007ff8a6624000 	C:\WINDOWS\System32\OLEAUT32.dll
0x00007ff8a4490000 - 0x00007ff8a45d9000 	C:\WINDOWS\System32\crypt32.dll
0x00007ff8a3eb0000 - 0x00007ff8a3ec2000 	C:\WINDOWS\System32\MSASN1.dll
0x00007ff8a4690000 - 0x00007ff8a46ec000 	C:\WINDOWS\System32\WINTRUST.DLL
0x00007ff8a5cd0000 - 0x00007ff8a5ced000 	C:\WINDOWS\System32\imagehlp.dll
0x00007ff8a31f0000 - 0x00007ff8a3223000 	C:\WINDOWS\system32\rsaenh.dll
0x00007ff8a4fc0000 - 0x00007ff8a4fe6000 	C:\WINDOWS\System32\bcrypt.dll
0x00007ff8a3850000 - 0x00007ff8a385c000 	C:\WINDOWS\SYSTEM32\CRYPTBASE.dll
0x00007ff8819f0000 - 0x00007ff881a3a000 	C:\Program Files\Java\jdk-10.0.2\bin\glass.dll
0x00007ff8a53f0000 - 0x00007ff8a54c0000 	C:\WINDOWS\System32\COMDLG32.dll
0x00007ff8a5100000 - 0x00007ff8a5235000 	C:\WINDOWS\System32\MSCTF.dll
0x00007ff87d200000 - 0x00007ff87d2ee000 	C:\WINDOWS\System32\DriverStore\FileRepository\nvhmi.inf_amd64_9e24ff9df684f93e\nvldumdx.dll
0x00007ff85ded0000 - 0x00007ff85f36b000 	C:\WINDOWS\System32\DriverStore\FileRepository\nvhmi.inf_amd64_9e24ff9df684f93e\nvd3dumx.dll
0x00007ff86ff80000 - 0x00007ff870244000 	C:\WINDOWS\system32\nvspcap64.dll
0x00007ff8a2e70000 - 0x00007ff8a2ea1000 	C:\WINDOWS\SYSTEM32\ntmarta.dll
0x00007ff8a2a30000 - 0x00007ff8a2a52000 	C:\WINDOWS\SYSTEM32\gpapi.dll
0x00007ff895ea0000 - 0x00007ff895ecf000 	C:\WINDOWS\SYSTEM32\cryptnet.dll
0x00007ff870df0000 - 0x00007ff870fc7000 	C:\WINDOWS\System32\DriverStore\FileRepository\ki126950.inf_amd64_fa7f56314967630d\igdumdim64.dll
0x00007ff898830000 - 0x00007ff89a5c5000 	C:\WINDOWS\System32\DriverStore\FileRepository\ki126950.inf_amd64_fa7f56314967630d\igc64.dll
0x00007ff889a30000 - 0x00007ff889a44000 	C:\Program Files\Java\jdk-10.0.2\bin\javafx_font.dll
0x00007ff8888e0000 - 0x00007ff888bde000 	C:\WINDOWS\SYSTEM32\dwrite.dll
0x00007ff8a3d00000 - 0x00007ff8a3d25000 	C:\WINDOWS\SYSTEM32\USERENV.dll
0x00007ff8a3390000 - 0x00007ff8a33ca000 	C:\WINDOWS\SYSTEM32\IPHLPAPI.DLL
0x00007ff8a5e10000 - 0x00007ff8a5e18000 	C:\WINDOWS\System32\NSI.dll
0x00007ff8985e0000 - 0x00007ff8985f6000 	C:\WINDOWS\SYSTEM32\dhcpcsvc6.DLL
0x00007ff8985c0000 - 0x00007ff8985dc000 	C:\WINDOWS\SYSTEM32\dhcpcsvc.DLL
0x00007ff8a33d0000 - 0x00007ff8a349a000 	C:\WINDOWS\SYSTEM32\DNSAPI.dll
0x00007ff8804a0000 - 0x00007ff8804c3000 	C:\Program Files\Java\jdk-10.0.2\bin\javafx_iio.dll

dbghelp: loaded successfully - version: 4.0.5 - missing functions: none
symbol engine: initialized successfully - sym options: 0x614 - pdb path: .;C:\Program Files\Java\jdk-13.0.2\bin;C:\WINDOWS\SYSTEM32;C:\WINDOWS\WinSxS\amd64_microsoft.windows.common-controls_6595b64144ccf1df_6.0.18362.657_none_e6c5b579130e3898;C:\Program Files\Java\jdk-13.0.2\bin\server;C:\Program Files\Java\jdk-10.0.2\bin;C:\WINDOWS\System32\DriverStore\FileRepository\ki126950.inf_amd64_fa7f56314967630d;C:\WINDOWS\System32\DriverStore\FileRepository\nvhmi.inf_amd64_9e24ff9df684f93e;C:\Program Files\Common Files\Microsoft Shared\Ink

VM Arguments:
jvm_args: -agentlib:jdwp=transport=dt_socket,address=127.0.0.1:51396,suspend=y,server=n --add-modules=javafx.base,javafx.graphics --add-reads=javafx.base=ALL-UNNAMED --add-reads=javafx.graphics=ALL-UNNAMED -javaagent:C:\Users\ALIS~1\AppData\Local\Temp\captureAgentjars\debugger-agent.jar -Dfile.encoding=UTF-8 --module-path=C:\Users\Ali S\.m2\repository\org\openjfx\javafx-base\12\javafx-base-12-win.jar;C:\Users\Ali S\.m2\repository\org\openjfx\javafx-graphics\12\javafx-graphics-12-win.jar;A:\AIUS\Project_AIUS\target\classes;C:\Users\Ali S\.m2\repository\org\openjfx\javafx-web\12\javafx-web-12.jar;C:\Users\Ali S\.m2\repository\org\openjfx\javafx-web\12\javafx-web-12-win.jar;C:\Users\Ali S\.m2\repository\org\openjfx\javafx-media\12\javafx-media-12.jar;C:\Users\Ali S\.m2\repository\org\openjfx\javafx-media\12\javafx-media-12-win.jar;C:\Users\Ali S\.m2\repository\org\openjfx\javafx-graphics\12\javafx-graphics-12.jar;C:\Users\Ali S\.m2\repository\org\openjfx\javafx-base\12\javafx-base-12.jar;C:\Users\Ali S\.m2\repository\org\openjfx\javafx-controls\12\javafx-controls-12.jar;C:\Users\Ali S\.m2\repository\org\openjfx\javafx-controls\12\javafx-controls-12-win.jar;C:\Users\Ali S\.m2\repository\org\openjfx\javafx-fxml\12\javafx-fxml-12.jar;C:\Users\Ali S\.m2\repository\org\openjfx\javafx-fxml\12\javafx-fxml-12-win.jar;C:\Users\Ali S\.m2\repository\com\jfoenix\jfoenix\9.0.9\jfoenix-9.0.9.jar;C:\Users\Ali S\.m2\repository\org\kordamp\ikonli\ikonli-elusive-pack\11.0.2\ikonli-elusive-pack-11.0.2.jar;C:\Users\Ali S\.m2\repository\org\kordamp\ikonli\ikonli-core\11.0.2\ikonli-core-11.0.2.jar;C:\Users\Ali S\.m2\repository\org\kordamp\ikonli\ikonli-javafx\11.3.5\ikonli-javafx-11.3.5.jar;C:\Users\Ali S\.m2\repository\org\kordamp\ikonli\ikonli-entypo-pack\11.3.5\ikonli-entypo-pack-11.3.5.jar;C:\Users\Ali S\.m2\repository\eu\hansolo\medusa\11.2\Medusa-11.2.jar;C:\Users\Ali S\.m2\repository\eu\hansolo\tilesfx\11.31\tilesfx-11.31.jar;C:\Users\Ali S\.m2\repository\com\googlecode\json-simple\json-simple\1.1.1\json-simple-1.1.1.jar;C:\Users\Ali S\.m2\repository\junit\junit\4.10\junit-4.10.jar;C:\Users\Ali S\.m2\repository\com\github\oshi\oshi-core\4.4.2\oshi-core-4.4.2.jar;C:\Users\Ali S\.m2\repository\net\java\dev\jna\jna\5.5.0\jna-5.5.0.jar;C:\Users\Ali S\.m2\repository\net\java\dev\jna\jna-plat-Djdk.module.main=Project_AIUS 
java_command: Project_AIUS/Project_AIUS.application.APP
java_class_path (initial): A:\Programme\IntelliJ IDEA 2019.3.3\lib\idea_rt.jar
Launcher Type: SUN_STANDARD

[Global flags]
     intx CICompilerCount                          = 3                                         {product} {ergonomic}
     uint ConcGCThreads                            = 1                                         {product} {ergonomic}
     uint G1ConcRefinementThreads                  = 4                                         {product} {ergonomic}
   size_t G1HeapRegionSize                         = 1048576                                   {product} {ergonomic}
    uintx GCDrainStackTargetSize                   = 64                                        {product} {ergonomic}
   size_t InitialHeapSize                          = 134217728                                 {product} {ergonomic}
   size_t MarkStackSize                            = 4194304                                   {product} {ergonomic}
   size_t MaxHeapSize                              = 2118123520                                {product} {ergonomic}
   size_t MaxNewSize                               = 1270874112                                {product} {ergonomic}
   size_t MinHeapDeltaBytes                        = 1048576                                   {product} {ergonomic}
   size_t MinHeapSize                              = 8388608                                   {product} {ergonomic}
    uintx NonNMethodCodeHeapSize                   = 5832780                                {pd product} {ergonomic}
    uintx NonProfiledCodeHeapSize                  = 122912730                              {pd product} {ergonomic}
    uintx ProfiledCodeHeapSize                     = 122912730                              {pd product} {ergonomic}
    uintx ReservedCodeCacheSize                    = 251658240                              {pd product} {ergonomic}
     bool SegmentedCodeCache                       = true                                      {product} {ergonomic}
   size_t SoftMaxHeapSize                          = 2118123520                             {manageable} {ergonomic}
     bool UseCompressedClassPointers               = true                                 {lp64_product} {ergonomic}
     bool UseCompressedOops                        = true                                 {lp64_product} {ergonomic}
     bool UseG1GC                                  = true                                      {product} {ergonomic}
     bool UseLargePagesIndividualAllocation        = false                                  {pd product} {ergonomic}

Logging:
Log output configuration:
 #0: stdout all=warning uptime,level,tags
 #1: stderr all=off uptime,level,tags

Environment Variables:
JAVA_HOME=C:\Program Files\Java\jdk-11.0.6\bin
PATH=C:\Program Files\Java\jdk-11.0.6\bin;C:\Program Files (x86)\Intel\Intel(R) Management Engine Components\iCLS\;C:\Program Files\Intel\Intel(R) Management Engine Components\iCLS\;C:\Windows\system32;C:\Windows;C:\Windows\System32\Wbem;C:\Windows\System32\WindowsPowerShell\v1.0\;C:\Windows\System32\OpenSSH\;C:\Program Files (x86)\Intel\Intel(R) Management Engine Components\DAL;C:\Program Files\Intel\Intel(R) Management Engine Components\DAL;C:\Program Files (x86)\Intel\Intel(R) Management Engine Components\IPT;C:\Program Files\Intel\Intel(R) Management Engine Components\IPT;C:\Program Files (x86)\NVIDIA Corporation\PhysX\Common;C:\Program Files\Git\cmd;C:\Program Files\Java\jdk-10.0.2\bin;A:\Programme\PuTTY\;C:\WINDOWS\system32;C:\WINDOWS;C:\WINDOWS\System32\Wbem;C:\WINDOWS\System32\WindowsPowerShell\v1.0\;C:\WINDOWS\System32\OpenSSH\;A:\Programme\AOMEI Backupper;C:\Program Files\Microsoft SQL Server\130\Tools\Binn\;C:\Program Files\Java\maven\apache-maven-3.6.2\bin;A:\Programme\MikTex\miktex\bin\x64\;A:\Programme\Angular\;C:\Program Files\NVIDIA Corporation\NVIDIA NvDLISR;C:\Users\Ali S\AppData\Local\Programs\Python\Launcher\;C:\Users\Ali S\AppData\Local\Microsoft\WindowsApps;A:\Programme\Docker Toolbox\Docker Toolbox;C:\Users\Ali S\AppData\Local\atom\bin;C:\Users\Ali S\AppData\Local\GitHubDesktop\bin;A:\Programme\snap\snap\bin;C:\Users\Ali S\AppData\Local\Microsoft\WindowsApps;C:\Users\Ali S\AppData\Roaming\npm;A:\Programme\Microsoft VS Code\bin
USERNAME=Ali S
OS=Windows_NT
PROCESSOR_IDENTIFIER=Intel64 Family 6 Model 158 Stepping 9, GenuineIntel



---------------  S Y S T E M  ---------------

OS: Windows 10 , 64 bit Build 18362 (10.0.18362.329)

CPU:total 4 (initial active 4) (4 cores per cpu, 1 threads per core) family 6 model 158 stepping 9, cmov, cx8, fxsr, mmx, sse, sse2, sse3, ssse3, sse4.1, sse4.2, popcnt, avx, avx2, aes, clmul, erms, 3dnowpref, lzcnt, tsc, tscinvbit, bmi1, bmi2, adx, fma

Memory: 4k page, system-wide physical 8077M (2976M free)
TotalPageFile size 12173M (AvailPageFile size 3446M)
current process WorkingSet (physical memory assigned to process): 349M, peak: 349M
current process commit charge ("private bytes"): 546M, peak: 546M

vm_info: Java HotSpot(TM) 64-Bit Server VM (13.0.2+8) for windows-amd64 JRE (13.0.2+8), built on Dec 11 2019 09:20:33 by "mach5one" with unknown MS VC++:1916

END.
