2020-06-14 12:45:49,536 [INFO] from akka.event.slf4j.Slf4jLogger in application-akka.actor.default-dispatcher-5 - Slf4jLogger started
2020-06-14 12:45:49,787 [INFO] from com.jpro.activity in Thread-0 - Starting the server
2020-06-14 12:45:49,787 [INFO] from com.jpro.internal.server.Initializer$ in Thread-0 -  *** Starting JPro: https://www.jpro.one/ ***
2020-06-14 12:45:49,787 [INFO] from com.jpro.internal.server.Initializer$ in Thread-0 - OS: Windows 10
2020-06-14 12:45:49,797 [INFO] from com.jpro.internal.server.Initializer$ in Thread-0 - JPro: 2019.2.4
2020-06-14 12:45:49,797 [INFO] from com.jpro.internal.server.Initializer$ in Thread-0 - Java version: 12.0.2
2020-06-14 12:45:49,797 [INFO] from com.jpro.internal.server.Initializer$ in Thread-0 - JVM: 12.0.2 Oracle Corporation
2020-06-14 12:45:49,817 [INFO] from com.jpro.internal.server.Initializer$ in Thread-0 - redirected OUT / ERR
2020-06-14 12:45:49,817 [INFO] from com.jpro.internal.server.Initializer$ in Thread-0 - installed SLF4JBridge
2020-06-14 12:45:49,845 [INFO] from com.jpro.internal.server.MonocleInitializer$ in Thread-0 - screen: null
2020-06-14 12:45:50,520 [INFO] from com.jpro.internal.server.Initializer$ in Thread-0 - finished init!
2020-06-14 12:45:50,520 [INFO] from com.jpro.internal.server.Initializer$ in JavaFX Application Thread - JavaFX version: 11.0.3.4-jpro+0-2019-12-20-085014
2020-06-14 12:45:50,577 [INFO] from com.jpro.internal.chart.model.ChartJSONImExporter in JavaFX Application Thread - Nothing to import
2020-06-14 12:45:50,581 [INFO] from com.jpro.internal.chart.model.DynamicDataModel in JavaFX Application Thread - Started Monitoring chart data...
2020-06-14 12:45:50,881 [INFO] from play.api.Play in Thread-0 - Application started (Prod)
2020-06-14 12:45:51,483 [INFO] from play.core.server.AkkaHttpServer in Thread-0 - Listening for HTTP on /0:0:0:0:0:0:0:0:8080
2020-06-14 12:45:53,307 [INFO] from controllers.jpro in application-akka.actor.default-dispatcher-6 - application requested: 0!default
2020-06-14 12:45:53,364 [INFO] from controllers.jpro in application-akka.actor.default-dispatcher-6 - Creating Application: 0!default
2020-06-14 12:45:53,372 [INFO] from controllers.jpro in application-akka.actor.default-dispatcher-6 - remoteAddress 0:0:0:0:0:0:0:1
2020-06-14 12:45:53,372 [INFO] from controllers.jpro in application-akka.actor.default-dispatcher-6 - host          localhost:8080
2020-06-14 12:45:53,373 [INFO] from controllers.jpro in application-akka.actor.default-dispatcher-6 - uri           /app/0!default
2020-06-14 12:45:53,669 [ERROR] from com.jpro.internal.server.ViewSerializerActor in JavaFX Application Thread - JavaFXStreamer - got Exception: 
java.lang.ClassNotFoundException: com.jpro.hellojpro.HelloJProFXML
	at java.base/jdk.internal.loader.BuiltinClassLoader.loadClass(BuiltinClassLoader.java:583)
	at java.base/jdk.internal.loader.ClassLoaders$AppClassLoader.loadClass(ClassLoaders.java:178)
	at java.base/java.lang.ClassLoader.loadClass(ClassLoader.java:521)
	at simplefx.util.ReflectionUtil.loadClass(ReflectionUtil.scala:38)
	at simplefx.util.ReflectionUtil.callNew(ReflectionUtil.scala:103)
	at com.jpro.internal.config.ApplicationStarter$.startApplication(ApplicationStarter.scala:111)
	at com.jpro.internal.config.ApplicationStarter$.requestApplication(ApplicationStarter.scala:97)
	at com.jpro.internal.config.ApplicationStarter$.getApplication(ApplicationStarter.scala:63)
	at com.jpro.internal.communicator.ViewImpl.<init>(ViewImpl.scala:29)
	at com.jpro.internal.server.ViewByActor.<init>(ViewSerializerActor.scala:82)
	at com.jpro.internal.server.ViewSerializerActor$$anonfun$receive$1$$anonfun$applyOrElse$1.$anonfun$applyOrElse$2(ViewSerializerActor.scala:50)
	at scala.runtime.java8.JFunction0$mcV$sp.apply(JFunction0$mcV$sp.java:23)
	at simplefx.util.Predef$.$anonfun$runInAndBlock$1(Predef.scala:184)
	at scala.runtime.java8.JFunction0$mcV$sp.apply(JFunction0$mcV$sp.java:23)
	at simplefx.cores.standard.parts.CoreTimeEvent.$anonfun$runAsAnimation$1(CoreTimeEvent.scala:64)
	at simplefx.cores.standard.parts.CoreTimeEvent$$anon$2.handle(CoreTimeEvent.scala:46)
	at javafx.animation.AnimationTimer$AnimationTimerReceiver.lambda$handle$0(AnimationTimer.java:57)
	at java.base/java.security.AccessController.doPrivileged(AccessController.java:389)
	at javafx.animation.AnimationTimer$AnimationTimerReceiver.handle(AnimationTimer.java:56)
	at com.sun.scenario.animation.AbstractMasterTimer.timePulseImpl(AbstractMasterTimer.java:357)
	at com.sun.scenario.animation.AbstractMasterTimer$MainLoop.run(AbstractMasterTimer.java:267)
	at com.sun.javafx.tk.quantum.QuantumToolkit.pulse(QuantumToolkit.java:525)
	at com.sun.javafx.tk.quantum.QuantumToolkit.pulse(QuantumToolkit.java:509)
	at com.sun.javafx.tk.quantum.QuantumToolkit.pulseFromQueue(QuantumToolkit.java:502)
	at com.sun.javafx.tk.quantum.QuantumToolkit.lambda$runToolkit$12(QuantumToolkit.java:326)
	at com.sun.glass.ui.monocle.RunnableProcessor.runLoop(RunnableProcessor.java:92)
	at com.sun.glass.ui.monocle.RunnableProcessor.run(RunnableProcessor.java:51)
	at java.base/java.lang.Thread.run(Thread.java:835)
2020-06-14 12:46:57,028 [INFO] from controllers.jpro in application-akka.actor.default-dispatcher-7 - application requested: 0!default
2020-06-14 12:46:57,028 [INFO] from controllers.jpro in application-akka.actor.default-dispatcher-7 - Creating Application: 0!default
2020-06-14 12:46:57,029 [INFO] from controllers.jpro in application-akka.actor.default-dispatcher-7 - remoteAddress 0:0:0:0:0:0:0:1
2020-06-14 12:46:57,029 [INFO] from controllers.jpro in application-akka.actor.default-dispatcher-7 - host          localhost:8080
2020-06-14 12:46:57,029 [INFO] from controllers.jpro in application-akka.actor.default-dispatcher-7 - uri           /app/0!default
2020-06-14 12:46:57,090 [ERROR] from com.jpro.internal.server.ViewSerializerActor in JavaFX Application Thread - JavaFXStreamer - got Exception: 
java.lang.ClassNotFoundException: com.jpro.hellojpro.HelloJProFXML
	at java.base/jdk.internal.loader.BuiltinClassLoader.loadClass(BuiltinClassLoader.java:583)
	at java.base/jdk.internal.loader.ClassLoaders$AppClassLoader.loadClass(ClassLoaders.java:178)
	at java.base/java.lang.ClassLoader.loadClass(ClassLoader.java:521)
	at simplefx.util.ReflectionUtil.loadClass(ReflectionUtil.scala:38)
	at simplefx.util.ReflectionUtil.callNew(ReflectionUtil.scala:103)
	at com.jpro.internal.config.ApplicationStarter$.startApplication(ApplicationStarter.scala:111)
	at com.jpro.internal.config.ApplicationStarter$.requestApplication(ApplicationStarter.scala:97)
	at com.jpro.internal.config.ApplicationStarter$.getApplication(ApplicationStarter.scala:63)
	at com.jpro.internal.communicator.ViewImpl.<init>(ViewImpl.scala:29)
	at com.jpro.internal.server.ViewByActor.<init>(ViewSerializerActor.scala:82)
	at com.jpro.internal.server.ViewSerializerActor$$anonfun$receive$1$$anonfun$applyOrElse$1.$anonfun$applyOrElse$2(ViewSerializerActor.scala:50)
	at scala.runtime.java8.JFunction0$mcV$sp.apply(JFunction0$mcV$sp.java:23)
	at simplefx.util.Predef$.$anonfun$runInAndBlock$1(Predef.scala:184)
	at scala.runtime.java8.JFunction0$mcV$sp.apply(JFunction0$mcV$sp.java:23)
	at simplefx.cores.standard.parts.CoreTimeEvent.$anonfun$runAsAnimation$1(CoreTimeEvent.scala:64)
	at simplefx.cores.standard.parts.CoreTimeEvent$$anon$2.handle(CoreTimeEvent.scala:46)
	at javafx.animation.AnimationTimer$AnimationTimerReceiver.lambda$handle$0(AnimationTimer.java:57)
	at java.base/java.security.AccessController.doPrivileged(AccessController.java:389)
	at javafx.animation.AnimationTimer$AnimationTimerReceiver.handle(AnimationTimer.java:56)
	at com.sun.scenario.animation.AbstractMasterTimer.timePulseImpl(AbstractMasterTimer.java:357)
	at com.sun.scenario.animation.AbstractMasterTimer$MainLoop.run(AbstractMasterTimer.java:267)
	at com.sun.javafx.tk.quantum.QuantumToolkit.pulse(QuantumToolkit.java:525)
	at com.sun.javafx.tk.quantum.QuantumToolkit.pulse(QuantumToolkit.java:509)
	at com.sun.javafx.tk.quantum.QuantumToolkit.pulseFromQueue(QuantumToolkit.java:502)
	at com.sun.javafx.tk.quantum.QuantumToolkit.lambda$runToolkit$12(QuantumToolkit.java:326)
	at com.sun.glass.ui.monocle.RunnableProcessor.runLoop(RunnableProcessor.java:92)
	at com.sun.glass.ui.monocle.RunnableProcessor.run(RunnableProcessor.java:51)
	at java.base/java.lang.Thread.run(Thread.java:835)
2020-06-14 12:48:48,323 [INFO] from controllers.jpro in application-akka.actor.default-dispatcher-10 - application requested: 0!default
2020-06-14 12:48:48,324 [INFO] from controllers.jpro in application-akka.actor.default-dispatcher-10 - Creating Application: 0!default
2020-06-14 12:48:48,324 [INFO] from controllers.jpro in application-akka.actor.default-dispatcher-10 - remoteAddress 0:0:0:0:0:0:0:1
2020-06-14 12:48:48,324 [INFO] from controllers.jpro in application-akka.actor.default-dispatcher-10 - host          localhost:8080
2020-06-14 12:48:48,324 [INFO] from controllers.jpro in application-akka.actor.default-dispatcher-10 - uri           /app/0!default
2020-06-14 12:48:48,374 [ERROR] from com.jpro.internal.server.ViewSerializerActor in JavaFX Application Thread - JavaFXStreamer - got Exception: 
java.lang.ClassNotFoundException: com.jpro.hellojpro.HelloJProFXML
	at java.base/jdk.internal.loader.BuiltinClassLoader.loadClass(BuiltinClassLoader.java:583)
	at java.base/jdk.internal.loader.ClassLoaders$AppClassLoader.loadClass(ClassLoaders.java:178)
	at java.base/java.lang.ClassLoader.loadClass(ClassLoader.java:521)
	at simplefx.util.ReflectionUtil.loadClass(ReflectionUtil.scala:38)
	at simplefx.util.ReflectionUtil.callNew(ReflectionUtil.scala:103)
	at com.jpro.internal.config.ApplicationStarter$.startApplication(ApplicationStarter.scala:111)
	at com.jpro.internal.config.ApplicationStarter$.requestApplication(ApplicationStarter.scala:97)
	at com.jpro.internal.config.ApplicationStarter$.getApplication(ApplicationStarter.scala:63)
	at com.jpro.internal.communicator.ViewImpl.<init>(ViewImpl.scala:29)
	at com.jpro.internal.server.ViewByActor.<init>(ViewSerializerActor.scala:82)
	at com.jpro.internal.server.ViewSerializerActor$$anonfun$receive$1$$anonfun$applyOrElse$1.$anonfun$applyOrElse$2(ViewSerializerActor.scala:50)
	at scala.runtime.java8.JFunction0$mcV$sp.apply(JFunction0$mcV$sp.java:23)
	at simplefx.util.Predef$.$anonfun$runInAndBlock$1(Predef.scala:184)
	at scala.runtime.java8.JFunction0$mcV$sp.apply(JFunction0$mcV$sp.java:23)
	at simplefx.cores.standard.parts.CoreTimeEvent.$anonfun$runAsAnimation$1(CoreTimeEvent.scala:64)
	at simplefx.cores.standard.parts.CoreTimeEvent$$anon$2.handle(CoreTimeEvent.scala:46)
	at javafx.animation.AnimationTimer$AnimationTimerReceiver.lambda$handle$0(AnimationTimer.java:57)
	at java.base/java.security.AccessController.doPrivileged(AccessController.java:389)
	at javafx.animation.AnimationTimer$AnimationTimerReceiver.handle(AnimationTimer.java:56)
	at com.sun.scenario.animation.AbstractMasterTimer.timePulseImpl(AbstractMasterTimer.java:357)
	at com.sun.scenario.animation.AbstractMasterTimer$MainLoop.run(AbstractMasterTimer.java:267)
	at com.sun.javafx.tk.quantum.QuantumToolkit.pulse(QuantumToolkit.java:525)
	at com.sun.javafx.tk.quantum.QuantumToolkit.pulse(QuantumToolkit.java:509)
	at com.sun.javafx.tk.quantum.QuantumToolkit.pulseFromQueue(QuantumToolkit.java:502)
	at com.sun.javafx.tk.quantum.QuantumToolkit.lambda$runToolkit$12(QuantumToolkit.java:326)
	at com.sun.glass.ui.monocle.RunnableProcessor.runLoop(RunnableProcessor.java:92)
	at com.sun.glass.ui.monocle.RunnableProcessor.run(RunnableProcessor.java:51)
	at java.base/java.lang.Thread.run(Thread.java:835)
2020-06-14 12:50:37,021 [INFO] from akka.event.slf4j.Slf4jLogger in application-akka.actor.default-dispatcher-4 - Slf4jLogger started
2020-06-14 12:50:37,801 [INFO] from com.jpro.activity in Thread-0 - Starting the server
2020-06-14 12:50:37,806 [INFO] from com.jpro.internal.server.Initializer$ in Thread-0 -  *** Starting JPro: https://www.jpro.one/ ***
2020-06-14 12:50:37,811 [INFO] from com.jpro.internal.server.Initializer$ in Thread-0 - OS: Windows 10
2020-06-14 12:50:37,841 [INFO] from com.jpro.internal.server.Initializer$ in Thread-0 - JPro: 2019.2.4
2020-06-14 12:50:37,841 [INFO] from com.jpro.internal.server.Initializer$ in Thread-0 - Java version: 12.0.2
2020-06-14 12:50:37,841 [INFO] from com.jpro.internal.server.Initializer$ in Thread-0 - JVM: 12.0.2 Oracle Corporation
2020-06-14 12:50:37,866 [INFO] from com.jpro.internal.server.Initializer$ in Thread-0 - redirected OUT / ERR
2020-06-14 12:50:37,866 [INFO] from com.jpro.internal.server.Initializer$ in Thread-0 - installed SLF4JBridge
2020-06-14 12:50:37,901 [INFO] from com.jpro.internal.server.MonocleInitializer$ in Thread-0 - screen: null
2020-06-14 12:50:38,908 [INFO] from com.jpro.internal.server.Initializer$ in Thread-0 - finished init!
2020-06-14 12:50:38,908 [INFO] from com.jpro.internal.server.Initializer$ in JavaFX Application Thread - JavaFX version: 11.0.3.4-jpro+0-2019-12-20-085014
2020-06-14 12:50:39,107 [INFO] from com.jpro.internal.chart.model.ChartJSONImExporter in JavaFX Application Thread - Imported chart data Sun Jun 14 12:50:38 CEST 2020
2020-06-14 12:50:39,111 [INFO] from com.jpro.internal.chart.model.DynamicDataModel in JavaFX Application Thread - Started Monitoring chart data...
2020-06-14 12:50:39,305 [INFO] from play.api.Play in Thread-0 - Application started (Prod)
2020-06-14 12:50:39,808 [INFO] from play.core.server.AkkaHttpServer in Thread-0 - Listening for HTTP on /0:0:0:0:0:0:0:0:8080
2020-06-14 12:50:41,461 [INFO] from controllers.jpro in application-akka.actor.default-dispatcher-2 - application requested: 0!default
2020-06-14 12:50:41,496 [INFO] from controllers.jpro in application-akka.actor.default-dispatcher-2 - Creating Application: 0!default
2020-06-14 12:50:41,504 [INFO] from controllers.jpro in application-akka.actor.default-dispatcher-2 - remoteAddress 127.0.0.1
2020-06-14 12:50:41,506 [INFO] from controllers.jpro in application-akka.actor.default-dispatcher-2 - host          localhost:8080
2020-06-14 12:50:41,507 [INFO] from controllers.jpro in application-akka.actor.default-dispatcher-2 - uri           /app/0!default
2020-06-14 12:50:41,860 [ERROR] from com.jpro.internal.server.ViewSerializerActor in JavaFX Application Thread - JavaFXStreamer - got Exception: 
java.lang.ClassNotFoundException: com.jpro.hellojpro.HelloJProFXML
	at java.base/jdk.internal.loader.BuiltinClassLoader.loadClass(BuiltinClassLoader.java:583)
	at java.base/jdk.internal.loader.ClassLoaders$AppClassLoader.loadClass(ClassLoaders.java:178)
	at java.base/java.lang.ClassLoader.loadClass(ClassLoader.java:521)
	at simplefx.util.ReflectionUtil.loadClass(ReflectionUtil.scala:38)
	at simplefx.util.ReflectionUtil.callNew(ReflectionUtil.scala:103)
	at com.jpro.internal.config.ApplicationStarter$.startApplication(ApplicationStarter.scala:111)
	at com.jpro.internal.config.ApplicationStarter$.requestApplication(ApplicationStarter.scala:97)
	at com.jpro.internal.config.ApplicationStarter$.getApplication(ApplicationStarter.scala:63)
	at com.jpro.internal.communicator.ViewImpl.<init>(ViewImpl.scala:29)
	at com.jpro.internal.server.ViewByActor.<init>(ViewSerializerActor.scala:82)
	at com.jpro.internal.server.ViewSerializerActor$$anonfun$receive$1$$anonfun$applyOrElse$1.$anonfun$applyOrElse$2(ViewSerializerActor.scala:50)
	at scala.runtime.java8.JFunction0$mcV$sp.apply(JFunction0$mcV$sp.java:23)
	at simplefx.util.Predef$.$anonfun$runInAndBlock$1(Predef.scala:184)
	at scala.runtime.java8.JFunction0$mcV$sp.apply(JFunction0$mcV$sp.java:23)
	at simplefx.cores.standard.parts.CoreTimeEvent.$anonfun$runAsAnimation$1(CoreTimeEvent.scala:64)
	at simplefx.cores.standard.parts.CoreTimeEvent$$anon$2.handle(CoreTimeEvent.scala:46)
	at javafx.animation.AnimationTimer$AnimationTimerReceiver.lambda$handle$0(AnimationTimer.java:57)
	at java.base/java.security.AccessController.doPrivileged(AccessController.java:389)
	at javafx.animation.AnimationTimer$AnimationTimerReceiver.handle(AnimationTimer.java:56)
	at com.sun.scenario.animation.AbstractMasterTimer.timePulseImpl(AbstractMasterTimer.java:357)
	at com.sun.scenario.animation.AbstractMasterTimer$MainLoop.run(AbstractMasterTimer.java:267)
	at com.sun.javafx.tk.quantum.QuantumToolkit.pulse(QuantumToolkit.java:525)
	at com.sun.javafx.tk.quantum.QuantumToolkit.pulse(QuantumToolkit.java:509)
	at com.sun.javafx.tk.quantum.QuantumToolkit.pulseFromQueue(QuantumToolkit.java:502)
	at com.sun.javafx.tk.quantum.QuantumToolkit.lambda$runToolkit$12(QuantumToolkit.java:326)
	at com.sun.glass.ui.monocle.RunnableProcessor.runLoop(RunnableProcessor.java:92)
	at com.sun.glass.ui.monocle.RunnableProcessor.run(RunnableProcessor.java:51)
	at java.base/java.lang.Thread.run(Thread.java:835)
2020-06-14 13:10:32,855 [INFO] from akka.event.slf4j.Slf4jLogger in application-akka.actor.default-dispatcher-2 - Slf4jLogger started
2020-06-14 13:10:33,704 [INFO] from com.jpro.activity in Thread-0 - Starting the server
2020-06-14 13:10:33,704 [INFO] from com.jpro.internal.server.Initializer$ in Thread-0 -  *** Starting JPro: https://www.jpro.one/ ***
2020-06-14 13:10:33,704 [INFO] from com.jpro.internal.server.Initializer$ in Thread-0 - OS: Windows 10
2020-06-14 13:10:33,720 [INFO] from com.jpro.internal.server.Initializer$ in Thread-0 - JPro: 2019.2.4
2020-06-14 13:10:33,720 [INFO] from com.jpro.internal.server.Initializer$ in Thread-0 - Java version: 12.0.2
2020-06-14 13:10:33,720 [INFO] from com.jpro.internal.server.Initializer$ in Thread-0 - JVM: 12.0.2 Oracle Corporation
2020-06-14 13:10:33,740 [INFO] from com.jpro.internal.server.Initializer$ in Thread-0 - redirected OUT / ERR
2020-06-14 13:10:33,740 [INFO] from com.jpro.internal.server.Initializer$ in Thread-0 - installed SLF4JBridge
2020-06-14 13:10:33,764 [INFO] from com.jpro.internal.server.MonocleInitializer$ in Thread-0 - screen: null
2020-06-14 13:10:34,463 [INFO] from com.jpro.internal.server.Initializer$ in Thread-0 - finished init!
2020-06-14 13:10:34,463 [INFO] from com.jpro.internal.server.Initializer$ in JavaFX Application Thread - JavaFX version: 11.0.3.4-jpro+0-2019-12-20-085014
2020-06-14 13:10:34,847 [INFO] from com.jpro.internal.chart.model.ChartJSONImExporter in JavaFX Application Thread - Imported chart data Sun Jun 14 13:10:34 CEST 2020
2020-06-14 13:10:34,853 [INFO] from com.jpro.internal.chart.model.DynamicDataModel in JavaFX Application Thread - Started Monitoring chart data...
2020-06-14 13:10:35,183 [INFO] from play.api.Play in Thread-0 - Application started (Prod)
2020-06-14 13:10:36,025 [INFO] from play.core.server.AkkaHttpServer in Thread-0 - Listening for HTTP on /0:0:0:0:0:0:0:0:8080
2020-06-14 13:10:37,647 [WARN] from controllers.jpro in application-akka.actor.default-dispatcher-8 - jpro.plainFile - Couldn't get resource for: 'jpro/html/favicon.ico'
2020-06-14 13:10:37,701 [INFO] from controllers.jpro in application-akka.actor.default-dispatcher-7 - application requested: 0!undefined
2020-06-14 13:10:37,707 [WARN] from controllers.jpro in application-akka.actor.default-dispatcher-7 - The requested application "0!undefined" does not exist!
2020-06-14 13:10:40,817 [INFO] from controllers.jpro in application-akka.actor.default-dispatcher-4 - application requested: 0!undefined
2020-06-14 13:10:40,818 [WARN] from controllers.jpro in application-akka.actor.default-dispatcher-4 - The requested application "0!undefined" does not exist!
2020-06-14 13:11:03,279 [INFO] from controllers.jpro in application-akka.actor.default-dispatcher-10 - application requested: 0!undefined
2020-06-14 13:11:03,281 [WARN] from controllers.jpro in application-akka.actor.default-dispatcher-10 - The requested application "0!undefined" does not exist!
2020-06-14 13:12:14,674 [INFO] from akka.event.slf4j.Slf4jLogger in application-akka.actor.default-dispatcher-2 - Slf4jLogger started
2020-06-14 13:12:14,895 [INFO] from com.jpro.activity in Thread-0 - Starting the server
2020-06-14 13:12:14,900 [INFO] from com.jpro.internal.server.Initializer$ in Thread-0 -  *** Starting JPro: https://www.jpro.one/ ***
2020-06-14 13:12:14,900 [INFO] from com.jpro.internal.server.Initializer$ in Thread-0 - OS: Windows 10
2020-06-14 13:12:14,910 [INFO] from com.jpro.internal.server.Initializer$ in Thread-0 - JPro: 2019.2.4
2020-06-14 13:12:14,910 [INFO] from com.jpro.internal.server.Initializer$ in Thread-0 - Java version: 12.0.2
2020-06-14 13:12:14,910 [INFO] from com.jpro.internal.server.Initializer$ in Thread-0 - JVM: 12.0.2 Oracle Corporation
2020-06-14 13:12:14,930 [INFO] from com.jpro.internal.server.Initializer$ in Thread-0 - redirected OUT / ERR
2020-06-14 13:12:14,930 [INFO] from com.jpro.internal.server.Initializer$ in Thread-0 - installed SLF4JBridge
2020-06-14 13:12:14,955 [INFO] from com.jpro.internal.server.MonocleInitializer$ in Thread-0 - screen: null
2020-06-14 13:12:15,490 [INFO] from com.jpro.internal.server.Initializer$ in Thread-0 - finished init!
2020-06-14 13:12:15,490 [INFO] from com.jpro.internal.server.Initializer$ in JavaFX Application Thread - JavaFX version: 11.0.3.4-jpro+0-2019-12-20-085014
2020-06-14 13:12:15,716 [INFO] from com.jpro.internal.chart.model.ChartJSONImExporter in JavaFX Application Thread - Imported chart data Sun Jun 14 13:12:15 CEST 2020
2020-06-14 13:12:15,719 [INFO] from com.jpro.internal.chart.model.DynamicDataModel in JavaFX Application Thread - Started Monitoring chart data...
2020-06-14 13:12:15,909 [INFO] from play.api.Play in Thread-0 - Application started (Prod)
2020-06-14 13:12:16,426 [INFO] from play.core.server.AkkaHttpServer in Thread-0 - Listening for HTTP on /0:0:0:0:0:0:0:0:8080
2020-06-14 13:12:17,331 [INFO] from controllers.jpro in application-akka.actor.default-dispatcher-8 - application requested: 0!undefined
2020-06-14 13:12:17,344 [WARN] from controllers.jpro in application-akka.actor.default-dispatcher-8 - The requested application "0!undefined" does not exist!
2020-06-14 13:12:52,945 [INFO] from akka.event.slf4j.Slf4jLogger in application-akka.actor.default-dispatcher-3 - Slf4jLogger started
2020-06-14 13:12:53,165 [INFO] from com.jpro.activity in Thread-0 - Starting the server
2020-06-14 13:12:53,165 [INFO] from com.jpro.internal.server.Initializer$ in Thread-0 -  *** Starting JPro: https://www.jpro.one/ ***
2020-06-14 13:12:53,165 [INFO] from com.jpro.internal.server.Initializer$ in Thread-0 - OS: Windows 10
2020-06-14 13:12:53,175 [INFO] from com.jpro.internal.server.Initializer$ in Thread-0 - JPro: 2019.2.4
2020-06-14 13:12:53,175 [INFO] from com.jpro.internal.server.Initializer$ in Thread-0 - Java version: 12.0.2
2020-06-14 13:12:53,175 [INFO] from com.jpro.internal.server.Initializer$ in Thread-0 - JVM: 12.0.2 Oracle Corporation
2020-06-14 13:12:53,194 [INFO] from com.jpro.internal.server.Initializer$ in Thread-0 - redirected OUT / ERR
2020-06-14 13:12:53,199 [INFO] from com.jpro.internal.server.Initializer$ in Thread-0 - installed SLF4JBridge
2020-06-14 13:12:53,215 [INFO] from com.jpro.internal.server.MonocleInitializer$ in Thread-0 - screen: null
2020-06-14 13:12:53,732 [INFO] from com.jpro.internal.server.Initializer$ in Thread-0 - finished init!
2020-06-14 13:12:53,732 [INFO] from com.jpro.internal.server.Initializer$ in JavaFX Application Thread - JavaFX version: 11.0.3.4-jpro+0-2019-12-20-085014
2020-06-14 13:12:53,980 [INFO] from com.jpro.internal.chart.model.ChartJSONImExporter in JavaFX Application Thread - Imported chart data Sun Jun 14 13:12:53 CEST 2020
2020-06-14 13:12:53,983 [INFO] from com.jpro.internal.chart.model.DynamicDataModel in JavaFX Application Thread - Started Monitoring chart data...
2020-06-14 13:12:54,166 [INFO] from play.api.Play in Thread-0 - Application started (Prod)
2020-06-14 13:12:54,661 [INFO] from play.core.server.AkkaHttpServer in Thread-0 - Listening for HTTP on /0:0:0:0:0:0:0:0:8080
2020-06-14 13:12:55,719 [INFO] from controllers.jpro in application-akka.actor.default-dispatcher-7 - application requested: 0!undefined
2020-06-14 13:12:55,728 [WARN] from controllers.jpro in application-akka.actor.default-dispatcher-7 - The requested application "0!undefined" does not exist!
2020-06-14 13:12:58,202 [INFO] from controllers.jpro in application-akka.actor.default-dispatcher-7 - application requested: 0!undefined
2020-06-14 13:12:58,202 [WARN] from controllers.jpro in application-akka.actor.default-dispatcher-7 - The requested application "0!undefined" does not exist!
2020-06-14 13:13:00,034 [INFO] from controllers.jpro in application-akka.actor.default-dispatcher-8 - application requested: 0!undefined
2020-06-14 13:13:00,035 [WARN] from controllers.jpro in application-akka.actor.default-dispatcher-8 - The requested application "0!undefined" does not exist!
2020-06-14 13:13:29,729 [INFO] from akka.event.slf4j.Slf4jLogger in application-akka.actor.default-dispatcher-2 - Slf4jLogger started
2020-06-14 13:13:30,415 [INFO] from com.jpro.activity in Thread-0 - Starting the server
2020-06-14 13:13:30,415 [INFO] from com.jpro.internal.server.Initializer$ in Thread-0 -  *** Starting JPro: https://www.jpro.one/ ***
2020-06-14 13:13:30,415 [INFO] from com.jpro.internal.server.Initializer$ in Thread-0 - OS: Windows 10
2020-06-14 13:13:30,425 [INFO] from com.jpro.internal.server.Initializer$ in Thread-0 - JPro: 2019.2.4
2020-06-14 13:13:30,430 [INFO] from com.jpro.internal.server.Initializer$ in Thread-0 - Java version: 12.0.2
2020-06-14 13:13:30,430 [INFO] from com.jpro.internal.server.Initializer$ in Thread-0 - JVM: 12.0.2 Oracle Corporation
2020-06-14 13:13:30,450 [INFO] from com.jpro.internal.server.Initializer$ in Thread-0 - redirected OUT / ERR
2020-06-14 13:13:30,450 [INFO] from com.jpro.internal.server.Initializer$ in Thread-0 - installed SLF4JBridge
2020-06-14 13:13:30,475 [INFO] from com.jpro.internal.server.MonocleInitializer$ in Thread-0 - screen: null
2020-06-14 13:13:30,992 [INFO] from com.jpro.internal.server.Initializer$ in Thread-0 - finished init!
2020-06-14 13:13:30,992 [INFO] from com.jpro.internal.server.Initializer$ in JavaFX Application Thread - JavaFX version: 11.0.3.4-jpro+0-2019-12-20-085014
2020-06-14 13:13:31,237 [INFO] from com.jpro.internal.chart.model.ChartJSONImExporter in JavaFX Application Thread - Imported chart data Sun Jun 14 13:13:30 CEST 2020
2020-06-14 13:13:31,241 [INFO] from com.jpro.internal.chart.model.DynamicDataModel in JavaFX Application Thread - Started Monitoring chart data...
2020-06-14 13:13:31,432 [INFO] from play.api.Play in Thread-0 - Application started (Prod)
2020-06-14 13:13:31,932 [INFO] from play.core.server.AkkaHttpServer in Thread-0 - Listening for HTTP on /0:0:0:0:0:0:0:0:8080
2020-06-14 13:13:32,903 [WARN] from controllers.jpro in application-akka.actor.default-dispatcher-2 - jpro.plainFile - Couldn't get resource for: 'jpro/html/favicon.ico'
2020-06-14 13:13:34,915 [INFO] from controllers.jpro in application-akka.actor.default-dispatcher-4 - application requested: 0!undefined
2020-06-14 13:13:34,925 [WARN] from controllers.jpro in application-akka.actor.default-dispatcher-4 - The requested application "0!undefined" does not exist!
2020-06-14 13:14:06,795 [INFO] from akka.event.slf4j.Slf4jLogger in application-akka.actor.default-dispatcher-5 - Slf4jLogger started
2020-06-14 13:14:07,575 [INFO] from com.jpro.activity in Thread-0 - Starting the server
2020-06-14 13:14:07,575 [INFO] from com.jpro.internal.server.Initializer$ in Thread-0 -  *** Starting JPro: https://www.jpro.one/ ***
2020-06-14 13:14:07,575 [INFO] from com.jpro.internal.server.Initializer$ in Thread-0 - OS: Windows 10
2020-06-14 13:14:07,610 [INFO] from com.jpro.internal.server.Initializer$ in Thread-0 - JPro: 2019.2.4
2020-06-14 13:14:07,610 [INFO] from com.jpro.internal.server.Initializer$ in Thread-0 - Java version: 12.0.2
2020-06-14 13:14:07,610 [INFO] from com.jpro.internal.server.Initializer$ in Thread-0 - JVM: 12.0.2 Oracle Corporation
2020-06-14 13:14:07,639 [INFO] from com.jpro.internal.server.Initializer$ in Thread-0 - redirected OUT / ERR
2020-06-14 13:14:07,639 [INFO] from com.jpro.internal.server.Initializer$ in Thread-0 - installed SLF4JBridge
2020-06-14 13:14:07,675 [INFO] from com.jpro.internal.server.MonocleInitializer$ in Thread-0 - screen: null
2020-06-14 13:14:08,381 [INFO] from com.jpro.internal.server.Initializer$ in Thread-0 - finished init!
2020-06-14 13:14:08,382 [INFO] from com.jpro.internal.server.Initializer$ in JavaFX Application Thread - JavaFX version: 11.0.3.4-jpro+0-2019-12-20-085014
2020-06-14 13:14:08,643 [INFO] from com.jpro.internal.chart.model.ChartJSONImExporter in JavaFX Application Thread - Imported chart data Sun Jun 14 13:14:08 CEST 2020
2020-06-14 13:14:08,647 [INFO] from com.jpro.internal.chart.model.DynamicDataModel in JavaFX Application Thread - Started Monitoring chart data...
2020-06-14 13:14:08,856 [INFO] from play.api.Play in Thread-0 - Application started (Prod)
2020-06-14 13:14:09,379 [INFO] from play.core.server.AkkaHttpServer in Thread-0 - Listening for HTTP on /0:0:0:0:0:0:0:0:8080
2020-06-14 13:14:10,452 [WARN] from controllers.jpro in application-akka.actor.default-dispatcher-7 - jpro.plainFile - Couldn't get resource for: 'jpro/html/favicon.ico'
2020-06-14 13:14:45,275 [INFO] from akka.event.slf4j.Slf4jLogger in application-akka.actor.default-dispatcher-3 - Slf4jLogger started
2020-06-14 13:14:45,955 [INFO] from com.jpro.activity in Thread-0 - Starting the server
2020-06-14 13:14:45,960 [INFO] from com.jpro.internal.server.Initializer$ in Thread-0 -  *** Starting JPro: https://www.jpro.one/ ***
2020-06-14 13:14:45,960 [INFO] from com.jpro.internal.server.Initializer$ in Thread-0 - OS: Windows 10
2020-06-14 13:14:45,965 [INFO] from com.jpro.internal.server.Initializer$ in Thread-0 - JPro: 2019.2.4
2020-06-14 13:14:45,965 [INFO] from com.jpro.internal.server.Initializer$ in Thread-0 - Java version: 12.0.2
2020-06-14 13:14:45,965 [INFO] from com.jpro.internal.server.Initializer$ in Thread-0 - JVM: 12.0.2 Oracle Corporation
2020-06-14 13:14:45,990 [INFO] from com.jpro.internal.server.Initializer$ in Thread-0 - redirected OUT / ERR
2020-06-14 13:14:45,990 [INFO] from com.jpro.internal.server.Initializer$ in Thread-0 - installed SLF4JBridge
2020-06-14 13:14:46,019 [INFO] from com.jpro.internal.server.MonocleInitializer$ in Thread-0 - screen: null
2020-06-14 13:14:46,570 [INFO] from com.jpro.internal.server.Initializer$ in Thread-0 - finished init!
2020-06-14 13:14:46,570 [INFO] from com.jpro.internal.server.Initializer$ in JavaFX Application Thread - JavaFX version: 11.0.3.4-jpro+0-2019-12-20-085014
2020-06-14 13:14:46,780 [INFO] from com.jpro.internal.chart.model.ChartJSONImExporter in JavaFX Application Thread - Imported chart data Sun Jun 14 13:14:46 CEST 2020
2020-06-14 13:14:46,783 [INFO] from com.jpro.internal.chart.model.DynamicDataModel in JavaFX Application Thread - Started Monitoring chart data...
2020-06-14 13:14:46,981 [INFO] from play.api.Play in Thread-0 - Application started (Prod)
2020-06-14 13:14:47,488 [INFO] from play.core.server.AkkaHttpServer in Thread-0 - Listening for HTTP on /0:0:0:0:0:0:0:0:8080
2020-06-14 13:14:48,493 [WARN] from controllers.jpro in application-akka.actor.default-dispatcher-4 - jpro.plainFile - Couldn't get resource for: 'jpro/html/favicon.ico'
2020-06-14 13:15:27,885 [INFO] from akka.event.slf4j.Slf4jLogger in application-akka.actor.default-dispatcher-2 - Slf4jLogger started
2020-06-14 13:15:28,115 [INFO] from com.jpro.activity in Thread-0 - Starting the server
2020-06-14 13:15:28,115 [INFO] from com.jpro.internal.server.Initializer$ in Thread-0 -  *** Starting JPro: https://www.jpro.one/ ***
2020-06-14 13:15:28,115 [INFO] from com.jpro.internal.server.Initializer$ in Thread-0 - OS: Windows 10
2020-06-14 13:15:28,125 [INFO] from com.jpro.internal.server.Initializer$ in Thread-0 - JPro: 2019.2.4
2020-06-14 13:15:28,125 [INFO] from com.jpro.internal.server.Initializer$ in Thread-0 - Java version: 12.0.2
2020-06-14 13:15:28,125 [INFO] from com.jpro.internal.server.Initializer$ in Thread-0 - JVM: 12.0.2 Oracle Corporation
2020-06-14 13:15:28,142 [INFO] from com.jpro.internal.server.Initializer$ in Thread-0 - redirected OUT / ERR
2020-06-14 13:15:28,142 [INFO] from com.jpro.internal.server.Initializer$ in Thread-0 - installed SLF4JBridge
2020-06-14 13:15:28,155 [INFO] from com.jpro.internal.server.MonocleInitializer$ in Thread-0 - screen: null
2020-06-14 13:15:28,678 [INFO] from com.jpro.internal.server.Initializer$ in Thread-0 - finished init!
2020-06-14 13:15:28,678 [INFO] from com.jpro.internal.server.Initializer$ in JavaFX Application Thread - JavaFX version: 11.0.3.4-jpro+0-2019-12-20-085014
2020-06-14 13:15:28,901 [INFO] from com.jpro.internal.chart.model.ChartJSONImExporter in JavaFX Application Thread - Imported chart data Sun Jun 14 13:15:28 CEST 2020
2020-06-14 13:15:28,904 [INFO] from com.jpro.internal.chart.model.DynamicDataModel in JavaFX Application Thread - Started Monitoring chart data...
2020-06-14 13:15:29,106 [INFO] from play.api.Play in Thread-0 - Application started (Prod)
2020-06-14 13:15:29,594 [INFO] from play.core.server.AkkaHttpServer in Thread-0 - Listening for HTTP on /0:0:0:0:0:0:0:0:8080
2020-06-14 13:15:30,793 [WARN] from controllers.jpro in application-akka.actor.default-dispatcher-8 - jpro.plainFile - Couldn't get resource for: 'jpro/html/favicon.ico'
2020-06-14 13:21:27,736 [INFO] from akka.event.slf4j.Slf4jLogger in application-akka.actor.default-dispatcher-3 - Slf4jLogger started
2020-06-14 13:21:27,963 [INFO] from com.jpro.activity in Thread-0 - Starting the server
2020-06-14 13:21:27,963 [INFO] from com.jpro.internal.server.Initializer$ in Thread-0 -  *** Starting JPro: https://www.jpro.one/ ***
2020-06-14 13:21:27,963 [INFO] from com.jpro.internal.server.Initializer$ in Thread-0 - OS: Windows 10
2020-06-14 13:21:27,976 [INFO] from com.jpro.internal.server.Initializer$ in Thread-0 - JPro: 2019.2.4
2020-06-14 13:21:27,976 [INFO] from com.jpro.internal.server.Initializer$ in Thread-0 - Java version: 12.0.2
2020-06-14 13:21:27,976 [INFO] from com.jpro.internal.server.Initializer$ in Thread-0 - JVM: 12.0.2 Oracle Corporation
2020-06-14 13:21:27,997 [INFO] from com.jpro.internal.server.Initializer$ in Thread-0 - redirected OUT / ERR
2020-06-14 13:21:27,998 [INFO] from com.jpro.internal.server.Initializer$ in Thread-0 - installed SLF4JBridge
2020-06-14 13:21:28,026 [INFO] from com.jpro.internal.server.MonocleInitializer$ in Thread-0 - screen: null
2020-06-14 13:21:28,563 [INFO] from com.jpro.internal.server.Initializer$ in Thread-0 - finished init!
2020-06-14 13:21:28,563 [INFO] from com.jpro.internal.server.Initializer$ in JavaFX Application Thread - JavaFX version: 11.0.3.4-jpro+0-2019-12-20-085014
2020-06-14 13:21:28,781 [INFO] from com.jpro.internal.chart.model.ChartJSONImExporter in JavaFX Application Thread - Imported chart data Sun Jun 14 13:21:28 CEST 2020
2020-06-14 13:21:28,784 [INFO] from com.jpro.internal.chart.model.DynamicDataModel in JavaFX Application Thread - Started Monitoring chart data...
2020-06-14 13:21:29,043 [INFO] from play.api.Play in Thread-0 - Application started (Prod)
2020-06-14 13:21:29,583 [INFO] from play.core.server.AkkaHttpServer in Thread-0 - Listening for HTTP on /0:0:0:0:0:0:0:0:8080
2020-06-14 13:21:30,761 [WARN] from controllers.jpro in application-akka.actor.default-dispatcher-8 - jpro.plainFile - Couldn't get resource for: 'jpro/html/favicon.ico'
2020-06-14 13:23:06,508 [INFO] from akka.event.slf4j.Slf4jLogger in application-akka.actor.default-dispatcher-3 - Slf4jLogger started
2020-06-14 13:23:06,737 [INFO] from com.jpro.activity in Thread-0 - Starting the server
2020-06-14 13:23:06,738 [INFO] from com.jpro.internal.server.Initializer$ in Thread-0 -  *** Starting JPro: https://www.jpro.one/ ***
2020-06-14 13:23:06,738 [INFO] from com.jpro.internal.server.Initializer$ in Thread-0 - OS: Windows 10
2020-06-14 13:23:06,750 [INFO] from com.jpro.internal.server.Initializer$ in Thread-0 - JPro: 2019.2.4
2020-06-14 13:23:06,750 [INFO] from com.jpro.internal.server.Initializer$ in Thread-0 - Java version: 12.0.2
2020-06-14 13:23:06,750 [INFO] from com.jpro.internal.server.Initializer$ in Thread-0 - JVM: 12.0.2 Oracle Corporation
2020-06-14 13:23:06,771 [INFO] from com.jpro.internal.server.Initializer$ in Thread-0 - redirected OUT / ERR
2020-06-14 13:23:06,771 [INFO] from com.jpro.internal.server.Initializer$ in Thread-0 - installed SLF4JBridge
2020-06-14 13:23:06,797 [INFO] from com.jpro.internal.server.MonocleInitializer$ in Thread-0 - screen: null
2020-06-14 13:23:07,342 [INFO] from com.jpro.internal.server.Initializer$ in Thread-0 - finished init!
2020-06-14 13:23:07,342 [INFO] from com.jpro.internal.server.Initializer$ in JavaFX Application Thread - JavaFX version: 11.0.3.4-jpro+0-2019-12-20-085014
2020-06-14 13:23:07,540 [INFO] from com.jpro.internal.chart.model.ChartJSONImExporter in JavaFX Application Thread - Imported chart data Sun Jun 14 13:23:07 CEST 2020
2020-06-14 13:23:07,542 [INFO] from com.jpro.internal.chart.model.DynamicDataModel in JavaFX Application Thread - Started Monitoring chart data...
2020-06-14 13:23:07,733 [INFO] from play.api.Play in Thread-0 - Application started (Prod)
2020-06-14 13:23:08,247 [INFO] from play.core.server.AkkaHttpServer in Thread-0 - Listening for HTTP on /0:0:0:0:0:0:0:0:8080
2020-06-14 13:25:46,192 [INFO] from com.jpro.activity in Thread-20 - Closing the server -> used memory: 27 MB  -  free system memory: 1835 MB
2020-06-14 13:28:14,454 [INFO] from akka.event.slf4j.Slf4jLogger in application-akka.actor.default-dispatcher-2 - Slf4jLogger started
2020-06-14 13:28:15,143 [INFO] from com.jpro.activity in Thread-0 - Starting the server
2020-06-14 13:28:15,144 [INFO] from com.jpro.internal.server.Initializer$ in Thread-0 -  *** Starting JPro: https://www.jpro.one/ ***
2020-06-14 13:28:15,144 [INFO] from com.jpro.internal.server.Initializer$ in Thread-0 - OS: Windows 10
2020-06-14 13:28:15,156 [INFO] from com.jpro.internal.server.Initializer$ in Thread-0 - JPro: 2019.2.4
2020-06-14 13:28:15,156 [INFO] from com.jpro.internal.server.Initializer$ in Thread-0 - Java version: 12.0.2
2020-06-14 13:28:15,156 [INFO] from com.jpro.internal.server.Initializer$ in Thread-0 - JVM: 12.0.2 Oracle Corporation
2020-06-14 13:28:15,178 [INFO] from com.jpro.internal.server.Initializer$ in Thread-0 - redirected OUT / ERR
2020-06-14 13:28:15,178 [INFO] from com.jpro.internal.server.Initializer$ in Thread-0 - installed SLF4JBridge
2020-06-14 13:28:15,203 [INFO] from com.jpro.internal.server.MonocleInitializer$ in Thread-0 - screen: null
2020-06-14 13:28:15,717 [INFO] from com.jpro.internal.server.Initializer$ in Thread-0 - finished init!
2020-06-14 13:28:15,717 [INFO] from com.jpro.internal.server.Initializer$ in JavaFX Application Thread - JavaFX version: 11.0.3.4-jpro+0-2019-12-20-085014
2020-06-14 13:28:15,913 [INFO] from com.jpro.internal.chart.model.ChartJSONImExporter in JavaFX Application Thread - Imported chart data Sun Jun 14 13:28:15 CEST 2020
2020-06-14 13:28:15,916 [INFO] from com.jpro.internal.chart.model.DynamicDataModel in JavaFX Application Thread - Started Monitoring chart data...
2020-06-14 13:28:16,136 [INFO] from play.api.Play in Thread-0 - Application started (Prod)
2020-06-14 13:28:16,618 [INFO] from play.core.server.AkkaHttpServer in Thread-0 - Listening for HTTP on /0:0:0:0:0:0:0:0:8080
2020-06-14 13:28:17,546 [WARN] from controllers.jpro in application-akka.actor.default-dispatcher-2 - jpro.plainFile - Couldn't get resource for: 'jpro/html/favicon.ico'
